num_ret               	query1021	20
num_rel               	query1021	4
num_rel_ret           	query1021	4
map                   	query1021	0.9500
aqwv                  	query1021	0.3013
Rprec                 	query1021	0.7500
bpref                 	query1021	1.0000
recip_rank            	query1021	1.0000
iprec_at_recall_0.00  	query1021	1.0000
iprec_at_recall_0.10  	query1021	1.0000
iprec_at_recall_0.20  	query1021	1.0000
iprec_at_recall_0.30  	query1021	1.0000
iprec_at_recall_0.40  	query1021	1.0000
iprec_at_recall_0.50  	query1021	1.0000
iprec_at_recall_0.60  	query1021	1.0000
iprec_at_recall_0.70  	query1021	1.0000
iprec_at_recall_0.80  	query1021	0.8000
iprec_at_recall_0.90  	query1021	0.8000
iprec_at_recall_1.00  	query1021	0.8000
P_5                   	query1021	0.8000
P_10                  	query1021	0.4000
P_15                  	query1021	0.2667
P_20                  	query1021	0.2000
P_30                  	query1021	0.1333
P_100                 	query1021	0.0400
P_200                 	query1021	0.0200
P_500                 	query1021	0.0080
P_1000                	query1021	0.0040
num_ret               	query1047	20
num_rel               	query1047	2
num_rel_ret           	query1047	2
map                   	query1047	0.8333
aqwv                  	query1047	0.2174
Rprec                 	query1047	0.5000
bpref                 	query1047	1.0000
recip_rank            	query1047	1.0000
iprec_at_recall_0.00  	query1047	1.0000
iprec_at_recall_0.10  	query1047	1.0000
iprec_at_recall_0.20  	query1047	1.0000
iprec_at_recall_0.30  	query1047	1.0000
iprec_at_recall_0.40  	query1047	1.0000
iprec_at_recall_0.50  	query1047	1.0000
iprec_at_recall_0.60  	query1047	0.6667
iprec_at_recall_0.70  	query1047	0.6667
iprec_at_recall_0.80  	query1047	0.6667
iprec_at_recall_0.90  	query1047	0.6667
iprec_at_recall_1.00  	query1047	0.6667
P_5                   	query1047	0.4000
P_10                  	query1047	0.2000
P_15                  	query1047	0.1333
P_20                  	query1047	0.1000
P_30                  	query1047	0.0667
P_100                 	query1047	0.0200
P_200                 	query1047	0.0100
P_500                 	query1047	0.0040
P_1000                	query1047	0.0020
num_ret               	query1068	4
num_rel               	query1068	2
num_rel_ret           	query1068	1
map                   	query1068	0.5000
aqwv                  	query1068	0.3698
Rprec                 	query1068	0.5000
bpref                 	query1068	0.5000
recip_rank            	query1068	1.0000
iprec_at_recall_0.00  	query1068	1.0000
iprec_at_recall_0.10  	query1068	1.0000
iprec_at_recall_0.20  	query1068	1.0000
iprec_at_recall_0.30  	query1068	1.0000
iprec_at_recall_0.40  	query1068	1.0000
iprec_at_recall_0.50  	query1068	1.0000
iprec_at_recall_0.60  	query1068	0.0000
iprec_at_recall_0.70  	query1068	0.0000
iprec_at_recall_0.80  	query1068	0.0000
iprec_at_recall_0.90  	query1068	0.0000
iprec_at_recall_1.00  	query1068	0.0000
P_5                   	query1068	0.2000
P_10                  	query1068	0.1000
P_15                  	query1068	0.0667
P_20                  	query1068	0.0500
P_30                  	query1068	0.0333
P_100                 	query1068	0.0100
P_200                 	query1068	0.0050
P_500                 	query1068	0.0020
P_1000                	query1068	0.0010
num_ret               	query1119	6
num_rel               	query1119	1
num_rel_ret           	query1119	1
map                   	query1119	0.1667
aqwv                  	query1119	0.7831
Rprec                 	query1119	0.0000
bpref                 	query1119	1.0000
recip_rank            	query1119	0.1667
iprec_at_recall_0.00  	query1119	0.1667
iprec_at_recall_0.10  	query1119	0.1667
iprec_at_recall_0.20  	query1119	0.1667
iprec_at_recall_0.30  	query1119	0.1667
iprec_at_recall_0.40  	query1119	0.1667
iprec_at_recall_0.50  	query1119	0.1667
iprec_at_recall_0.60  	query1119	0.1667
iprec_at_recall_0.70  	query1119	0.1667
iprec_at_recall_0.80  	query1119	0.1667
iprec_at_recall_0.90  	query1119	0.1667
iprec_at_recall_1.00  	query1119	0.1667
P_5                   	query1119	0.0000
P_10                  	query1119	0.1000
P_15                  	query1119	0.0667
P_20                  	query1119	0.0500
P_30                  	query1119	0.0333
P_100                 	query1119	0.0100
P_200                 	query1119	0.0050
P_500                 	query1119	0.0020
P_1000                	query1119	0.0010
num_ret               	query1128	15
num_rel               	query1128	1
num_rel_ret           	query1128	1
map                   	query1128	1.0000
aqwv                  	query1128	0.3926
Rprec                 	query1128	1.0000
bpref                 	query1128	1.0000
recip_rank            	query1128	1.0000
iprec_at_recall_0.00  	query1128	1.0000
iprec_at_recall_0.10  	query1128	1.0000
iprec_at_recall_0.20  	query1128	1.0000
iprec_at_recall_0.30  	query1128	1.0000
iprec_at_recall_0.40  	query1128	1.0000
iprec_at_recall_0.50  	query1128	1.0000
iprec_at_recall_0.60  	query1128	1.0000
iprec_at_recall_0.70  	query1128	1.0000
iprec_at_recall_0.80  	query1128	1.0000
iprec_at_recall_0.90  	query1128	1.0000
iprec_at_recall_1.00  	query1128	1.0000
P_5                   	query1128	0.2000
P_10                  	query1128	0.1000
P_15                  	query1128	0.0667
P_20                  	query1128	0.0500
P_30                  	query1128	0.0333
P_100                 	query1128	0.0100
P_200                 	query1128	0.0050
P_500                 	query1128	0.0020
P_1000                	query1128	0.0010
num_ret               	query113	20
num_rel               	query113	3
num_rel_ret           	query113	3
map                   	query113	0.7167
aqwv                  	query113	0.2593
Rprec                 	query113	0.6667
bpref                 	query113	1.0000
recip_rank            	query113	1.0000
iprec_at_recall_0.00  	query113	1.0000
iprec_at_recall_0.10  	query113	1.0000
iprec_at_recall_0.20  	query113	1.0000
iprec_at_recall_0.30  	query113	1.0000
iprec_at_recall_0.40  	query113	1.0000
iprec_at_recall_0.50  	query113	1.0000
iprec_at_recall_0.60  	query113	1.0000
iprec_at_recall_0.70  	query113	1.0000
iprec_at_recall_0.80  	query113	0.1500
iprec_at_recall_0.90  	query113	0.1500
iprec_at_recall_1.00  	query113	0.1500
P_5                   	query113	0.4000
P_10                  	query113	0.2000
P_15                  	query113	0.1333
P_20                  	query113	0.1500
P_30                  	query113	0.1000
P_100                 	query113	0.0300
P_200                 	query113	0.0150
P_500                 	query113	0.0060
P_1000                	query113	0.0030
num_ret               	query114	20
num_rel               	query114	1
num_rel_ret           	query114	0
map                   	query114	0.0000
aqwv                  	query114	0.0000
Rprec                 	query114	0.0000
bpref                 	query114	0.0000
recip_rank            	query114	0.0000
iprec_at_recall_0.00  	query114	0.0000
iprec_at_recall_0.10  	query114	0.0000
iprec_at_recall_0.20  	query114	0.0000
iprec_at_recall_0.30  	query114	0.0000
iprec_at_recall_0.40  	query114	0.0000
iprec_at_recall_0.50  	query114	0.0000
iprec_at_recall_0.60  	query114	0.0000
iprec_at_recall_0.70  	query114	0.0000
iprec_at_recall_0.80  	query114	0.0000
iprec_at_recall_0.90  	query114	0.0000
iprec_at_recall_1.00  	query114	0.0000
P_5                   	query114	0.0000
P_10                  	query114	0.0000
P_15                  	query114	0.0000
P_20                  	query114	0.0000
P_30                  	query114	0.0000
P_100                 	query114	0.0000
P_200                 	query114	0.0000
P_500                 	query114	0.0000
P_1000                	query114	0.0000
num_ret               	query1213	20
num_rel               	query1213	1
num_rel_ret           	query1213	1
map                   	query1213	1.0000
aqwv                  	query1213	0.1757
Rprec                 	query1213	1.0000
bpref                 	query1213	1.0000
recip_rank            	query1213	1.0000
iprec_at_recall_0.00  	query1213	1.0000
iprec_at_recall_0.10  	query1213	1.0000
iprec_at_recall_0.20  	query1213	1.0000
iprec_at_recall_0.30  	query1213	1.0000
iprec_at_recall_0.40  	query1213	1.0000
iprec_at_recall_0.50  	query1213	1.0000
iprec_at_recall_0.60  	query1213	1.0000
iprec_at_recall_0.70  	query1213	1.0000
iprec_at_recall_0.80  	query1213	1.0000
iprec_at_recall_0.90  	query1213	1.0000
iprec_at_recall_1.00  	query1213	1.0000
P_5                   	query1213	0.2000
P_10                  	query1213	0.1000
P_15                  	query1213	0.0667
P_20                  	query1213	0.0500
P_30                  	query1213	0.0333
P_100                 	query1213	0.0100
P_200                 	query1213	0.0050
P_500                 	query1213	0.0020
P_1000                	query1213	0.0010
num_ret               	query1260	2
num_rel               	query1260	1
num_rel_ret           	query1260	0
map                   	query1260	0.0000
aqwv                  	query1260	0.0000
Rprec                 	query1260	0.0000
bpref                 	query1260	0.0000
recip_rank            	query1260	0.0000
iprec_at_recall_0.00  	query1260	0.0000
iprec_at_recall_0.10  	query1260	0.0000
iprec_at_recall_0.20  	query1260	0.0000
iprec_at_recall_0.30  	query1260	0.0000
iprec_at_recall_0.40  	query1260	0.0000
iprec_at_recall_0.50  	query1260	0.0000
iprec_at_recall_0.60  	query1260	0.0000
iprec_at_recall_0.70  	query1260	0.0000
iprec_at_recall_0.80  	query1260	0.0000
iprec_at_recall_0.90  	query1260	0.0000
iprec_at_recall_1.00  	query1260	0.0000
P_5                   	query1260	0.0000
P_10                  	query1260	0.0000
P_15                  	query1260	0.0000
P_20                  	query1260	0.0000
P_30                  	query1260	0.0000
P_100                 	query1260	0.0000
P_200                 	query1260	0.0000
P_500                 	query1260	0.0000
P_1000                	query1260	0.0000
num_ret               	query1276	20
num_rel               	query1276	1
num_rel_ret           	query1276	1
map                   	query1276	1.0000
aqwv                  	query1276	0.1757
Rprec                 	query1276	1.0000
bpref                 	query1276	1.0000
recip_rank            	query1276	1.0000
iprec_at_recall_0.00  	query1276	1.0000
iprec_at_recall_0.10  	query1276	1.0000
iprec_at_recall_0.20  	query1276	1.0000
iprec_at_recall_0.30  	query1276	1.0000
iprec_at_recall_0.40  	query1276	1.0000
iprec_at_recall_0.50  	query1276	1.0000
iprec_at_recall_0.60  	query1276	1.0000
iprec_at_recall_0.70  	query1276	1.0000
iprec_at_recall_0.80  	query1276	1.0000
iprec_at_recall_0.90  	query1276	1.0000
iprec_at_recall_1.00  	query1276	1.0000
P_5                   	query1276	0.2000
P_10                  	query1276	0.1000
P_15                  	query1276	0.0667
P_20                  	query1276	0.0500
P_30                  	query1276	0.0333
P_100                 	query1276	0.0100
P_200                 	query1276	0.0050
P_500                 	query1276	0.0020
P_1000                	query1276	0.0010
num_ret               	query1295	20
num_rel               	query1295	2
num_rel_ret           	query1295	0
map                   	query1295	0.0000
aqwv                  	query1295	0.0000
Rprec                 	query1295	0.0000
bpref                 	query1295	0.0000
recip_rank            	query1295	0.0000
iprec_at_recall_0.00  	query1295	0.0000
iprec_at_recall_0.10  	query1295	0.0000
iprec_at_recall_0.20  	query1295	0.0000
iprec_at_recall_0.30  	query1295	0.0000
iprec_at_recall_0.40  	query1295	0.0000
iprec_at_recall_0.50  	query1295	0.0000
iprec_at_recall_0.60  	query1295	0.0000
iprec_at_recall_0.70  	query1295	0.0000
iprec_at_recall_0.80  	query1295	0.0000
iprec_at_recall_0.90  	query1295	0.0000
iprec_at_recall_1.00  	query1295	0.0000
P_5                   	query1295	0.0000
P_10                  	query1295	0.0000
P_15                  	query1295	0.0000
P_20                  	query1295	0.0000
P_30                  	query1295	0.0000
P_100                 	query1295	0.0000
P_200                 	query1295	0.0000
P_500                 	query1295	0.0000
P_1000                	query1295	0.0000
num_ret               	query1316	4
num_rel               	query1316	2
num_rel_ret           	query1316	2
map                   	query1316	1.0000
aqwv                  	query1316	0.9130
Rprec                 	query1316	1.0000
bpref                 	query1316	1.0000
recip_rank            	query1316	1.0000
iprec_at_recall_0.00  	query1316	1.0000
iprec_at_recall_0.10  	query1316	1.0000
iprec_at_recall_0.20  	query1316	1.0000
iprec_at_recall_0.30  	query1316	1.0000
iprec_at_recall_0.40  	query1316	1.0000
iprec_at_recall_0.50  	query1316	1.0000
iprec_at_recall_0.60  	query1316	1.0000
iprec_at_recall_0.70  	query1316	1.0000
iprec_at_recall_0.80  	query1316	1.0000
iprec_at_recall_0.90  	query1316	1.0000
iprec_at_recall_1.00  	query1316	1.0000
P_5                   	query1316	0.4000
P_10                  	query1316	0.2000
P_15                  	query1316	0.1333
P_20                  	query1316	0.1000
P_30                  	query1316	0.0667
P_100                 	query1316	0.0200
P_200                 	query1316	0.0100
P_500                 	query1316	0.0040
P_1000                	query1316	0.0020
num_ret               	query1428	1
num_rel               	query1428	1
num_rel_ret           	query1428	0
map                   	query1428	0.0000
aqwv                  	query1428	0.0000
Rprec                 	query1428	0.0000
bpref                 	query1428	0.0000
recip_rank            	query1428	0.0000
iprec_at_recall_0.00  	query1428	0.0000
iprec_at_recall_0.10  	query1428	0.0000
iprec_at_recall_0.20  	query1428	0.0000
iprec_at_recall_0.30  	query1428	0.0000
iprec_at_recall_0.40  	query1428	0.0000
iprec_at_recall_0.50  	query1428	0.0000
iprec_at_recall_0.60  	query1428	0.0000
iprec_at_recall_0.70  	query1428	0.0000
iprec_at_recall_0.80  	query1428	0.0000
iprec_at_recall_0.90  	query1428	0.0000
iprec_at_recall_1.00  	query1428	0.0000
P_5                   	query1428	0.0000
P_10                  	query1428	0.0000
P_15                  	query1428	0.0000
P_20                  	query1428	0.0000
P_30                  	query1428	0.0000
P_100                 	query1428	0.0000
P_200                 	query1428	0.0000
P_500                 	query1428	0.0000
P_1000                	query1428	0.0000
num_ret               	query1463	12
num_rel               	query1463	5
num_rel_ret           	query1463	1
map                   	query1463	0.0286
aqwv                  	query1463	-0.2772
Rprec                 	query1463	0.0000
bpref                 	query1463	0.2000
recip_rank            	query1463	0.1429
iprec_at_recall_0.00  	query1463	0.1429
iprec_at_recall_0.10  	query1463	0.1429
iprec_at_recall_0.20  	query1463	0.1429
iprec_at_recall_0.30  	query1463	0.0000
iprec_at_recall_0.40  	query1463	0.0000
iprec_at_recall_0.50  	query1463	0.0000
iprec_at_recall_0.60  	query1463	0.0000
iprec_at_recall_0.70  	query1463	0.0000
iprec_at_recall_0.80  	query1463	0.0000
iprec_at_recall_0.90  	query1463	0.0000
iprec_at_recall_1.00  	query1463	0.0000
P_5                   	query1463	0.0000
P_10                  	query1463	0.1000
P_15                  	query1463	0.0667
P_20                  	query1463	0.0500
P_30                  	query1463	0.0333
P_100                 	query1463	0.0100
P_200                 	query1463	0.0050
P_500                 	query1463	0.0020
P_1000                	query1463	0.0010
num_ret               	query1584	1
num_rel               	query1584	1
num_rel_ret           	query1584	1
map                   	query1584	1.0000
aqwv                  	query1584	1.0000
Rprec                 	query1584	1.0000
bpref                 	query1584	1.0000
recip_rank            	query1584	1.0000
iprec_at_recall_0.00  	query1584	1.0000
iprec_at_recall_0.10  	query1584	1.0000
iprec_at_recall_0.20  	query1584	1.0000
iprec_at_recall_0.30  	query1584	1.0000
iprec_at_recall_0.40  	query1584	1.0000
iprec_at_recall_0.50  	query1584	1.0000
iprec_at_recall_0.60  	query1584	1.0000
iprec_at_recall_0.70  	query1584	1.0000
iprec_at_recall_0.80  	query1584	1.0000
iprec_at_recall_0.90  	query1584	1.0000
iprec_at_recall_1.00  	query1584	1.0000
P_5                   	query1584	0.2000
P_10                  	query1584	0.1000
P_15                  	query1584	0.0667
P_20                  	query1584	0.0500
P_30                  	query1584	0.0333
P_100                 	query1584	0.0100
P_200                 	query1584	0.0050
P_500                 	query1584	0.0020
P_1000                	query1584	0.0010
num_ret               	query1591	4
num_rel               	query1591	4
num_rel_ret           	query1591	3
map                   	query1591	0.7500
aqwv                  	query1591	0.7064
Rprec                 	query1591	0.7500
bpref                 	query1591	0.7500
recip_rank            	query1591	1.0000
iprec_at_recall_0.00  	query1591	1.0000
iprec_at_recall_0.10  	query1591	1.0000
iprec_at_recall_0.20  	query1591	1.0000
iprec_at_recall_0.30  	query1591	1.0000
iprec_at_recall_0.40  	query1591	1.0000
iprec_at_recall_0.50  	query1591	1.0000
iprec_at_recall_0.60  	query1591	1.0000
iprec_at_recall_0.70  	query1591	1.0000
iprec_at_recall_0.80  	query1591	0.0000
iprec_at_recall_0.90  	query1591	0.0000
iprec_at_recall_1.00  	query1591	0.0000
P_5                   	query1591	0.6000
P_10                  	query1591	0.3000
P_15                  	query1591	0.2000
P_20                  	query1591	0.1500
P_30                  	query1591	0.1000
P_100                 	query1591	0.0300
P_200                 	query1591	0.0150
P_500                 	query1591	0.0060
P_1000                	query1591	0.0030
num_ret               	query1618	2
num_rel               	query1618	1
num_rel_ret           	query1618	1
map                   	query1618	1.0000
aqwv                  	query1618	0.9566
Rprec                 	query1618	1.0000
bpref                 	query1618	1.0000
recip_rank            	query1618	1.0000
iprec_at_recall_0.00  	query1618	1.0000
iprec_at_recall_0.10  	query1618	1.0000
iprec_at_recall_0.20  	query1618	1.0000
iprec_at_recall_0.30  	query1618	1.0000
iprec_at_recall_0.40  	query1618	1.0000
iprec_at_recall_0.50  	query1618	1.0000
iprec_at_recall_0.60  	query1618	1.0000
iprec_at_recall_0.70  	query1618	1.0000
iprec_at_recall_0.80  	query1618	1.0000
iprec_at_recall_0.90  	query1618	1.0000
iprec_at_recall_1.00  	query1618	1.0000
P_5                   	query1618	0.2000
P_10                  	query1618	0.1000
P_15                  	query1618	0.0667
P_20                  	query1618	0.0500
P_30                  	query1618	0.0333
P_100                 	query1618	0.0100
P_200                 	query1618	0.0050
P_500                 	query1618	0.0020
P_1000                	query1618	0.0010
num_ret               	query1661	20
num_rel               	query1661	3
num_rel_ret           	query1661	1
map                   	query1661	0.3333
aqwv                  	query1661	-0.4910
Rprec                 	query1661	0.3333
bpref                 	query1661	0.3333
recip_rank            	query1661	1.0000
iprec_at_recall_0.00  	query1661	1.0000
iprec_at_recall_0.10  	query1661	1.0000
iprec_at_recall_0.20  	query1661	1.0000
iprec_at_recall_0.30  	query1661	1.0000
iprec_at_recall_0.40  	query1661	0.0000
iprec_at_recall_0.50  	query1661	0.0000
iprec_at_recall_0.60  	query1661	0.0000
iprec_at_recall_0.70  	query1661	0.0000
iprec_at_recall_0.80  	query1661	0.0000
iprec_at_recall_0.90  	query1661	0.0000
iprec_at_recall_1.00  	query1661	0.0000
P_5                   	query1661	0.2000
P_10                  	query1661	0.1000
P_15                  	query1661	0.0667
P_20                  	query1661	0.0500
P_30                  	query1661	0.0333
P_100                 	query1661	0.0100
P_200                 	query1661	0.0050
P_500                 	query1661	0.0020
P_1000                	query1661	0.0010
num_ret               	query168	16
num_rel               	query168	4
num_rel_ret           	query168	2
map                   	query168	0.1833
aqwv                  	query168	-0.1087
Rprec                 	query168	0.2500
bpref                 	query168	0.5000
recip_rank            	query168	0.3333
iprec_at_recall_0.00  	query168	0.4000
iprec_at_recall_0.10  	query168	0.4000
iprec_at_recall_0.20  	query168	0.4000
iprec_at_recall_0.30  	query168	0.4000
iprec_at_recall_0.40  	query168	0.4000
iprec_at_recall_0.50  	query168	0.4000
iprec_at_recall_0.60  	query168	0.0000
iprec_at_recall_0.70  	query168	0.0000
iprec_at_recall_0.80  	query168	0.0000
iprec_at_recall_0.90  	query168	0.0000
iprec_at_recall_1.00  	query168	0.0000
P_5                   	query168	0.4000
P_10                  	query168	0.2000
P_15                  	query168	0.1333
P_20                  	query168	0.1000
P_30                  	query168	0.0667
P_100                 	query168	0.0200
P_200                 	query168	0.0100
P_500                 	query168	0.0040
P_1000                	query168	0.0020
num_ret               	query1682	8
num_rel               	query1682	4
num_rel_ret           	query1682	3
map                   	query1682	0.3187
aqwv                  	query1682	0.5321
Rprec                 	query1682	0.2500
bpref                 	query1682	0.7500
recip_rank            	query1682	0.5000
iprec_at_recall_0.00  	query1682	0.5000
iprec_at_recall_0.10  	query1682	0.5000
iprec_at_recall_0.20  	query1682	0.5000
iprec_at_recall_0.30  	query1682	0.4000
iprec_at_recall_0.40  	query1682	0.4000
iprec_at_recall_0.50  	query1682	0.4000
iprec_at_recall_0.60  	query1682	0.3750
iprec_at_recall_0.70  	query1682	0.3750
iprec_at_recall_0.80  	query1682	0.0000
iprec_at_recall_0.90  	query1682	0.0000
iprec_at_recall_1.00  	query1682	0.0000
P_5                   	query1682	0.4000
P_10                  	query1682	0.3000
P_15                  	query1682	0.2000
P_20                  	query1682	0.1500
P_30                  	query1682	0.1000
P_100                 	query1682	0.0300
P_200                 	query1682	0.0150
P_500                 	query1682	0.0060
P_1000                	query1682	0.0030
num_ret               	query1690	20
num_rel               	query1690	1
num_rel_ret           	query1690	1
map                   	query1690	0.1111
aqwv                  	query1690	0.1757
Rprec                 	query1690	0.0000
bpref                 	query1690	1.0000
recip_rank            	query1690	0.1111
iprec_at_recall_0.00  	query1690	0.1111
iprec_at_recall_0.10  	query1690	0.1111
iprec_at_recall_0.20  	query1690	0.1111
iprec_at_recall_0.30  	query1690	0.1111
iprec_at_recall_0.40  	query1690	0.1111
iprec_at_recall_0.50  	query1690	0.1111
iprec_at_recall_0.60  	query1690	0.1111
iprec_at_recall_0.70  	query1690	0.1111
iprec_at_recall_0.80  	query1690	0.1111
iprec_at_recall_0.90  	query1690	0.1111
iprec_at_recall_1.00  	query1690	0.1111
P_5                   	query1690	0.0000
P_10                  	query1690	0.1000
P_15                  	query1690	0.0667
P_20                  	query1690	0.0500
P_30                  	query1690	0.0333
P_100                 	query1690	0.0100
P_200                 	query1690	0.0050
P_500                 	query1690	0.0020
P_1000                	query1690	0.0010
num_ret               	query1692	5
num_rel               	query1692	3
num_rel_ret           	query1692	2
map                   	query1692	0.2778
aqwv                  	query1692	0.5362
Rprec                 	query1692	0.3333
bpref                 	query1692	0.6667
recip_rank            	query1692	0.3333
iprec_at_recall_0.00  	query1692	0.5000
iprec_at_recall_0.10  	query1692	0.5000
iprec_at_recall_0.20  	query1692	0.5000
iprec_at_recall_0.30  	query1692	0.5000
iprec_at_recall_0.40  	query1692	0.5000
iprec_at_recall_0.50  	query1692	0.5000
iprec_at_recall_0.60  	query1692	0.5000
iprec_at_recall_0.70  	query1692	0.5000
iprec_at_recall_0.80  	query1692	0.0000
iprec_at_recall_0.90  	query1692	0.0000
iprec_at_recall_1.00  	query1692	0.0000
P_5                   	query1692	0.4000
P_10                  	query1692	0.2000
P_15                  	query1692	0.1333
P_20                  	query1692	0.1000
P_30                  	query1692	0.0667
P_100                 	query1692	0.0200
P_200                 	query1692	0.0100
P_500                 	query1692	0.0040
P_1000                	query1692	0.0020
num_ret               	query172	8
num_rel               	query172	4
num_rel_ret           	query172	3
map                   	query172	0.4821
aqwv                  	query172	0.5321
Rprec                 	query172	0.5000
bpref                 	query172	0.7500
recip_rank            	query172	1.0000
iprec_at_recall_0.00  	query172	1.0000
iprec_at_recall_0.10  	query172	1.0000
iprec_at_recall_0.20  	query172	1.0000
iprec_at_recall_0.30  	query172	0.5000
iprec_at_recall_0.40  	query172	0.5000
iprec_at_recall_0.50  	query172	0.5000
iprec_at_recall_0.60  	query172	0.4286
iprec_at_recall_0.70  	query172	0.4286
iprec_at_recall_0.80  	query172	0.0000
iprec_at_recall_0.90  	query172	0.0000
iprec_at_recall_1.00  	query172	0.0000
P_5                   	query172	0.4000
P_10                  	query172	0.3000
P_15                  	query172	0.2000
P_20                  	query172	0.1500
P_30                  	query172	0.1000
P_100                 	query172	0.0300
P_200                 	query172	0.0150
P_500                 	query172	0.0060
P_1000                	query172	0.0030
num_ret               	query1742	20
num_rel               	query1742	1
num_rel_ret           	query1742	1
map                   	query1742	0.1111
aqwv                  	query1742	0.1757
Rprec                 	query1742	0.0000
bpref                 	query1742	1.0000
recip_rank            	query1742	0.1111
iprec_at_recall_0.00  	query1742	0.1111
iprec_at_recall_0.10  	query1742	0.1111
iprec_at_recall_0.20  	query1742	0.1111
iprec_at_recall_0.30  	query1742	0.1111
iprec_at_recall_0.40  	query1742	0.1111
iprec_at_recall_0.50  	query1742	0.1111
iprec_at_recall_0.60  	query1742	0.1111
iprec_at_recall_0.70  	query1742	0.1111
iprec_at_recall_0.80  	query1742	0.1111
iprec_at_recall_0.90  	query1742	0.1111
iprec_at_recall_1.00  	query1742	0.1111
P_5                   	query1742	0.0000
P_10                  	query1742	0.1000
P_15                  	query1742	0.0667
P_20                  	query1742	0.0500
P_30                  	query1742	0.0333
P_100                 	query1742	0.0100
P_200                 	query1742	0.0050
P_500                 	query1742	0.0020
P_1000                	query1742	0.0010
num_ret               	query1833	1
num_rel               	query1833	2
num_rel_ret           	query1833	1
map                   	query1833	0.5000
aqwv                  	query1833	0.5000
Rprec                 	query1833	0.5000
bpref                 	query1833	0.5000
recip_rank            	query1833	1.0000
iprec_at_recall_0.00  	query1833	1.0000
iprec_at_recall_0.10  	query1833	1.0000
iprec_at_recall_0.20  	query1833	1.0000
iprec_at_recall_0.30  	query1833	1.0000
iprec_at_recall_0.40  	query1833	1.0000
iprec_at_recall_0.50  	query1833	1.0000
iprec_at_recall_0.60  	query1833	0.0000
iprec_at_recall_0.70  	query1833	0.0000
iprec_at_recall_0.80  	query1833	0.0000
iprec_at_recall_0.90  	query1833	0.0000
iprec_at_recall_1.00  	query1833	0.0000
P_5                   	query1833	0.2000
P_10                  	query1833	0.1000
P_15                  	query1833	0.0667
P_20                  	query1833	0.0500
P_30                  	query1833	0.0333
P_100                 	query1833	0.0100
P_200                 	query1833	0.0050
P_500                 	query1833	0.0020
P_1000                	query1833	0.0010
num_ret               	query1902	20
num_rel               	query1902	1
num_rel_ret           	query1902	1
map                   	query1902	0.0909
aqwv                  	query1902	0.1757
Rprec                 	query1902	0.0000
bpref                 	query1902	1.0000
recip_rank            	query1902	0.0909
iprec_at_recall_0.00  	query1902	0.0909
iprec_at_recall_0.10  	query1902	0.0909
iprec_at_recall_0.20  	query1902	0.0909
iprec_at_recall_0.30  	query1902	0.0909
iprec_at_recall_0.40  	query1902	0.0909
iprec_at_recall_0.50  	query1902	0.0909
iprec_at_recall_0.60  	query1902	0.0909
iprec_at_recall_0.70  	query1902	0.0909
iprec_at_recall_0.80  	query1902	0.0909
iprec_at_recall_0.90  	query1902	0.0909
iprec_at_recall_1.00  	query1902	0.0909
P_5                   	query1902	0.0000
P_10                  	query1902	0.0000
P_15                  	query1902	0.0667
P_20                  	query1902	0.0500
P_30                  	query1902	0.0333
P_100                 	query1902	0.0100
P_200                 	query1902	0.0050
P_500                 	query1902	0.0020
P_1000                	query1902	0.0010
num_ret               	query1905	1
num_rel               	query1905	1
num_rel_ret           	query1905	0
map                   	query1905	0.0000
aqwv                  	query1905	0.0000
Rprec                 	query1905	0.0000
bpref                 	query1905	0.0000
recip_rank            	query1905	0.0000
iprec_at_recall_0.00  	query1905	0.0000
iprec_at_recall_0.10  	query1905	0.0000
iprec_at_recall_0.20  	query1905	0.0000
iprec_at_recall_0.30  	query1905	0.0000
iprec_at_recall_0.40  	query1905	0.0000
iprec_at_recall_0.50  	query1905	0.0000
iprec_at_recall_0.60  	query1905	0.0000
iprec_at_recall_0.70  	query1905	0.0000
iprec_at_recall_0.80  	query1905	0.0000
iprec_at_recall_0.90  	query1905	0.0000
iprec_at_recall_1.00  	query1905	0.0000
P_5                   	query1905	0.0000
P_10                  	query1905	0.0000
P_15                  	query1905	0.0000
P_20                  	query1905	0.0000
P_30                  	query1905	0.0000
P_100                 	query1905	0.0000
P_200                 	query1905	0.0000
P_500                 	query1905	0.0000
P_1000                	query1905	0.0000
num_ret               	query1938	3
num_rel               	query1938	2
num_rel_ret           	query1938	2
map                   	query1938	1.0000
aqwv                  	query1938	0.9565
Rprec                 	query1938	1.0000
bpref                 	query1938	1.0000
recip_rank            	query1938	1.0000
iprec_at_recall_0.00  	query1938	1.0000
iprec_at_recall_0.10  	query1938	1.0000
iprec_at_recall_0.20  	query1938	1.0000
iprec_at_recall_0.30  	query1938	1.0000
iprec_at_recall_0.40  	query1938	1.0000
iprec_at_recall_0.50  	query1938	1.0000
iprec_at_recall_0.60  	query1938	1.0000
iprec_at_recall_0.70  	query1938	1.0000
iprec_at_recall_0.80  	query1938	1.0000
iprec_at_recall_0.90  	query1938	1.0000
iprec_at_recall_1.00  	query1938	1.0000
P_5                   	query1938	0.4000
P_10                  	query1938	0.2000
P_15                  	query1938	0.1333
P_20                  	query1938	0.1000
P_30                  	query1938	0.0667
P_100                 	query1938	0.0200
P_200                 	query1938	0.0100
P_500                 	query1938	0.0040
P_1000                	query1938	0.0020
num_ret               	query1963	20
num_rel               	query1963	2
num_rel_ret           	query1963	1
map                   	query1963	0.1000
aqwv                  	query1963	-0.3243
Rprec                 	query1963	0.0000
bpref                 	query1963	0.5000
recip_rank            	query1963	0.2000
iprec_at_recall_0.00  	query1963	0.2000
iprec_at_recall_0.10  	query1963	0.2000
iprec_at_recall_0.20  	query1963	0.2000
iprec_at_recall_0.30  	query1963	0.2000
iprec_at_recall_0.40  	query1963	0.2000
iprec_at_recall_0.50  	query1963	0.2000
iprec_at_recall_0.60  	query1963	0.0000
iprec_at_recall_0.70  	query1963	0.0000
iprec_at_recall_0.80  	query1963	0.0000
iprec_at_recall_0.90  	query1963	0.0000
iprec_at_recall_1.00  	query1963	0.0000
P_5                   	query1963	0.2000
P_10                  	query1963	0.1000
P_15                  	query1963	0.0667
P_20                  	query1963	0.0500
P_30                  	query1963	0.0333
P_100                 	query1963	0.0100
P_200                 	query1963	0.0050
P_500                 	query1963	0.0020
P_1000                	query1963	0.0010
num_ret               	query2049	8
num_rel               	query2049	7
num_rel_ret           	query2049	7
map                   	query2049	0.8736
aqwv                  	query2049	0.9560
Rprec                 	query2049	0.8571
bpref                 	query2049	1.0000
recip_rank            	query2049	1.0000
iprec_at_recall_0.00  	query2049	1.0000
iprec_at_recall_0.10  	query2049	1.0000
iprec_at_recall_0.20  	query2049	1.0000
iprec_at_recall_0.30  	query2049	0.8750
iprec_at_recall_0.40  	query2049	0.8750
iprec_at_recall_0.50  	query2049	0.8750
iprec_at_recall_0.60  	query2049	0.8750
iprec_at_recall_0.70  	query2049	0.8750
iprec_at_recall_0.80  	query2049	0.8750
iprec_at_recall_0.90  	query2049	0.8750
iprec_at_recall_1.00  	query2049	0.8750
P_5                   	query2049	0.8000
P_10                  	query2049	0.7000
P_15                  	query2049	0.4667
P_20                  	query2049	0.3500
P_30                  	query2049	0.2333
P_100                 	query2049	0.0700
P_200                 	query2049	0.0350
P_500                 	query2049	0.0140
P_1000                	query2049	0.0070
num_ret               	query2294	1
num_rel               	query2294	1
num_rel_ret           	query2294	1
map                   	query2294	1.0000
aqwv                  	query2294	1.0000
Rprec                 	query2294	1.0000
bpref                 	query2294	1.0000
recip_rank            	query2294	1.0000
iprec_at_recall_0.00  	query2294	1.0000
iprec_at_recall_0.10  	query2294	1.0000
iprec_at_recall_0.20  	query2294	1.0000
iprec_at_recall_0.30  	query2294	1.0000
iprec_at_recall_0.40  	query2294	1.0000
iprec_at_recall_0.50  	query2294	1.0000
iprec_at_recall_0.60  	query2294	1.0000
iprec_at_recall_0.70  	query2294	1.0000
iprec_at_recall_0.80  	query2294	1.0000
iprec_at_recall_0.90  	query2294	1.0000
iprec_at_recall_1.00  	query2294	1.0000
P_5                   	query2294	0.2000
P_10                  	query2294	0.1000
P_15                  	query2294	0.0667
P_20                  	query2294	0.0500
P_30                  	query2294	0.0333
P_100                 	query2294	0.0100
P_200                 	query2294	0.0050
P_500                 	query2294	0.0020
P_1000                	query2294	0.0010
num_ret               	query2557	6
num_rel               	query2557	2
num_rel_ret           	query2557	2
map                   	query2557	0.6667
aqwv                  	query2557	0.8261
Rprec                 	query2557	0.5000
bpref                 	query2557	1.0000
recip_rank            	query2557	1.0000
iprec_at_recall_0.00  	query2557	1.0000
iprec_at_recall_0.10  	query2557	1.0000
iprec_at_recall_0.20  	query2557	1.0000
iprec_at_recall_0.30  	query2557	1.0000
iprec_at_recall_0.40  	query2557	1.0000
iprec_at_recall_0.50  	query2557	1.0000
iprec_at_recall_0.60  	query2557	0.3333
iprec_at_recall_0.70  	query2557	0.3333
iprec_at_recall_0.80  	query2557	0.3333
iprec_at_recall_0.90  	query2557	0.3333
iprec_at_recall_1.00  	query2557	0.3333
P_5                   	query2557	0.2000
P_10                  	query2557	0.2000
P_15                  	query2557	0.1333
P_20                  	query2557	0.1000
P_30                  	query2557	0.0667
P_100                 	query2557	0.0200
P_200                 	query2557	0.0100
P_500                 	query2557	0.0040
P_1000                	query2557	0.0020
num_ret               	query306	20
num_rel               	query306	3
num_rel_ret           	query306	3
map                   	query306	0.6000
aqwv                  	query306	0.2593
Rprec                 	query306	0.3333
bpref                 	query306	1.0000
recip_rank            	query306	1.0000
iprec_at_recall_0.00  	query306	1.0000
iprec_at_recall_0.10  	query306	1.0000
iprec_at_recall_0.20  	query306	1.0000
iprec_at_recall_0.30  	query306	1.0000
iprec_at_recall_0.40  	query306	0.5000
iprec_at_recall_0.50  	query306	0.5000
iprec_at_recall_0.60  	query306	0.5000
iprec_at_recall_0.70  	query306	0.5000
iprec_at_recall_0.80  	query306	0.3000
iprec_at_recall_0.90  	query306	0.3000
iprec_at_recall_1.00  	query306	0.3000
P_5                   	query306	0.4000
P_10                  	query306	0.3000
P_15                  	query306	0.2000
P_20                  	query306	0.1500
P_30                  	query306	0.1000
P_100                 	query306	0.0300
P_200                 	query306	0.0150
P_500                 	query306	0.0060
P_1000                	query306	0.0030
num_ret               	query307	20
num_rel               	query307	1
num_rel_ret           	query307	0
map                   	query307	0.0000
aqwv                  	query307	0.0000
Rprec                 	query307	0.0000
bpref                 	query307	0.0000
recip_rank            	query307	0.0000
iprec_at_recall_0.00  	query307	0.0000
iprec_at_recall_0.10  	query307	0.0000
iprec_at_recall_0.20  	query307	0.0000
iprec_at_recall_0.30  	query307	0.0000
iprec_at_recall_0.40  	query307	0.0000
iprec_at_recall_0.50  	query307	0.0000
iprec_at_recall_0.60  	query307	0.0000
iprec_at_recall_0.70  	query307	0.0000
iprec_at_recall_0.80  	query307	0.0000
iprec_at_recall_0.90  	query307	0.0000
iprec_at_recall_1.00  	query307	0.0000
P_5                   	query307	0.0000
P_10                  	query307	0.0000
P_15                  	query307	0.0000
P_20                  	query307	0.0000
P_30                  	query307	0.0000
P_100                 	query307	0.0000
P_200                 	query307	0.0000
P_500                 	query307	0.0000
P_1000                	query307	0.0000
num_ret               	query312	20
num_rel               	query312	1
num_rel_ret           	query312	1
map                   	query312	0.5000
aqwv                  	query312	0.1757
Rprec                 	query312	0.0000
bpref                 	query312	1.0000
recip_rank            	query312	0.5000
iprec_at_recall_0.00  	query312	0.5000
iprec_at_recall_0.10  	query312	0.5000
iprec_at_recall_0.20  	query312	0.5000
iprec_at_recall_0.30  	query312	0.5000
iprec_at_recall_0.40  	query312	0.5000
iprec_at_recall_0.50  	query312	0.5000
iprec_at_recall_0.60  	query312	0.5000
iprec_at_recall_0.70  	query312	0.5000
iprec_at_recall_0.80  	query312	0.5000
iprec_at_recall_0.90  	query312	0.5000
iprec_at_recall_1.00  	query312	0.5000
P_5                   	query312	0.2000
P_10                  	query312	0.1000
P_15                  	query312	0.0667
P_20                  	query312	0.0500
P_30                  	query312	0.0333
P_100                 	query312	0.0100
P_200                 	query312	0.0050
P_500                 	query312	0.0020
P_1000                	query312	0.0010
num_ret               	query313	20
num_rel               	query313	3
num_rel_ret           	query313	2
map                   	query313	0.1389
aqwv                  	query313	-0.1159
Rprec                 	query313	0.0000
bpref                 	query313	0.6667
recip_rank            	query313	0.2500
iprec_at_recall_0.00  	query313	0.2500
iprec_at_recall_0.10  	query313	0.2500
iprec_at_recall_0.20  	query313	0.2500
iprec_at_recall_0.30  	query313	0.2500
iprec_at_recall_0.40  	query313	0.1667
iprec_at_recall_0.50  	query313	0.1667
iprec_at_recall_0.60  	query313	0.1667
iprec_at_recall_0.70  	query313	0.1667
iprec_at_recall_0.80  	query313	0.0000
iprec_at_recall_0.90  	query313	0.0000
iprec_at_recall_1.00  	query313	0.0000
P_5                   	query313	0.2000
P_10                  	query313	0.1000
P_15                  	query313	0.1333
P_20                  	query313	0.1000
P_30                  	query313	0.0667
P_100                 	query313	0.0200
P_200                 	query313	0.0100
P_500                 	query313	0.0040
P_1000                	query313	0.0020
num_ret               	query3221	20
num_rel               	query3221	1
num_rel_ret           	query3221	0
map                   	query3221	0.0000
aqwv                  	query3221	0.0000
Rprec                 	query3221	0.0000
bpref                 	query3221	0.0000
recip_rank            	query3221	0.0000
iprec_at_recall_0.00  	query3221	0.0000
iprec_at_recall_0.10  	query3221	0.0000
iprec_at_recall_0.20  	query3221	0.0000
iprec_at_recall_0.30  	query3221	0.0000
iprec_at_recall_0.40  	query3221	0.0000
iprec_at_recall_0.50  	query3221	0.0000
iprec_at_recall_0.60  	query3221	0.0000
iprec_at_recall_0.70  	query3221	0.0000
iprec_at_recall_0.80  	query3221	0.0000
iprec_at_recall_0.90  	query3221	0.0000
iprec_at_recall_1.00  	query3221	0.0000
P_5                   	query3221	0.0000
P_10                  	query3221	0.0000
P_15                  	query3221	0.0000
P_20                  	query3221	0.0000
P_30                  	query3221	0.0000
P_100                 	query3221	0.0000
P_200                 	query3221	0.0000
P_500                 	query3221	0.0000
P_1000                	query3221	0.0000
num_ret               	query337	20
num_rel               	query337	3
num_rel_ret           	query337	3
map                   	query337	0.7917
aqwv                  	query337	0.2593
Rprec                 	query337	0.6667
bpref                 	query337	1.0000
recip_rank            	query337	1.0000
iprec_at_recall_0.00  	query337	1.0000
iprec_at_recall_0.10  	query337	1.0000
iprec_at_recall_0.20  	query337	1.0000
iprec_at_recall_0.30  	query337	1.0000
iprec_at_recall_0.40  	query337	1.0000
iprec_at_recall_0.50  	query337	1.0000
iprec_at_recall_0.60  	query337	1.0000
iprec_at_recall_0.70  	query337	1.0000
iprec_at_recall_0.80  	query337	0.3750
iprec_at_recall_0.90  	query337	0.3750
iprec_at_recall_1.00  	query337	0.3750
P_5                   	query337	0.4000
P_10                  	query337	0.3000
P_15                  	query337	0.2000
P_20                  	query337	0.1500
P_30                  	query337	0.1000
P_100                 	query337	0.0300
P_200                 	query337	0.0150
P_500                 	query337	0.0060
P_1000                	query337	0.0030
num_ret               	query345	20
num_rel               	query345	5
num_rel_ret           	query345	5
map                   	query345	0.8556
aqwv                  	query345	0.3435
Rprec                 	query345	0.8000
bpref                 	query345	1.0000
recip_rank            	query345	1.0000
iprec_at_recall_0.00  	query345	1.0000
iprec_at_recall_0.10  	query345	1.0000
iprec_at_recall_0.20  	query345	1.0000
iprec_at_recall_0.30  	query345	1.0000
iprec_at_recall_0.40  	query345	1.0000
iprec_at_recall_0.50  	query345	1.0000
iprec_at_recall_0.60  	query345	1.0000
iprec_at_recall_0.70  	query345	1.0000
iprec_at_recall_0.80  	query345	1.0000
iprec_at_recall_0.90  	query345	0.2778
iprec_at_recall_1.00  	query345	0.2778
P_5                   	query345	0.8000
P_10                  	query345	0.4000
P_15                  	query345	0.2667
P_20                  	query345	0.2500
P_30                  	query345	0.1667
P_100                 	query345	0.0500
P_200                 	query345	0.0250
P_500                 	query345	0.0100
P_1000                	query345	0.0050
num_ret               	query359	6
num_rel               	query359	2
num_rel_ret           	query359	2
map                   	query359	0.7000
aqwv                  	query359	0.8261
Rprec                 	query359	0.5000
bpref                 	query359	1.0000
recip_rank            	query359	1.0000
iprec_at_recall_0.00  	query359	1.0000
iprec_at_recall_0.10  	query359	1.0000
iprec_at_recall_0.20  	query359	1.0000
iprec_at_recall_0.30  	query359	1.0000
iprec_at_recall_0.40  	query359	1.0000
iprec_at_recall_0.50  	query359	1.0000
iprec_at_recall_0.60  	query359	0.4000
iprec_at_recall_0.70  	query359	0.4000
iprec_at_recall_0.80  	query359	0.4000
iprec_at_recall_0.90  	query359	0.4000
iprec_at_recall_1.00  	query359	0.4000
P_5                   	query359	0.4000
P_10                  	query359	0.2000
P_15                  	query359	0.1333
P_20                  	query359	0.1000
P_30                  	query359	0.0667
P_100                 	query359	0.0200
P_200                 	query359	0.0100
P_500                 	query359	0.0040
P_1000                	query359	0.0020
num_ret               	query392	3
num_rel               	query392	2
num_rel_ret           	query392	2
map                   	query392	1.0000
aqwv                  	query392	0.9565
Rprec                 	query392	1.0000
bpref                 	query392	1.0000
recip_rank            	query392	1.0000
iprec_at_recall_0.00  	query392	1.0000
iprec_at_recall_0.10  	query392	1.0000
iprec_at_recall_0.20  	query392	1.0000
iprec_at_recall_0.30  	query392	1.0000
iprec_at_recall_0.40  	query392	1.0000
iprec_at_recall_0.50  	query392	1.0000
iprec_at_recall_0.60  	query392	1.0000
iprec_at_recall_0.70  	query392	1.0000
iprec_at_recall_0.80  	query392	1.0000
iprec_at_recall_0.90  	query392	1.0000
iprec_at_recall_1.00  	query392	1.0000
P_5                   	query392	0.4000
P_10                  	query392	0.2000
P_15                  	query392	0.1333
P_20                  	query392	0.1000
P_30                  	query392	0.0667
P_100                 	query392	0.0200
P_200                 	query392	0.0100
P_500                 	query392	0.0040
P_1000                	query392	0.0020
num_ret               	query416	20
num_rel               	query416	3
num_rel_ret           	query416	2
map                   	query416	0.3704
aqwv                  	query416	-0.1159
Rprec                 	query416	0.3333
bpref                 	query416	0.6667
recip_rank            	query416	1.0000
iprec_at_recall_0.00  	query416	1.0000
iprec_at_recall_0.10  	query416	1.0000
iprec_at_recall_0.20  	query416	1.0000
iprec_at_recall_0.30  	query416	1.0000
iprec_at_recall_0.40  	query416	0.1111
iprec_at_recall_0.50  	query416	0.1111
iprec_at_recall_0.60  	query416	0.1111
iprec_at_recall_0.70  	query416	0.1111
iprec_at_recall_0.80  	query416	0.0000
iprec_at_recall_0.90  	query416	0.0000
iprec_at_recall_1.00  	query416	0.0000
P_5                   	query416	0.2000
P_10                  	query416	0.1000
P_15                  	query416	0.0667
P_20                  	query416	0.1000
P_30                  	query416	0.0667
P_100                 	query416	0.0200
P_200                 	query416	0.0100
P_500                 	query416	0.0040
P_1000                	query416	0.0020
num_ret               	query419	20
num_rel               	query419	2
num_rel_ret           	query419	2
map                   	query419	0.3026
aqwv                  	query419	0.2174
Rprec                 	query419	0.5000
bpref                 	query419	1.0000
recip_rank            	query419	0.5000
iprec_at_recall_0.00  	query419	0.5000
iprec_at_recall_0.10  	query419	0.5000
iprec_at_recall_0.20  	query419	0.5000
iprec_at_recall_0.30  	query419	0.5000
iprec_at_recall_0.40  	query419	0.5000
iprec_at_recall_0.50  	query419	0.5000
iprec_at_recall_0.60  	query419	0.1053
iprec_at_recall_0.70  	query419	0.1053
iprec_at_recall_0.80  	query419	0.1053
iprec_at_recall_0.90  	query419	0.1053
iprec_at_recall_1.00  	query419	0.1053
P_5                   	query419	0.2000
P_10                  	query419	0.1000
P_15                  	query419	0.0667
P_20                  	query419	0.1000
P_30                  	query419	0.0667
P_100                 	query419	0.0200
P_200                 	query419	0.0100
P_500                 	query419	0.0040
P_1000                	query419	0.0020
num_ret               	query422	20
num_rel               	query422	1
num_rel_ret           	query422	0
map                   	query422	0.0000
aqwv                  	query422	0.0000
Rprec                 	query422	0.0000
bpref                 	query422	0.0000
recip_rank            	query422	0.0000
iprec_at_recall_0.00  	query422	0.0000
iprec_at_recall_0.10  	query422	0.0000
iprec_at_recall_0.20  	query422	0.0000
iprec_at_recall_0.30  	query422	0.0000
iprec_at_recall_0.40  	query422	0.0000
iprec_at_recall_0.50  	query422	0.0000
iprec_at_recall_0.60  	query422	0.0000
iprec_at_recall_0.70  	query422	0.0000
iprec_at_recall_0.80  	query422	0.0000
iprec_at_recall_0.90  	query422	0.0000
iprec_at_recall_1.00  	query422	0.0000
P_5                   	query422	0.0000
P_10                  	query422	0.0000
P_15                  	query422	0.0000
P_20                  	query422	0.0000
P_30                  	query422	0.0000
P_100                 	query422	0.0000
P_200                 	query422	0.0000
P_500                 	query422	0.0000
P_1000                	query422	0.0000
num_ret               	query427	20
num_rel               	query427	1
num_rel_ret           	query427	1
map                   	query427	1.0000
aqwv                  	query427	0.1757
Rprec                 	query427	1.0000
bpref                 	query427	1.0000
recip_rank            	query427	1.0000
iprec_at_recall_0.00  	query427	1.0000
iprec_at_recall_0.10  	query427	1.0000
iprec_at_recall_0.20  	query427	1.0000
iprec_at_recall_0.30  	query427	1.0000
iprec_at_recall_0.40  	query427	1.0000
iprec_at_recall_0.50  	query427	1.0000
iprec_at_recall_0.60  	query427	1.0000
iprec_at_recall_0.70  	query427	1.0000
iprec_at_recall_0.80  	query427	1.0000
iprec_at_recall_0.90  	query427	1.0000
iprec_at_recall_1.00  	query427	1.0000
P_5                   	query427	0.2000
P_10                  	query427	0.1000
P_15                  	query427	0.0667
P_20                  	query427	0.0500
P_30                  	query427	0.0333
P_100                 	query427	0.0100
P_200                 	query427	0.0050
P_500                 	query427	0.0020
P_1000                	query427	0.0010
num_ret               	query441	20
num_rel               	query441	2
num_rel_ret           	query441	1
map                   	query441	0.5000
aqwv                  	query441	-0.3243
Rprec                 	query441	0.5000
bpref                 	query441	0.5000
recip_rank            	query441	1.0000
iprec_at_recall_0.00  	query441	1.0000
iprec_at_recall_0.10  	query441	1.0000
iprec_at_recall_0.20  	query441	1.0000
iprec_at_recall_0.30  	query441	1.0000
iprec_at_recall_0.40  	query441	1.0000
iprec_at_recall_0.50  	query441	1.0000
iprec_at_recall_0.60  	query441	0.0000
iprec_at_recall_0.70  	query441	0.0000
iprec_at_recall_0.80  	query441	0.0000
iprec_at_recall_0.90  	query441	0.0000
iprec_at_recall_1.00  	query441	0.0000
P_5                   	query441	0.2000
P_10                  	query441	0.1000
P_15                  	query441	0.0667
P_20                  	query441	0.0500
P_30                  	query441	0.0333
P_100                 	query441	0.0100
P_200                 	query441	0.0050
P_500                 	query441	0.0020
P_1000                	query441	0.0010
num_ret               	query460	20
num_rel               	query460	3
num_rel_ret           	query460	2
map                   	query460	0.4286
aqwv                  	query460	-0.1159
Rprec                 	query460	0.3333
bpref                 	query460	0.6667
recip_rank            	query460	1.0000
iprec_at_recall_0.00  	query460	1.0000
iprec_at_recall_0.10  	query460	1.0000
iprec_at_recall_0.20  	query460	1.0000
iprec_at_recall_0.30  	query460	1.0000
iprec_at_recall_0.40  	query460	0.2857
iprec_at_recall_0.50  	query460	0.2857
iprec_at_recall_0.60  	query460	0.2857
iprec_at_recall_0.70  	query460	0.2857
iprec_at_recall_0.80  	query460	0.0000
iprec_at_recall_0.90  	query460	0.0000
iprec_at_recall_1.00  	query460	0.0000
P_5                   	query460	0.2000
P_10                  	query460	0.2000
P_15                  	query460	0.1333
P_20                  	query460	0.1000
P_30                  	query460	0.0667
P_100                 	query460	0.0200
P_200                 	query460	0.0100
P_500                 	query460	0.0040
P_1000                	query460	0.0020
num_ret               	query464	20
num_rel               	query464	1
num_rel_ret           	query464	1
map                   	query464	1.0000
aqwv                  	query464	0.1757
Rprec                 	query464	1.0000
bpref                 	query464	1.0000
recip_rank            	query464	1.0000
iprec_at_recall_0.00  	query464	1.0000
iprec_at_recall_0.10  	query464	1.0000
iprec_at_recall_0.20  	query464	1.0000
iprec_at_recall_0.30  	query464	1.0000
iprec_at_recall_0.40  	query464	1.0000
iprec_at_recall_0.50  	query464	1.0000
iprec_at_recall_0.60  	query464	1.0000
iprec_at_recall_0.70  	query464	1.0000
iprec_at_recall_0.80  	query464	1.0000
iprec_at_recall_0.90  	query464	1.0000
iprec_at_recall_1.00  	query464	1.0000
P_5                   	query464	0.2000
P_10                  	query464	0.1000
P_15                  	query464	0.0667
P_20                  	query464	0.0500
P_30                  	query464	0.0333
P_100                 	query464	0.0100
P_200                 	query464	0.0050
P_500                 	query464	0.0020
P_1000                	query464	0.0010
num_ret               	query525	7
num_rel               	query525	3
num_rel_ret           	query525	3
map                   	query525	0.5556
aqwv                  	query525	0.8257
Rprec                 	query525	0.6667
bpref                 	query525	1.0000
recip_rank            	query525	0.5000
iprec_at_recall_0.00  	query525	0.6667
iprec_at_recall_0.10  	query525	0.6667
iprec_at_recall_0.20  	query525	0.6667
iprec_at_recall_0.30  	query525	0.6667
iprec_at_recall_0.40  	query525	0.6667
iprec_at_recall_0.50  	query525	0.6667
iprec_at_recall_0.60  	query525	0.6667
iprec_at_recall_0.70  	query525	0.6667
iprec_at_recall_0.80  	query525	0.5000
iprec_at_recall_0.90  	query525	0.5000
iprec_at_recall_1.00  	query525	0.5000
P_5                   	query525	0.4000
P_10                  	query525	0.3000
P_15                  	query525	0.2000
P_20                  	query525	0.1500
P_30                  	query525	0.1000
P_100                 	query525	0.0300
P_200                 	query525	0.0150
P_500                 	query525	0.0060
P_1000                	query525	0.0030
num_ret               	query532	4
num_rel               	query532	2
num_rel_ret           	query532	2
map                   	query532	0.8333
aqwv                  	query532	0.9130
Rprec                 	query532	0.5000
bpref                 	query532	1.0000
recip_rank            	query532	1.0000
iprec_at_recall_0.00  	query532	1.0000
iprec_at_recall_0.10  	query532	1.0000
iprec_at_recall_0.20  	query532	1.0000
iprec_at_recall_0.30  	query532	1.0000
iprec_at_recall_0.40  	query532	1.0000
iprec_at_recall_0.50  	query532	1.0000
iprec_at_recall_0.60  	query532	0.6667
iprec_at_recall_0.70  	query532	0.6667
iprec_at_recall_0.80  	query532	0.6667
iprec_at_recall_0.90  	query532	0.6667
iprec_at_recall_1.00  	query532	0.6667
P_5                   	query532	0.4000
P_10                  	query532	0.2000
P_15                  	query532	0.1333
P_20                  	query532	0.1000
P_30                  	query532	0.0667
P_100                 	query532	0.0200
P_200                 	query532	0.0100
P_500                 	query532	0.0040
P_1000                	query532	0.0020
num_ret               	query540	2
num_rel               	query540	1
num_rel_ret           	query540	1
map                   	query540	1.0000
aqwv                  	query540	0.9566
Rprec                 	query540	1.0000
bpref                 	query540	1.0000
recip_rank            	query540	1.0000
iprec_at_recall_0.00  	query540	1.0000
iprec_at_recall_0.10  	query540	1.0000
iprec_at_recall_0.20  	query540	1.0000
iprec_at_recall_0.30  	query540	1.0000
iprec_at_recall_0.40  	query540	1.0000
iprec_at_recall_0.50  	query540	1.0000
iprec_at_recall_0.60  	query540	1.0000
iprec_at_recall_0.70  	query540	1.0000
iprec_at_recall_0.80  	query540	1.0000
iprec_at_recall_0.90  	query540	1.0000
iprec_at_recall_1.00  	query540	1.0000
P_5                   	query540	0.2000
P_10                  	query540	0.1000
P_15                  	query540	0.0667
P_20                  	query540	0.0500
P_30                  	query540	0.0333
P_100                 	query540	0.0100
P_200                 	query540	0.0050
P_500                 	query540	0.0020
P_1000                	query540	0.0010
num_ret               	query559	10
num_rel               	query559	1
num_rel_ret           	query559	1
map                   	query559	0.2500
aqwv                  	query559	0.6095
Rprec                 	query559	0.0000
bpref                 	query559	1.0000
recip_rank            	query559	0.2500
iprec_at_recall_0.00  	query559	0.2500
iprec_at_recall_0.10  	query559	0.2500
iprec_at_recall_0.20  	query559	0.2500
iprec_at_recall_0.30  	query559	0.2500
iprec_at_recall_0.40  	query559	0.2500
iprec_at_recall_0.50  	query559	0.2500
iprec_at_recall_0.60  	query559	0.2500
iprec_at_recall_0.70  	query559	0.2500
iprec_at_recall_0.80  	query559	0.2500
iprec_at_recall_0.90  	query559	0.2500
iprec_at_recall_1.00  	query559	0.2500
P_5                   	query559	0.2000
P_10                  	query559	0.1000
P_15                  	query559	0.0667
P_20                  	query559	0.0500
P_30                  	query559	0.0333
P_100                 	query559	0.0100
P_200                 	query559	0.0050
P_500                 	query559	0.0020
P_1000                	query559	0.0010
num_ret               	query569	11
num_rel               	query569	2
num_rel_ret           	query569	2
map                   	query569	0.1909
aqwv                  	query569	0.6087
Rprec                 	query569	0.0000
bpref                 	query569	1.0000
recip_rank            	query569	0.2000
iprec_at_recall_0.00  	query569	0.2000
iprec_at_recall_0.10  	query569	0.2000
iprec_at_recall_0.20  	query569	0.2000
iprec_at_recall_0.30  	query569	0.2000
iprec_at_recall_0.40  	query569	0.2000
iprec_at_recall_0.50  	query569	0.2000
iprec_at_recall_0.60  	query569	0.1818
iprec_at_recall_0.70  	query569	0.1818
iprec_at_recall_0.80  	query569	0.1818
iprec_at_recall_0.90  	query569	0.1818
iprec_at_recall_1.00  	query569	0.1818
P_5                   	query569	0.2000
P_10                  	query569	0.1000
P_15                  	query569	0.1333
P_20                  	query569	0.1000
P_30                  	query569	0.0667
P_100                 	query569	0.0200
P_200                 	query569	0.0100
P_500                 	query569	0.0040
P_1000                	query569	0.0020
num_ret               	query585	20
num_rel               	query585	2
num_rel_ret           	query585	2
map                   	query585	0.6111
aqwv                  	query585	0.2174
Rprec                 	query585	0.5000
bpref                 	query585	1.0000
recip_rank            	query585	1.0000
iprec_at_recall_0.00  	query585	1.0000
iprec_at_recall_0.10  	query585	1.0000
iprec_at_recall_0.20  	query585	1.0000
iprec_at_recall_0.30  	query585	1.0000
iprec_at_recall_0.40  	query585	1.0000
iprec_at_recall_0.50  	query585	1.0000
iprec_at_recall_0.60  	query585	0.2222
iprec_at_recall_0.70  	query585	0.2222
iprec_at_recall_0.80  	query585	0.2222
iprec_at_recall_0.90  	query585	0.2222
iprec_at_recall_1.00  	query585	0.2222
P_5                   	query585	0.2000
P_10                  	query585	0.2000
P_15                  	query585	0.1333
P_20                  	query585	0.1000
P_30                  	query585	0.0667
P_100                 	query585	0.0200
P_200                 	query585	0.0100
P_500                 	query585	0.0040
P_1000                	query585	0.0020
num_ret               	query614	20
num_rel               	query614	6
num_rel_ret           	query614	2
map                   	query614	0.0534
aqwv                  	query614	-0.4493
Rprec                 	query614	0.1667
bpref                 	query614	0.3333
recip_rank            	query614	0.1667
iprec_at_recall_0.00  	query614	0.1667
iprec_at_recall_0.10  	query614	0.1667
iprec_at_recall_0.20  	query614	0.1538
iprec_at_recall_0.30  	query614	0.1538
iprec_at_recall_0.40  	query614	0.0000
iprec_at_recall_0.50  	query614	0.0000
iprec_at_recall_0.60  	query614	0.0000
iprec_at_recall_0.70  	query614	0.0000
iprec_at_recall_0.80  	query614	0.0000
iprec_at_recall_0.90  	query614	0.0000
iprec_at_recall_1.00  	query614	0.0000
P_5                   	query614	0.0000
P_10                  	query614	0.1000
P_15                  	query614	0.1333
P_20                  	query614	0.1000
P_30                  	query614	0.0667
P_100                 	query614	0.0200
P_200                 	query614	0.0100
P_500                 	query614	0.0040
P_1000                	query614	0.0020
num_ret               	query620	6
num_rel               	query620	4
num_rel_ret           	query620	3
map                   	query620	0.3083
aqwv                  	query620	0.6193
Rprec                 	query620	0.2500
bpref                 	query620	0.7500
recip_rank            	query620	0.3333
iprec_at_recall_0.00  	query620	0.5000
iprec_at_recall_0.10  	query620	0.5000
iprec_at_recall_0.20  	query620	0.5000
iprec_at_recall_0.30  	query620	0.5000
iprec_at_recall_0.40  	query620	0.5000
iprec_at_recall_0.50  	query620	0.5000
iprec_at_recall_0.60  	query620	0.5000
iprec_at_recall_0.70  	query620	0.5000
iprec_at_recall_0.80  	query620	0.0000
iprec_at_recall_0.90  	query620	0.0000
iprec_at_recall_1.00  	query620	0.0000
P_5                   	query620	0.4000
P_10                  	query620	0.3000
P_15                  	query620	0.2000
P_20                  	query620	0.1500
P_30                  	query620	0.1000
P_100                 	query620	0.0300
P_200                 	query620	0.0150
P_500                 	query620	0.0060
P_1000                	query620	0.0030
num_ret               	query742	20
num_rel               	query742	3
num_rel_ret           	query742	2
map                   	query742	0.6667
aqwv                  	query742	-0.1159
Rprec                 	query742	0.6667
bpref                 	query742	0.6667
recip_rank            	query742	1.0000
iprec_at_recall_0.00  	query742	1.0000
iprec_at_recall_0.10  	query742	1.0000
iprec_at_recall_0.20  	query742	1.0000
iprec_at_recall_0.30  	query742	1.0000
iprec_at_recall_0.40  	query742	1.0000
iprec_at_recall_0.50  	query742	1.0000
iprec_at_recall_0.60  	query742	1.0000
iprec_at_recall_0.70  	query742	1.0000
iprec_at_recall_0.80  	query742	0.0000
iprec_at_recall_0.90  	query742	0.0000
iprec_at_recall_1.00  	query742	0.0000
P_5                   	query742	0.4000
P_10                  	query742	0.2000
P_15                  	query742	0.1333
P_20                  	query742	0.1000
P_30                  	query742	0.0667
P_100                 	query742	0.0200
P_200                 	query742	0.0100
P_500                 	query742	0.0040
P_1000                	query742	0.0020
num_ret               	query753	19
num_rel               	query753	3
num_rel_ret           	query753	1
map                   	query753	0.0175
aqwv                  	query753	-0.4476
Rprec                 	query753	0.0000
bpref                 	query753	0.3333
recip_rank            	query753	0.0526
iprec_at_recall_0.00  	query753	0.0526
iprec_at_recall_0.10  	query753	0.0526
iprec_at_recall_0.20  	query753	0.0526
iprec_at_recall_0.30  	query753	0.0526
iprec_at_recall_0.40  	query753	0.0000
iprec_at_recall_0.50  	query753	0.0000
iprec_at_recall_0.60  	query753	0.0000
iprec_at_recall_0.70  	query753	0.0000
iprec_at_recall_0.80  	query753	0.0000
iprec_at_recall_0.90  	query753	0.0000
iprec_at_recall_1.00  	query753	0.0000
P_5                   	query753	0.0000
P_10                  	query753	0.0000
P_15                  	query753	0.0000
P_20                  	query753	0.0500
P_30                  	query753	0.0333
P_100                 	query753	0.0100
P_200                 	query753	0.0050
P_500                 	query753	0.0020
P_1000                	query753	0.0010
num_ret               	query754	5
num_rel               	query754	2
num_rel_ret           	query754	2
map                   	query754	1.0000
aqwv                  	query754	0.8696
Rprec                 	query754	1.0000
bpref                 	query754	1.0000
recip_rank            	query754	1.0000
iprec_at_recall_0.00  	query754	1.0000
iprec_at_recall_0.10  	query754	1.0000
iprec_at_recall_0.20  	query754	1.0000
iprec_at_recall_0.30  	query754	1.0000
iprec_at_recall_0.40  	query754	1.0000
iprec_at_recall_0.50  	query754	1.0000
iprec_at_recall_0.60  	query754	1.0000
iprec_at_recall_0.70  	query754	1.0000
iprec_at_recall_0.80  	query754	1.0000
iprec_at_recall_0.90  	query754	1.0000
iprec_at_recall_1.00  	query754	1.0000
P_5                   	query754	0.4000
P_10                  	query754	0.2000
P_15                  	query754	0.1333
P_20                  	query754	0.1000
P_30                  	query754	0.0667
P_100                 	query754	0.0200
P_200                 	query754	0.0100
P_500                 	query754	0.0040
P_1000                	query754	0.0020
num_ret               	query774	14
num_rel               	query774	1
num_rel_ret           	query774	1
map                   	query774	0.1429
aqwv                  	query774	0.4360
Rprec                 	query774	0.0000
bpref                 	query774	1.0000
recip_rank            	query774	0.1429
iprec_at_recall_0.00  	query774	0.1429
iprec_at_recall_0.10  	query774	0.1429
iprec_at_recall_0.20  	query774	0.1429
iprec_at_recall_0.30  	query774	0.1429
iprec_at_recall_0.40  	query774	0.1429
iprec_at_recall_0.50  	query774	0.1429
iprec_at_recall_0.60  	query774	0.1429
iprec_at_recall_0.70  	query774	0.1429
iprec_at_recall_0.80  	query774	0.1429
iprec_at_recall_0.90  	query774	0.1429
iprec_at_recall_1.00  	query774	0.1429
P_5                   	query774	0.0000
P_10                  	query774	0.1000
P_15                  	query774	0.0667
P_20                  	query774	0.0500
P_30                  	query774	0.0333
P_100                 	query774	0.0100
P_200                 	query774	0.0050
P_500                 	query774	0.0020
P_1000                	query774	0.0010
num_ret               	query788	20
num_rel               	query788	1
num_rel_ret           	query788	1
map                   	query788	0.1111
aqwv                  	query788	0.1757
Rprec                 	query788	0.0000
bpref                 	query788	1.0000
recip_rank            	query788	0.1111
iprec_at_recall_0.00  	query788	0.1111
iprec_at_recall_0.10  	query788	0.1111
iprec_at_recall_0.20  	query788	0.1111
iprec_at_recall_0.30  	query788	0.1111
iprec_at_recall_0.40  	query788	0.1111
iprec_at_recall_0.50  	query788	0.1111
iprec_at_recall_0.60  	query788	0.1111
iprec_at_recall_0.70  	query788	0.1111
iprec_at_recall_0.80  	query788	0.1111
iprec_at_recall_0.90  	query788	0.1111
iprec_at_recall_1.00  	query788	0.1111
P_5                   	query788	0.0000
P_10                  	query788	0.1000
P_15                  	query788	0.0667
P_20                  	query788	0.0500
P_30                  	query788	0.0333
P_100                 	query788	0.0100
P_200                 	query788	0.0050
P_500                 	query788	0.0020
P_1000                	query788	0.0010
num_ret               	query789	20
num_rel               	query789	1
num_rel_ret           	query789	0
map                   	query789	0.0000
aqwv                  	query789	0.0000
Rprec                 	query789	0.0000
bpref                 	query789	0.0000
recip_rank            	query789	0.0000
iprec_at_recall_0.00  	query789	0.0000
iprec_at_recall_0.10  	query789	0.0000
iprec_at_recall_0.20  	query789	0.0000
iprec_at_recall_0.30  	query789	0.0000
iprec_at_recall_0.40  	query789	0.0000
iprec_at_recall_0.50  	query789	0.0000
iprec_at_recall_0.60  	query789	0.0000
iprec_at_recall_0.70  	query789	0.0000
iprec_at_recall_0.80  	query789	0.0000
iprec_at_recall_0.90  	query789	0.0000
iprec_at_recall_1.00  	query789	0.0000
P_5                   	query789	0.0000
P_10                  	query789	0.0000
P_15                  	query789	0.0000
P_20                  	query789	0.0000
P_30                  	query789	0.0000
P_100                 	query789	0.0000
P_200                 	query789	0.0000
P_500                 	query789	0.0000
P_1000                	query789	0.0000
num_ret               	query880	11
num_rel               	query880	1
num_rel_ret           	query880	0
map                   	query880	0.0000
aqwv                  	query880	0.0000
Rprec                 	query880	0.0000
bpref                 	query880	0.0000
recip_rank            	query880	0.0000
iprec_at_recall_0.00  	query880	0.0000
iprec_at_recall_0.10  	query880	0.0000
iprec_at_recall_0.20  	query880	0.0000
iprec_at_recall_0.30  	query880	0.0000
iprec_at_recall_0.40  	query880	0.0000
iprec_at_recall_0.50  	query880	0.0000
iprec_at_recall_0.60  	query880	0.0000
iprec_at_recall_0.70  	query880	0.0000
iprec_at_recall_0.80  	query880	0.0000
iprec_at_recall_0.90  	query880	0.0000
iprec_at_recall_1.00  	query880	0.0000
P_5                   	query880	0.0000
P_10                  	query880	0.0000
P_15                  	query880	0.0000
P_20                  	query880	0.0000
P_30                  	query880	0.0000
P_100                 	query880	0.0000
P_200                 	query880	0.0000
P_500                 	query880	0.0000
P_1000                	query880	0.0000
num_ret               	query936	20
num_rel               	query936	7
num_rel_ret           	query936	0
map                   	query936	0.0000
aqwv                  	query936	0.0000
Rprec                 	query936	0.0000
bpref                 	query936	0.0000
recip_rank            	query936	0.0000
iprec_at_recall_0.00  	query936	0.0000
iprec_at_recall_0.10  	query936	0.0000
iprec_at_recall_0.20  	query936	0.0000
iprec_at_recall_0.30  	query936	0.0000
iprec_at_recall_0.40  	query936	0.0000
iprec_at_recall_0.50  	query936	0.0000
iprec_at_recall_0.60  	query936	0.0000
iprec_at_recall_0.70  	query936	0.0000
iprec_at_recall_0.80  	query936	0.0000
iprec_at_recall_0.90  	query936	0.0000
iprec_at_recall_1.00  	query936	0.0000
P_5                   	query936	0.0000
P_10                  	query936	0.0000
P_15                  	query936	0.0000
P_20                  	query936	0.0000
P_30                  	query936	0.0000
P_100                 	query936	0.0000
P_200                 	query936	0.0000
P_500                 	query936	0.0000
P_1000                	query936	0.0000
num_ret               	query969	20
num_rel               	query969	1
num_rel_ret           	query969	0
map                   	query969	0.0000
aqwv                  	query969	0.0000
Rprec                 	query969	0.0000
bpref                 	query969	0.0000
recip_rank            	query969	0.0000
iprec_at_recall_0.00  	query969	0.0000
iprec_at_recall_0.10  	query969	0.0000
iprec_at_recall_0.20  	query969	0.0000
iprec_at_recall_0.30  	query969	0.0000
iprec_at_recall_0.40  	query969	0.0000
iprec_at_recall_0.50  	query969	0.0000
iprec_at_recall_0.60  	query969	0.0000
iprec_at_recall_0.70  	query969	0.0000
iprec_at_recall_0.80  	query969	0.0000
iprec_at_recall_0.90  	query969	0.0000
iprec_at_recall_1.00  	query969	0.0000
P_5                   	query969	0.0000
P_10                  	query969	0.0000
P_15                  	query969	0.0000
P_20                  	query969	0.0000
P_30                  	query969	0.0000
P_100                 	query969	0.0000
P_200                 	query969	0.0000
P_500                 	query969	0.0000
P_1000                	query969	0.0000
runid                 	all	indri
num_q                 	all	65
num_ret               	all	866
num_rel               	all	146
num_rel_ret           	all	100
map                   	all	0.4603
aqwv                  	all	0.2977
gm_map                	all	0.0572
Rprec                 	all	0.4063
bpref                 	all	0.6928
recip_rank            	all	0.5846
iprec_at_recall_0.00  	all	0.5933
iprec_at_recall_0.10  	all	0.5933
iprec_at_recall_0.20  	all	0.5931
iprec_at_recall_0.30  	all	0.5797
iprec_at_recall_0.40  	all	0.5275
iprec_at_recall_0.50  	all	0.5275
iprec_at_recall_0.60  	all	0.4226
iprec_at_recall_0.70  	all	0.4226
iprec_at_recall_0.80  	all	0.3240
iprec_at_recall_0.90  	all	0.3129
iprec_at_recall_1.00  	all	0.3129
P_5                   	all	0.2215
P_10                  	all	0.1400
P_15                  	all	0.0974
P_20                  	all	0.0769
P_30                  	all	0.0513
P_100                 	all	0.0154
P_200                 	all	0.0077
P_500                 	all	0.0031
P_1000                	all	0.0015
