num_ret               	query1030	20
num_rel               	query1030	1
num_rel_ret           	query1030	0
map                   	query1030	0.0000
Rprec                 	query1030	0.0000
bpref                 	query1030	0.0000
recip_rank            	query1030	0.0000
iprec_at_recall_0.00  	query1030	0.0000
iprec_at_recall_0.10  	query1030	0.0000
iprec_at_recall_0.20  	query1030	0.0000
iprec_at_recall_0.30  	query1030	0.0000
iprec_at_recall_0.40  	query1030	0.0000
iprec_at_recall_0.50  	query1030	0.0000
iprec_at_recall_0.60  	query1030	0.0000
iprec_at_recall_0.70  	query1030	0.0000
iprec_at_recall_0.80  	query1030	0.0000
iprec_at_recall_0.90  	query1030	0.0000
iprec_at_recall_1.00  	query1030	0.0000
P_5                   	query1030	0.0000
P_10                  	query1030	0.0000
P_15                  	query1030	0.0000
P_20                  	query1030	0.0000
P_30                  	query1030	0.0000
P_100                 	query1030	0.0000
P_200                 	query1030	0.0000
P_500                 	query1030	0.0000
P_1000                	query1030	0.0000
num_ret               	query1519	6
num_rel               	query1519	2
num_rel_ret           	query1519	0
map                   	query1519	0.0000
Rprec                 	query1519	0.0000
bpref                 	query1519	0.0000
recip_rank            	query1519	0.0000
iprec_at_recall_0.00  	query1519	0.0000
iprec_at_recall_0.10  	query1519	0.0000
iprec_at_recall_0.20  	query1519	0.0000
iprec_at_recall_0.30  	query1519	0.0000
iprec_at_recall_0.40  	query1519	0.0000
iprec_at_recall_0.50  	query1519	0.0000
iprec_at_recall_0.60  	query1519	0.0000
iprec_at_recall_0.70  	query1519	0.0000
iprec_at_recall_0.80  	query1519	0.0000
iprec_at_recall_0.90  	query1519	0.0000
iprec_at_recall_1.00  	query1519	0.0000
P_5                   	query1519	0.0000
P_10                  	query1519	0.0000
P_15                  	query1519	0.0000
P_20                  	query1519	0.0000
P_30                  	query1519	0.0000
P_100                 	query1519	0.0000
P_200                 	query1519	0.0000
P_500                 	query1519	0.0000
P_1000                	query1519	0.0000
num_ret               	query1683	3
num_rel               	query1683	1
num_rel_ret           	query1683	0
map                   	query1683	0.0000
Rprec                 	query1683	0.0000
bpref                 	query1683	0.0000
recip_rank            	query1683	0.0000
iprec_at_recall_0.00  	query1683	0.0000
iprec_at_recall_0.10  	query1683	0.0000
iprec_at_recall_0.20  	query1683	0.0000
iprec_at_recall_0.30  	query1683	0.0000
iprec_at_recall_0.40  	query1683	0.0000
iprec_at_recall_0.50  	query1683	0.0000
iprec_at_recall_0.60  	query1683	0.0000
iprec_at_recall_0.70  	query1683	0.0000
iprec_at_recall_0.80  	query1683	0.0000
iprec_at_recall_0.90  	query1683	0.0000
iprec_at_recall_1.00  	query1683	0.0000
P_5                   	query1683	0.0000
P_10                  	query1683	0.0000
P_15                  	query1683	0.0000
P_20                  	query1683	0.0000
P_30                  	query1683	0.0000
P_100                 	query1683	0.0000
P_200                 	query1683	0.0000
P_500                 	query1683	0.0000
P_1000                	query1683	0.0000
num_ret               	query1693	8
num_rel               	query1693	2
num_rel_ret           	query1693	0
map                   	query1693	0.0000
Rprec                 	query1693	0.0000
bpref                 	query1693	0.0000
recip_rank            	query1693	0.0000
iprec_at_recall_0.00  	query1693	0.0000
iprec_at_recall_0.10  	query1693	0.0000
iprec_at_recall_0.20  	query1693	0.0000
iprec_at_recall_0.30  	query1693	0.0000
iprec_at_recall_0.40  	query1693	0.0000
iprec_at_recall_0.50  	query1693	0.0000
iprec_at_recall_0.60  	query1693	0.0000
iprec_at_recall_0.70  	query1693	0.0000
iprec_at_recall_0.80  	query1693	0.0000
iprec_at_recall_0.90  	query1693	0.0000
iprec_at_recall_1.00  	query1693	0.0000
P_5                   	query1693	0.0000
P_10                  	query1693	0.0000
P_15                  	query1693	0.0000
P_20                  	query1693	0.0000
P_30                  	query1693	0.0000
P_100                 	query1693	0.0000
P_200                 	query1693	0.0000
P_500                 	query1693	0.0000
P_1000                	query1693	0.0000
num_ret               	query1714	2
num_rel               	query1714	5
num_rel_ret           	query1714	0
map                   	query1714	0.0000
Rprec                 	query1714	0.0000
bpref                 	query1714	0.0000
recip_rank            	query1714	0.0000
iprec_at_recall_0.00  	query1714	0.0000
iprec_at_recall_0.10  	query1714	0.0000
iprec_at_recall_0.20  	query1714	0.0000
iprec_at_recall_0.30  	query1714	0.0000
iprec_at_recall_0.40  	query1714	0.0000
iprec_at_recall_0.50  	query1714	0.0000
iprec_at_recall_0.60  	query1714	0.0000
iprec_at_recall_0.70  	query1714	0.0000
iprec_at_recall_0.80  	query1714	0.0000
iprec_at_recall_0.90  	query1714	0.0000
iprec_at_recall_1.00  	query1714	0.0000
P_5                   	query1714	0.0000
P_10                  	query1714	0.0000
P_15                  	query1714	0.0000
P_20                  	query1714	0.0000
P_30                  	query1714	0.0000
P_100                 	query1714	0.0000
P_200                 	query1714	0.0000
P_500                 	query1714	0.0000
P_1000                	query1714	0.0000
num_ret               	query1721	6
num_rel               	query1721	13
num_rel_ret           	query1721	1
map                   	query1721	0.0128
Rprec                 	query1721	0.0769
bpref                 	query1721	0.0769
recip_rank            	query1721	0.1667
iprec_at_recall_0.00  	query1721	0.1667
iprec_at_recall_0.10  	query1721	0.0000
iprec_at_recall_0.20  	query1721	0.0000
iprec_at_recall_0.30  	query1721	0.0000
iprec_at_recall_0.40  	query1721	0.0000
iprec_at_recall_0.50  	query1721	0.0000
iprec_at_recall_0.60  	query1721	0.0000
iprec_at_recall_0.70  	query1721	0.0000
iprec_at_recall_0.80  	query1721	0.0000
iprec_at_recall_0.90  	query1721	0.0000
iprec_at_recall_1.00  	query1721	0.0000
P_5                   	query1721	0.0000
P_10                  	query1721	0.1000
P_15                  	query1721	0.0667
P_20                  	query1721	0.0500
P_30                  	query1721	0.0333
P_100                 	query1721	0.0100
P_200                 	query1721	0.0050
P_500                 	query1721	0.0020
P_1000                	query1721	0.0010
num_ret               	query1725	20
num_rel               	query1725	1
num_rel_ret           	query1725	0
map                   	query1725	0.0000
Rprec                 	query1725	0.0000
bpref                 	query1725	0.0000
recip_rank            	query1725	0.0000
iprec_at_recall_0.00  	query1725	0.0000
iprec_at_recall_0.10  	query1725	0.0000
iprec_at_recall_0.20  	query1725	0.0000
iprec_at_recall_0.30  	query1725	0.0000
iprec_at_recall_0.40  	query1725	0.0000
iprec_at_recall_0.50  	query1725	0.0000
iprec_at_recall_0.60  	query1725	0.0000
iprec_at_recall_0.70  	query1725	0.0000
iprec_at_recall_0.80  	query1725	0.0000
iprec_at_recall_0.90  	query1725	0.0000
iprec_at_recall_1.00  	query1725	0.0000
P_5                   	query1725	0.0000
P_10                  	query1725	0.0000
P_15                  	query1725	0.0000
P_20                  	query1725	0.0000
P_30                  	query1725	0.0000
P_100                 	query1725	0.0000
P_200                 	query1725	0.0000
P_500                 	query1725	0.0000
P_1000                	query1725	0.0000
num_ret               	query1728	18
num_rel               	query1728	3
num_rel_ret           	query1728	1
map                   	query1728	0.1111
Rprec                 	query1728	0.3333
bpref                 	query1728	0.3333
recip_rank            	query1728	0.3333
iprec_at_recall_0.00  	query1728	0.3333
iprec_at_recall_0.10  	query1728	0.3333
iprec_at_recall_0.20  	query1728	0.3333
iprec_at_recall_0.30  	query1728	0.3333
iprec_at_recall_0.40  	query1728	0.0000
iprec_at_recall_0.50  	query1728	0.0000
iprec_at_recall_0.60  	query1728	0.0000
iprec_at_recall_0.70  	query1728	0.0000
iprec_at_recall_0.80  	query1728	0.0000
iprec_at_recall_0.90  	query1728	0.0000
iprec_at_recall_1.00  	query1728	0.0000
P_5                   	query1728	0.2000
P_10                  	query1728	0.1000
P_15                  	query1728	0.0667
P_20                  	query1728	0.0500
P_30                  	query1728	0.0333
P_100                 	query1728	0.0100
P_200                 	query1728	0.0050
P_500                 	query1728	0.0020
P_1000                	query1728	0.0010
num_ret               	query1729	20
num_rel               	query1729	2
num_rel_ret           	query1729	0
map                   	query1729	0.0000
Rprec                 	query1729	0.0000
bpref                 	query1729	0.0000
recip_rank            	query1729	0.0000
iprec_at_recall_0.00  	query1729	0.0000
iprec_at_recall_0.10  	query1729	0.0000
iprec_at_recall_0.20  	query1729	0.0000
iprec_at_recall_0.30  	query1729	0.0000
iprec_at_recall_0.40  	query1729	0.0000
iprec_at_recall_0.50  	query1729	0.0000
iprec_at_recall_0.60  	query1729	0.0000
iprec_at_recall_0.70  	query1729	0.0000
iprec_at_recall_0.80  	query1729	0.0000
iprec_at_recall_0.90  	query1729	0.0000
iprec_at_recall_1.00  	query1729	0.0000
P_5                   	query1729	0.0000
P_10                  	query1729	0.0000
P_15                  	query1729	0.0000
P_20                  	query1729	0.0000
P_30                  	query1729	0.0000
P_100                 	query1729	0.0000
P_200                 	query1729	0.0000
P_500                 	query1729	0.0000
P_1000                	query1729	0.0000
num_ret               	query1785	2
num_rel               	query1785	3
num_rel_ret           	query1785	0
map                   	query1785	0.0000
Rprec                 	query1785	0.0000
bpref                 	query1785	0.0000
recip_rank            	query1785	0.0000
iprec_at_recall_0.00  	query1785	0.0000
iprec_at_recall_0.10  	query1785	0.0000
iprec_at_recall_0.20  	query1785	0.0000
iprec_at_recall_0.30  	query1785	0.0000
iprec_at_recall_0.40  	query1785	0.0000
iprec_at_recall_0.50  	query1785	0.0000
iprec_at_recall_0.60  	query1785	0.0000
iprec_at_recall_0.70  	query1785	0.0000
iprec_at_recall_0.80  	query1785	0.0000
iprec_at_recall_0.90  	query1785	0.0000
iprec_at_recall_1.00  	query1785	0.0000
P_5                   	query1785	0.0000
P_10                  	query1785	0.0000
P_15                  	query1785	0.0000
P_20                  	query1785	0.0000
P_30                  	query1785	0.0000
P_100                 	query1785	0.0000
P_200                 	query1785	0.0000
P_500                 	query1785	0.0000
P_1000                	query1785	0.0000
num_ret               	query1858	1
num_rel               	query1858	3
num_rel_ret           	query1858	0
map                   	query1858	0.0000
Rprec                 	query1858	0.0000
bpref                 	query1858	0.0000
recip_rank            	query1858	0.0000
iprec_at_recall_0.00  	query1858	0.0000
iprec_at_recall_0.10  	query1858	0.0000
iprec_at_recall_0.20  	query1858	0.0000
iprec_at_recall_0.30  	query1858	0.0000
iprec_at_recall_0.40  	query1858	0.0000
iprec_at_recall_0.50  	query1858	0.0000
iprec_at_recall_0.60  	query1858	0.0000
iprec_at_recall_0.70  	query1858	0.0000
iprec_at_recall_0.80  	query1858	0.0000
iprec_at_recall_0.90  	query1858	0.0000
iprec_at_recall_1.00  	query1858	0.0000
P_5                   	query1858	0.0000
P_10                  	query1858	0.0000
P_15                  	query1858	0.0000
P_20                  	query1858	0.0000
P_30                  	query1858	0.0000
P_100                 	query1858	0.0000
P_200                 	query1858	0.0000
P_500                 	query1858	0.0000
P_1000                	query1858	0.0000
num_ret               	query1871	20
num_rel               	query1871	1
num_rel_ret           	query1871	0
map                   	query1871	0.0000
Rprec                 	query1871	0.0000
bpref                 	query1871	0.0000
recip_rank            	query1871	0.0000
iprec_at_recall_0.00  	query1871	0.0000
iprec_at_recall_0.10  	query1871	0.0000
iprec_at_recall_0.20  	query1871	0.0000
iprec_at_recall_0.30  	query1871	0.0000
iprec_at_recall_0.40  	query1871	0.0000
iprec_at_recall_0.50  	query1871	0.0000
iprec_at_recall_0.60  	query1871	0.0000
iprec_at_recall_0.70  	query1871	0.0000
iprec_at_recall_0.80  	query1871	0.0000
iprec_at_recall_0.90  	query1871	0.0000
iprec_at_recall_1.00  	query1871	0.0000
P_5                   	query1871	0.0000
P_10                  	query1871	0.0000
P_15                  	query1871	0.0000
P_20                  	query1871	0.0000
P_30                  	query1871	0.0000
P_100                 	query1871	0.0000
P_200                 	query1871	0.0000
P_500                 	query1871	0.0000
P_1000                	query1871	0.0000
num_ret               	query1885	20
num_rel               	query1885	2
num_rel_ret           	query1885	0
map                   	query1885	0.0000
Rprec                 	query1885	0.0000
bpref                 	query1885	0.0000
recip_rank            	query1885	0.0000
iprec_at_recall_0.00  	query1885	0.0000
iprec_at_recall_0.10  	query1885	0.0000
iprec_at_recall_0.20  	query1885	0.0000
iprec_at_recall_0.30  	query1885	0.0000
iprec_at_recall_0.40  	query1885	0.0000
iprec_at_recall_0.50  	query1885	0.0000
iprec_at_recall_0.60  	query1885	0.0000
iprec_at_recall_0.70  	query1885	0.0000
iprec_at_recall_0.80  	query1885	0.0000
iprec_at_recall_0.90  	query1885	0.0000
iprec_at_recall_1.00  	query1885	0.0000
P_5                   	query1885	0.0000
P_10                  	query1885	0.0000
P_15                  	query1885	0.0000
P_20                  	query1885	0.0000
P_30                  	query1885	0.0000
P_100                 	query1885	0.0000
P_200                 	query1885	0.0000
P_500                 	query1885	0.0000
P_1000                	query1885	0.0000
num_ret               	query1974	18
num_rel               	query1974	2
num_rel_ret           	query1974	0
map                   	query1974	0.0000
Rprec                 	query1974	0.0000
bpref                 	query1974	0.0000
recip_rank            	query1974	0.0000
iprec_at_recall_0.00  	query1974	0.0000
iprec_at_recall_0.10  	query1974	0.0000
iprec_at_recall_0.20  	query1974	0.0000
iprec_at_recall_0.30  	query1974	0.0000
iprec_at_recall_0.40  	query1974	0.0000
iprec_at_recall_0.50  	query1974	0.0000
iprec_at_recall_0.60  	query1974	0.0000
iprec_at_recall_0.70  	query1974	0.0000
iprec_at_recall_0.80  	query1974	0.0000
iprec_at_recall_0.90  	query1974	0.0000
iprec_at_recall_1.00  	query1974	0.0000
P_5                   	query1974	0.0000
P_10                  	query1974	0.0000
P_15                  	query1974	0.0000
P_20                  	query1974	0.0000
P_30                  	query1974	0.0000
P_100                 	query1974	0.0000
P_200                 	query1974	0.0000
P_500                 	query1974	0.0000
P_1000                	query1974	0.0000
num_ret               	query1993	20
num_rel               	query1993	3
num_rel_ret           	query1993	0
map                   	query1993	0.0000
Rprec                 	query1993	0.0000
bpref                 	query1993	0.0000
recip_rank            	query1993	0.0000
iprec_at_recall_0.00  	query1993	0.0000
iprec_at_recall_0.10  	query1993	0.0000
iprec_at_recall_0.20  	query1993	0.0000
iprec_at_recall_0.30  	query1993	0.0000
iprec_at_recall_0.40  	query1993	0.0000
iprec_at_recall_0.50  	query1993	0.0000
iprec_at_recall_0.60  	query1993	0.0000
iprec_at_recall_0.70  	query1993	0.0000
iprec_at_recall_0.80  	query1993	0.0000
iprec_at_recall_0.90  	query1993	0.0000
iprec_at_recall_1.00  	query1993	0.0000
P_5                   	query1993	0.0000
P_10                  	query1993	0.0000
P_15                  	query1993	0.0000
P_20                  	query1993	0.0000
P_30                  	query1993	0.0000
P_100                 	query1993	0.0000
P_200                 	query1993	0.0000
P_500                 	query1993	0.0000
P_1000                	query1993	0.0000
num_ret               	query2003	11
num_rel               	query2003	1
num_rel_ret           	query2003	0
map                   	query2003	0.0000
Rprec                 	query2003	0.0000
bpref                 	query2003	0.0000
recip_rank            	query2003	0.0000
iprec_at_recall_0.00  	query2003	0.0000
iprec_at_recall_0.10  	query2003	0.0000
iprec_at_recall_0.20  	query2003	0.0000
iprec_at_recall_0.30  	query2003	0.0000
iprec_at_recall_0.40  	query2003	0.0000
iprec_at_recall_0.50  	query2003	0.0000
iprec_at_recall_0.60  	query2003	0.0000
iprec_at_recall_0.70  	query2003	0.0000
iprec_at_recall_0.80  	query2003	0.0000
iprec_at_recall_0.90  	query2003	0.0000
iprec_at_recall_1.00  	query2003	0.0000
P_5                   	query2003	0.0000
P_10                  	query2003	0.0000
P_15                  	query2003	0.0000
P_20                  	query2003	0.0000
P_30                  	query2003	0.0000
P_100                 	query2003	0.0000
P_200                 	query2003	0.0000
P_500                 	query2003	0.0000
P_1000                	query2003	0.0000
num_ret               	query2031	6
num_rel               	query2031	2
num_rel_ret           	query2031	0
map                   	query2031	0.0000
Rprec                 	query2031	0.0000
bpref                 	query2031	0.0000
recip_rank            	query2031	0.0000
iprec_at_recall_0.00  	query2031	0.0000
iprec_at_recall_0.10  	query2031	0.0000
iprec_at_recall_0.20  	query2031	0.0000
iprec_at_recall_0.30  	query2031	0.0000
iprec_at_recall_0.40  	query2031	0.0000
iprec_at_recall_0.50  	query2031	0.0000
iprec_at_recall_0.60  	query2031	0.0000
iprec_at_recall_0.70  	query2031	0.0000
iprec_at_recall_0.80  	query2031	0.0000
iprec_at_recall_0.90  	query2031	0.0000
iprec_at_recall_1.00  	query2031	0.0000
P_5                   	query2031	0.0000
P_10                  	query2031	0.0000
P_15                  	query2031	0.0000
P_20                  	query2031	0.0000
P_30                  	query2031	0.0000
P_100                 	query2031	0.0000
P_200                 	query2031	0.0000
P_500                 	query2031	0.0000
P_1000                	query2031	0.0000
num_ret               	query2447	15
num_rel               	query2447	2
num_rel_ret           	query2447	0
map                   	query2447	0.0000
Rprec                 	query2447	0.0000
bpref                 	query2447	0.0000
recip_rank            	query2447	0.0000
iprec_at_recall_0.00  	query2447	0.0000
iprec_at_recall_0.10  	query2447	0.0000
iprec_at_recall_0.20  	query2447	0.0000
iprec_at_recall_0.30  	query2447	0.0000
iprec_at_recall_0.40  	query2447	0.0000
iprec_at_recall_0.50  	query2447	0.0000
iprec_at_recall_0.60  	query2447	0.0000
iprec_at_recall_0.70  	query2447	0.0000
iprec_at_recall_0.80  	query2447	0.0000
iprec_at_recall_0.90  	query2447	0.0000
iprec_at_recall_1.00  	query2447	0.0000
P_5                   	query2447	0.0000
P_10                  	query2447	0.0000
P_15                  	query2447	0.0000
P_20                  	query2447	0.0000
P_30                  	query2447	0.0000
P_100                 	query2447	0.0000
P_200                 	query2447	0.0000
P_500                 	query2447	0.0000
P_1000                	query2447	0.0000
num_ret               	query2731	20
num_rel               	query2731	1
num_rel_ret           	query2731	0
map                   	query2731	0.0000
Rprec                 	query2731	0.0000
bpref                 	query2731	0.0000
recip_rank            	query2731	0.0000
iprec_at_recall_0.00  	query2731	0.0000
iprec_at_recall_0.10  	query2731	0.0000
iprec_at_recall_0.20  	query2731	0.0000
iprec_at_recall_0.30  	query2731	0.0000
iprec_at_recall_0.40  	query2731	0.0000
iprec_at_recall_0.50  	query2731	0.0000
iprec_at_recall_0.60  	query2731	0.0000
iprec_at_recall_0.70  	query2731	0.0000
iprec_at_recall_0.80  	query2731	0.0000
iprec_at_recall_0.90  	query2731	0.0000
iprec_at_recall_1.00  	query2731	0.0000
P_5                   	query2731	0.0000
P_10                  	query2731	0.0000
P_15                  	query2731	0.0000
P_20                  	query2731	0.0000
P_30                  	query2731	0.0000
P_100                 	query2731	0.0000
P_200                 	query2731	0.0000
P_500                 	query2731	0.0000
P_1000                	query2731	0.0000
num_ret               	query2976	20
num_rel               	query2976	3
num_rel_ret           	query2976	0
map                   	query2976	0.0000
Rprec                 	query2976	0.0000
bpref                 	query2976	0.0000
recip_rank            	query2976	0.0000
iprec_at_recall_0.00  	query2976	0.0000
iprec_at_recall_0.10  	query2976	0.0000
iprec_at_recall_0.20  	query2976	0.0000
iprec_at_recall_0.30  	query2976	0.0000
iprec_at_recall_0.40  	query2976	0.0000
iprec_at_recall_0.50  	query2976	0.0000
iprec_at_recall_0.60  	query2976	0.0000
iprec_at_recall_0.70  	query2976	0.0000
iprec_at_recall_0.80  	query2976	0.0000
iprec_at_recall_0.90  	query2976	0.0000
iprec_at_recall_1.00  	query2976	0.0000
P_5                   	query2976	0.0000
P_10                  	query2976	0.0000
P_15                  	query2976	0.0000
P_20                  	query2976	0.0000
P_30                  	query2976	0.0000
P_100                 	query2976	0.0000
P_200                 	query2976	0.0000
P_500                 	query2976	0.0000
P_1000                	query2976	0.0000
num_ret               	query3018	20
num_rel               	query3018	1
num_rel_ret           	query3018	0
map                   	query3018	0.0000
Rprec                 	query3018	0.0000
bpref                 	query3018	0.0000
recip_rank            	query3018	0.0000
iprec_at_recall_0.00  	query3018	0.0000
iprec_at_recall_0.10  	query3018	0.0000
iprec_at_recall_0.20  	query3018	0.0000
iprec_at_recall_0.30  	query3018	0.0000
iprec_at_recall_0.40  	query3018	0.0000
iprec_at_recall_0.50  	query3018	0.0000
iprec_at_recall_0.60  	query3018	0.0000
iprec_at_recall_0.70  	query3018	0.0000
iprec_at_recall_0.80  	query3018	0.0000
iprec_at_recall_0.90  	query3018	0.0000
iprec_at_recall_1.00  	query3018	0.0000
P_5                   	query3018	0.0000
P_10                  	query3018	0.0000
P_15                  	query3018	0.0000
P_20                  	query3018	0.0000
P_30                  	query3018	0.0000
P_100                 	query3018	0.0000
P_200                 	query3018	0.0000
P_500                 	query3018	0.0000
P_1000                	query3018	0.0000
num_ret               	query3041	20
num_rel               	query3041	2
num_rel_ret           	query3041	0
map                   	query3041	0.0000
Rprec                 	query3041	0.0000
bpref                 	query3041	0.0000
recip_rank            	query3041	0.0000
iprec_at_recall_0.00  	query3041	0.0000
iprec_at_recall_0.10  	query3041	0.0000
iprec_at_recall_0.20  	query3041	0.0000
iprec_at_recall_0.30  	query3041	0.0000
iprec_at_recall_0.40  	query3041	0.0000
iprec_at_recall_0.50  	query3041	0.0000
iprec_at_recall_0.60  	query3041	0.0000
iprec_at_recall_0.70  	query3041	0.0000
iprec_at_recall_0.80  	query3041	0.0000
iprec_at_recall_0.90  	query3041	0.0000
iprec_at_recall_1.00  	query3041	0.0000
P_5                   	query3041	0.0000
P_10                  	query3041	0.0000
P_15                  	query3041	0.0000
P_20                  	query3041	0.0000
P_30                  	query3041	0.0000
P_100                 	query3041	0.0000
P_200                 	query3041	0.0000
P_500                 	query3041	0.0000
P_1000                	query3041	0.0000
num_ret               	query3120	20
num_rel               	query3120	8
num_rel_ret           	query3120	1
map                   	query3120	0.0096
Rprec                 	query3120	0.0000
bpref                 	query3120	0.1250
recip_rank            	query3120	0.0769
iprec_at_recall_0.00  	query3120	0.0769
iprec_at_recall_0.10  	query3120	0.0769
iprec_at_recall_0.20  	query3120	0.0000
iprec_at_recall_0.30  	query3120	0.0000
iprec_at_recall_0.40  	query3120	0.0000
iprec_at_recall_0.50  	query3120	0.0000
iprec_at_recall_0.60  	query3120	0.0000
iprec_at_recall_0.70  	query3120	0.0000
iprec_at_recall_0.80  	query3120	0.0000
iprec_at_recall_0.90  	query3120	0.0000
iprec_at_recall_1.00  	query3120	0.0000
P_5                   	query3120	0.0000
P_10                  	query3120	0.0000
P_15                  	query3120	0.0667
P_20                  	query3120	0.0500
P_30                  	query3120	0.0333
P_100                 	query3120	0.0100
P_200                 	query3120	0.0050
P_500                 	query3120	0.0020
P_1000                	query3120	0.0010
num_ret               	query3215	10
num_rel               	query3215	1
num_rel_ret           	query3215	0
map                   	query3215	0.0000
Rprec                 	query3215	0.0000
bpref                 	query3215	0.0000
recip_rank            	query3215	0.0000
iprec_at_recall_0.00  	query3215	0.0000
iprec_at_recall_0.10  	query3215	0.0000
iprec_at_recall_0.20  	query3215	0.0000
iprec_at_recall_0.30  	query3215	0.0000
iprec_at_recall_0.40  	query3215	0.0000
iprec_at_recall_0.50  	query3215	0.0000
iprec_at_recall_0.60  	query3215	0.0000
iprec_at_recall_0.70  	query3215	0.0000
iprec_at_recall_0.80  	query3215	0.0000
iprec_at_recall_0.90  	query3215	0.0000
iprec_at_recall_1.00  	query3215	0.0000
P_5                   	query3215	0.0000
P_10                  	query3215	0.0000
P_15                  	query3215	0.0000
P_20                  	query3215	0.0000
P_30                  	query3215	0.0000
P_100                 	query3215	0.0000
P_200                 	query3215	0.0000
P_500                 	query3215	0.0000
P_1000                	query3215	0.0000
num_ret               	query3290	1
num_rel               	query3290	1
num_rel_ret           	query3290	0
map                   	query3290	0.0000
Rprec                 	query3290	0.0000
bpref                 	query3290	0.0000
recip_rank            	query3290	0.0000
iprec_at_recall_0.00  	query3290	0.0000
iprec_at_recall_0.10  	query3290	0.0000
iprec_at_recall_0.20  	query3290	0.0000
iprec_at_recall_0.30  	query3290	0.0000
iprec_at_recall_0.40  	query3290	0.0000
iprec_at_recall_0.50  	query3290	0.0000
iprec_at_recall_0.60  	query3290	0.0000
iprec_at_recall_0.70  	query3290	0.0000
iprec_at_recall_0.80  	query3290	0.0000
iprec_at_recall_0.90  	query3290	0.0000
iprec_at_recall_1.00  	query3290	0.0000
P_5                   	query3290	0.0000
P_10                  	query3290	0.0000
P_15                  	query3290	0.0000
P_20                  	query3290	0.0000
P_30                  	query3290	0.0000
P_100                 	query3290	0.0000
P_200                 	query3290	0.0000
P_500                 	query3290	0.0000
P_1000                	query3290	0.0000
num_ret               	query3636	3
num_rel               	query3636	2
num_rel_ret           	query3636	0
map                   	query3636	0.0000
Rprec                 	query3636	0.0000
bpref                 	query3636	0.0000
recip_rank            	query3636	0.0000
iprec_at_recall_0.00  	query3636	0.0000
iprec_at_recall_0.10  	query3636	0.0000
iprec_at_recall_0.20  	query3636	0.0000
iprec_at_recall_0.30  	query3636	0.0000
iprec_at_recall_0.40  	query3636	0.0000
iprec_at_recall_0.50  	query3636	0.0000
iprec_at_recall_0.60  	query3636	0.0000
iprec_at_recall_0.70  	query3636	0.0000
iprec_at_recall_0.80  	query3636	0.0000
iprec_at_recall_0.90  	query3636	0.0000
iprec_at_recall_1.00  	query3636	0.0000
P_5                   	query3636	0.0000
P_10                  	query3636	0.0000
P_15                  	query3636	0.0000
P_20                  	query3636	0.0000
P_30                  	query3636	0.0000
P_100                 	query3636	0.0000
P_200                 	query3636	0.0000
P_500                 	query3636	0.0000
P_1000                	query3636	0.0000
num_ret               	query3736	12
num_rel               	query3736	1
num_rel_ret           	query3736	0
map                   	query3736	0.0000
Rprec                 	query3736	0.0000
bpref                 	query3736	0.0000
recip_rank            	query3736	0.0000
iprec_at_recall_0.00  	query3736	0.0000
iprec_at_recall_0.10  	query3736	0.0000
iprec_at_recall_0.20  	query3736	0.0000
iprec_at_recall_0.30  	query3736	0.0000
iprec_at_recall_0.40  	query3736	0.0000
iprec_at_recall_0.50  	query3736	0.0000
iprec_at_recall_0.60  	query3736	0.0000
iprec_at_recall_0.70  	query3736	0.0000
iprec_at_recall_0.80  	query3736	0.0000
iprec_at_recall_0.90  	query3736	0.0000
iprec_at_recall_1.00  	query3736	0.0000
P_5                   	query3736	0.0000
P_10                  	query3736	0.0000
P_15                  	query3736	0.0000
P_20                  	query3736	0.0000
P_30                  	query3736	0.0000
P_100                 	query3736	0.0000
P_200                 	query3736	0.0000
P_500                 	query3736	0.0000
P_1000                	query3736	0.0000
num_ret               	query701	13
num_rel               	query701	2
num_rel_ret           	query701	0
map                   	query701	0.0000
Rprec                 	query701	0.0000
bpref                 	query701	0.0000
recip_rank            	query701	0.0000
iprec_at_recall_0.00  	query701	0.0000
iprec_at_recall_0.10  	query701	0.0000
iprec_at_recall_0.20  	query701	0.0000
iprec_at_recall_0.30  	query701	0.0000
iprec_at_recall_0.40  	query701	0.0000
iprec_at_recall_0.50  	query701	0.0000
iprec_at_recall_0.60  	query701	0.0000
iprec_at_recall_0.70  	query701	0.0000
iprec_at_recall_0.80  	query701	0.0000
iprec_at_recall_0.90  	query701	0.0000
iprec_at_recall_1.00  	query701	0.0000
P_5                   	query701	0.0000
P_10                  	query701	0.0000
P_15                  	query701	0.0000
P_20                  	query701	0.0000
P_30                  	query701	0.0000
P_100                 	query701	0.0000
P_200                 	query701	0.0000
P_500                 	query701	0.0000
P_1000                	query701	0.0000
runid                 	all	indri
num_q                 	all	28
num_ret               	all	355
num_rel               	all	71
num_rel_ret           	all	3
map                   	all	0.0048
gm_map                	all	0.0000
Rprec                 	all	0.0147
bpref                 	all	0.0191
recip_rank            	all	0.0206
iprec_at_recall_0.00  	all	0.0206
iprec_at_recall_0.10  	all	0.0147
iprec_at_recall_0.20  	all	0.0119
iprec_at_recall_0.30  	all	0.0119
iprec_at_recall_0.40  	all	0.0000
iprec_at_recall_0.50  	all	0.0000
iprec_at_recall_0.60  	all	0.0000
iprec_at_recall_0.70  	all	0.0000
iprec_at_recall_0.80  	all	0.0000
iprec_at_recall_0.90  	all	0.0000
iprec_at_recall_1.00  	all	0.0000
P_5                   	all	0.0071
P_10                  	all	0.0071
P_15                  	all	0.0071
P_20                  	all	0.0054
P_30                  	all	0.0036
P_100                 	all	0.0011
P_200                 	all	0.0005
P_500                 	all	0.0002
P_1000                	all	0.0001
