num_ret               	query1023	18
num_rel               	query1023	1
num_rel_ret           	query1023	1
map                   	query1023	0.2500
Rprec                 	query1023	0.0000
bpref                 	query1023	1.0000
recip_rank            	query1023	0.2500
iprec_at_recall_0.00  	query1023	0.2500
iprec_at_recall_0.10  	query1023	0.2500
iprec_at_recall_0.20  	query1023	0.2500
iprec_at_recall_0.30  	query1023	0.2500
iprec_at_recall_0.40  	query1023	0.2500
iprec_at_recall_0.50  	query1023	0.2500
iprec_at_recall_0.60  	query1023	0.2500
iprec_at_recall_0.70  	query1023	0.2500
iprec_at_recall_0.80  	query1023	0.2500
iprec_at_recall_0.90  	query1023	0.2500
iprec_at_recall_1.00  	query1023	0.2500
P_5                   	query1023	0.2000
P_10                  	query1023	0.1000
P_15                  	query1023	0.0667
P_20                  	query1023	0.0500
P_30                  	query1023	0.0333
P_100                 	query1023	0.0100
P_200                 	query1023	0.0050
P_500                 	query1023	0.0020
P_1000                	query1023	0.0010
num_ret               	query1030	20
num_rel               	query1030	1
num_rel_ret           	query1030	1
map                   	query1030	1.0000
Rprec                 	query1030	1.0000
bpref                 	query1030	1.0000
recip_rank            	query1030	1.0000
iprec_at_recall_0.00  	query1030	1.0000
iprec_at_recall_0.10  	query1030	1.0000
iprec_at_recall_0.20  	query1030	1.0000
iprec_at_recall_0.30  	query1030	1.0000
iprec_at_recall_0.40  	query1030	1.0000
iprec_at_recall_0.50  	query1030	1.0000
iprec_at_recall_0.60  	query1030	1.0000
iprec_at_recall_0.70  	query1030	1.0000
iprec_at_recall_0.80  	query1030	1.0000
iprec_at_recall_0.90  	query1030	1.0000
iprec_at_recall_1.00  	query1030	1.0000
P_5                   	query1030	0.2000
P_10                  	query1030	0.1000
P_15                  	query1030	0.0667
P_20                  	query1030	0.0500
P_30                  	query1030	0.0333
P_100                 	query1030	0.0100
P_200                 	query1030	0.0050
P_500                 	query1030	0.0020
P_1000                	query1030	0.0010
num_ret               	query1053	3
num_rel               	query1053	4
num_rel_ret           	query1053	2
map                   	query1053	0.5000
Rprec                 	query1053	0.5000
bpref                 	query1053	0.5000
recip_rank            	query1053	1.0000
iprec_at_recall_0.00  	query1053	1.0000
iprec_at_recall_0.10  	query1053	1.0000
iprec_at_recall_0.20  	query1053	1.0000
iprec_at_recall_0.30  	query1053	1.0000
iprec_at_recall_0.40  	query1053	1.0000
iprec_at_recall_0.50  	query1053	1.0000
iprec_at_recall_0.60  	query1053	0.0000
iprec_at_recall_0.70  	query1053	0.0000
iprec_at_recall_0.80  	query1053	0.0000
iprec_at_recall_0.90  	query1053	0.0000
iprec_at_recall_1.00  	query1053	0.0000
P_5                   	query1053	0.4000
P_10                  	query1053	0.2000
P_15                  	query1053	0.1333
P_20                  	query1053	0.1000
P_30                  	query1053	0.0667
P_100                 	query1053	0.0200
P_200                 	query1053	0.0100
P_500                 	query1053	0.0040
P_1000                	query1053	0.0020
num_ret               	query1057	20
num_rel               	query1057	1
num_rel_ret           	query1057	0
map                   	query1057	0.0000
Rprec                 	query1057	0.0000
bpref                 	query1057	0.0000
recip_rank            	query1057	0.0000
iprec_at_recall_0.00  	query1057	0.0000
iprec_at_recall_0.10  	query1057	0.0000
iprec_at_recall_0.20  	query1057	0.0000
iprec_at_recall_0.30  	query1057	0.0000
iprec_at_recall_0.40  	query1057	0.0000
iprec_at_recall_0.50  	query1057	0.0000
iprec_at_recall_0.60  	query1057	0.0000
iprec_at_recall_0.70  	query1057	0.0000
iprec_at_recall_0.80  	query1057	0.0000
iprec_at_recall_0.90  	query1057	0.0000
iprec_at_recall_1.00  	query1057	0.0000
P_5                   	query1057	0.0000
P_10                  	query1057	0.0000
P_15                  	query1057	0.0000
P_20                  	query1057	0.0000
P_30                  	query1057	0.0000
P_100                 	query1057	0.0000
P_200                 	query1057	0.0000
P_500                 	query1057	0.0000
P_1000                	query1057	0.0000
num_ret               	query1335	20
num_rel               	query1335	1
num_rel_ret           	query1335	1
map                   	query1335	1.0000
Rprec                 	query1335	1.0000
bpref                 	query1335	1.0000
recip_rank            	query1335	1.0000
iprec_at_recall_0.00  	query1335	1.0000
iprec_at_recall_0.10  	query1335	1.0000
iprec_at_recall_0.20  	query1335	1.0000
iprec_at_recall_0.30  	query1335	1.0000
iprec_at_recall_0.40  	query1335	1.0000
iprec_at_recall_0.50  	query1335	1.0000
iprec_at_recall_0.60  	query1335	1.0000
iprec_at_recall_0.70  	query1335	1.0000
iprec_at_recall_0.80  	query1335	1.0000
iprec_at_recall_0.90  	query1335	1.0000
iprec_at_recall_1.00  	query1335	1.0000
P_5                   	query1335	0.2000
P_10                  	query1335	0.1000
P_15                  	query1335	0.0667
P_20                  	query1335	0.0500
P_30                  	query1335	0.0333
P_100                 	query1335	0.0100
P_200                 	query1335	0.0050
P_500                 	query1335	0.0020
P_1000                	query1335	0.0010
num_ret               	query1338	20
num_rel               	query1338	2
num_rel_ret           	query1338	1
map                   	query1338	0.5000
Rprec                 	query1338	0.5000
bpref                 	query1338	0.5000
recip_rank            	query1338	1.0000
iprec_at_recall_0.00  	query1338	1.0000
iprec_at_recall_0.10  	query1338	1.0000
iprec_at_recall_0.20  	query1338	1.0000
iprec_at_recall_0.30  	query1338	1.0000
iprec_at_recall_0.40  	query1338	1.0000
iprec_at_recall_0.50  	query1338	1.0000
iprec_at_recall_0.60  	query1338	0.0000
iprec_at_recall_0.70  	query1338	0.0000
iprec_at_recall_0.80  	query1338	0.0000
iprec_at_recall_0.90  	query1338	0.0000
iprec_at_recall_1.00  	query1338	0.0000
P_5                   	query1338	0.2000
P_10                  	query1338	0.1000
P_15                  	query1338	0.0667
P_20                  	query1338	0.0500
P_30                  	query1338	0.0333
P_100                 	query1338	0.0100
P_200                 	query1338	0.0050
P_500                 	query1338	0.0020
P_1000                	query1338	0.0010
num_ret               	query1406	20
num_rel               	query1406	13
num_rel_ret           	query1406	13
map                   	query1406	0.9501
Rprec                 	query1406	0.8462
bpref                 	query1406	1.0000
recip_rank            	query1406	1.0000
iprec_at_recall_0.00  	query1406	1.0000
iprec_at_recall_0.10  	query1406	1.0000
iprec_at_recall_0.20  	query1406	1.0000
iprec_at_recall_0.30  	query1406	1.0000
iprec_at_recall_0.40  	query1406	1.0000
iprec_at_recall_0.50  	query1406	1.0000
iprec_at_recall_0.60  	query1406	1.0000
iprec_at_recall_0.70  	query1406	1.0000
iprec_at_recall_0.80  	query1406	0.9167
iprec_at_recall_0.90  	query1406	0.7500
iprec_at_recall_1.00  	query1406	0.6842
P_5                   	query1406	1.0000
P_10                  	query1406	1.0000
P_15                  	query1406	0.7333
P_20                  	query1406	0.6500
P_30                  	query1406	0.4333
P_100                 	query1406	0.1300
P_200                 	query1406	0.0650
P_500                 	query1406	0.0260
P_1000                	query1406	0.0130
num_ret               	query1409	13
num_rel               	query1409	1
num_rel_ret           	query1409	1
map                   	query1409	0.1667
Rprec                 	query1409	0.0000
bpref                 	query1409	1.0000
recip_rank            	query1409	0.1667
iprec_at_recall_0.00  	query1409	0.1667
iprec_at_recall_0.10  	query1409	0.1667
iprec_at_recall_0.20  	query1409	0.1667
iprec_at_recall_0.30  	query1409	0.1667
iprec_at_recall_0.40  	query1409	0.1667
iprec_at_recall_0.50  	query1409	0.1667
iprec_at_recall_0.60  	query1409	0.1667
iprec_at_recall_0.70  	query1409	0.1667
iprec_at_recall_0.80  	query1409	0.1667
iprec_at_recall_0.90  	query1409	0.1667
iprec_at_recall_1.00  	query1409	0.1667
P_5                   	query1409	0.0000
P_10                  	query1409	0.1000
P_15                  	query1409	0.0667
P_20                  	query1409	0.0500
P_30                  	query1409	0.0333
P_100                 	query1409	0.0100
P_200                 	query1409	0.0050
P_500                 	query1409	0.0020
P_1000                	query1409	0.0010
num_ret               	query1412	10
num_rel               	query1412	2
num_rel_ret           	query1412	2
map                   	query1412	0.6000
Rprec                 	query1412	0.5000
bpref                 	query1412	1.0000
recip_rank            	query1412	1.0000
iprec_at_recall_0.00  	query1412	1.0000
iprec_at_recall_0.10  	query1412	1.0000
iprec_at_recall_0.20  	query1412	1.0000
iprec_at_recall_0.30  	query1412	1.0000
iprec_at_recall_0.40  	query1412	1.0000
iprec_at_recall_0.50  	query1412	1.0000
iprec_at_recall_0.60  	query1412	0.2000
iprec_at_recall_0.70  	query1412	0.2000
iprec_at_recall_0.80  	query1412	0.2000
iprec_at_recall_0.90  	query1412	0.2000
iprec_at_recall_1.00  	query1412	0.2000
P_5                   	query1412	0.2000
P_10                  	query1412	0.2000
P_15                  	query1412	0.1333
P_20                  	query1412	0.1000
P_30                  	query1412	0.0667
P_100                 	query1412	0.0200
P_200                 	query1412	0.0100
P_500                 	query1412	0.0040
P_1000                	query1412	0.0020
num_ret               	query1421	20
num_rel               	query1421	2
num_rel_ret           	query1421	2
map                   	query1421	0.1214
Rprec                 	query1421	0.0000
bpref                 	query1421	1.0000
recip_rank            	query1421	0.1000
iprec_at_recall_0.00  	query1421	0.1429
iprec_at_recall_0.10  	query1421	0.1429
iprec_at_recall_0.20  	query1421	0.1429
iprec_at_recall_0.30  	query1421	0.1429
iprec_at_recall_0.40  	query1421	0.1429
iprec_at_recall_0.50  	query1421	0.1429
iprec_at_recall_0.60  	query1421	0.1429
iprec_at_recall_0.70  	query1421	0.1429
iprec_at_recall_0.80  	query1421	0.1429
iprec_at_recall_0.90  	query1421	0.1429
iprec_at_recall_1.00  	query1421	0.1429
P_5                   	query1421	0.0000
P_10                  	query1421	0.1000
P_15                  	query1421	0.1333
P_20                  	query1421	0.1000
P_30                  	query1421	0.0667
P_100                 	query1421	0.0200
P_200                 	query1421	0.0100
P_500                 	query1421	0.0040
P_1000                	query1421	0.0020
num_ret               	query1465	20
num_rel               	query1465	6
num_rel_ret           	query1465	4
map                   	query1465	0.3505
Rprec                 	query1465	0.3333
bpref                 	query1465	0.6667
recip_rank            	query1465	1.0000
iprec_at_recall_0.00  	query1465	1.0000
iprec_at_recall_0.10  	query1465	1.0000
iprec_at_recall_0.20  	query1465	0.6667
iprec_at_recall_0.30  	query1465	0.6667
iprec_at_recall_0.40  	query1465	0.2222
iprec_at_recall_0.50  	query1465	0.2222
iprec_at_recall_0.60  	query1465	0.2222
iprec_at_recall_0.70  	query1465	0.0000
iprec_at_recall_0.80  	query1465	0.0000
iprec_at_recall_0.90  	query1465	0.0000
iprec_at_recall_1.00  	query1465	0.0000
P_5                   	query1465	0.4000
P_10                  	query1465	0.2000
P_15                  	query1465	0.2000
P_20                  	query1465	0.2000
P_30                  	query1465	0.1333
P_100                 	query1465	0.0400
P_200                 	query1465	0.0200
P_500                 	query1465	0.0080
P_1000                	query1465	0.0040
num_ret               	query1521	7
num_rel               	query1521	5
num_rel_ret           	query1521	4
map                   	query1521	0.5867
Rprec                 	query1521	0.6000
bpref                 	query1521	0.8000
recip_rank            	query1521	1.0000
iprec_at_recall_0.00  	query1521	1.0000
iprec_at_recall_0.10  	query1521	1.0000
iprec_at_recall_0.20  	query1521	1.0000
iprec_at_recall_0.30  	query1521	0.6667
iprec_at_recall_0.40  	query1521	0.6667
iprec_at_recall_0.50  	query1521	0.6667
iprec_at_recall_0.60  	query1521	0.6667
iprec_at_recall_0.70  	query1521	0.6667
iprec_at_recall_0.80  	query1521	0.6667
iprec_at_recall_0.90  	query1521	0.0000
iprec_at_recall_1.00  	query1521	0.0000
P_5                   	query1521	0.6000
P_10                  	query1521	0.4000
P_15                  	query1521	0.2667
P_20                  	query1521	0.2000
P_30                  	query1521	0.1333
P_100                 	query1521	0.0400
P_200                 	query1521	0.0200
P_500                 	query1521	0.0080
P_1000                	query1521	0.0040
num_ret               	query1598	2
num_rel               	query1598	1
num_rel_ret           	query1598	1
map                   	query1598	0.5000
Rprec                 	query1598	0.0000
bpref                 	query1598	1.0000
recip_rank            	query1598	0.5000
iprec_at_recall_0.00  	query1598	0.5000
iprec_at_recall_0.10  	query1598	0.5000
iprec_at_recall_0.20  	query1598	0.5000
iprec_at_recall_0.30  	query1598	0.5000
iprec_at_recall_0.40  	query1598	0.5000
iprec_at_recall_0.50  	query1598	0.5000
iprec_at_recall_0.60  	query1598	0.5000
iprec_at_recall_0.70  	query1598	0.5000
iprec_at_recall_0.80  	query1598	0.5000
iprec_at_recall_0.90  	query1598	0.5000
iprec_at_recall_1.00  	query1598	0.5000
P_5                   	query1598	0.2000
P_10                  	query1598	0.1000
P_15                  	query1598	0.0667
P_20                  	query1598	0.0500
P_30                  	query1598	0.0333
P_100                 	query1598	0.0100
P_200                 	query1598	0.0050
P_500                 	query1598	0.0020
P_1000                	query1598	0.0010
num_ret               	query1645	2
num_rel               	query1645	1
num_rel_ret           	query1645	1
map                   	query1645	1.0000
Rprec                 	query1645	1.0000
bpref                 	query1645	1.0000
recip_rank            	query1645	1.0000
iprec_at_recall_0.00  	query1645	1.0000
iprec_at_recall_0.10  	query1645	1.0000
iprec_at_recall_0.20  	query1645	1.0000
iprec_at_recall_0.30  	query1645	1.0000
iprec_at_recall_0.40  	query1645	1.0000
iprec_at_recall_0.50  	query1645	1.0000
iprec_at_recall_0.60  	query1645	1.0000
iprec_at_recall_0.70  	query1645	1.0000
iprec_at_recall_0.80  	query1645	1.0000
iprec_at_recall_0.90  	query1645	1.0000
iprec_at_recall_1.00  	query1645	1.0000
P_5                   	query1645	0.2000
P_10                  	query1645	0.1000
P_15                  	query1645	0.0667
P_20                  	query1645	0.0500
P_30                  	query1645	0.0333
P_100                 	query1645	0.0100
P_200                 	query1645	0.0050
P_500                 	query1645	0.0020
P_1000                	query1645	0.0010
num_ret               	query1683	3
num_rel               	query1683	1
num_rel_ret           	query1683	0
map                   	query1683	0.0000
Rprec                 	query1683	0.0000
bpref                 	query1683	0.0000
recip_rank            	query1683	0.0000
iprec_at_recall_0.00  	query1683	0.0000
iprec_at_recall_0.10  	query1683	0.0000
iprec_at_recall_0.20  	query1683	0.0000
iprec_at_recall_0.30  	query1683	0.0000
iprec_at_recall_0.40  	query1683	0.0000
iprec_at_recall_0.50  	query1683	0.0000
iprec_at_recall_0.60  	query1683	0.0000
iprec_at_recall_0.70  	query1683	0.0000
iprec_at_recall_0.80  	query1683	0.0000
iprec_at_recall_0.90  	query1683	0.0000
iprec_at_recall_1.00  	query1683	0.0000
P_5                   	query1683	0.0000
P_10                  	query1683	0.0000
P_15                  	query1683	0.0000
P_20                  	query1683	0.0000
P_30                  	query1683	0.0000
P_100                 	query1683	0.0000
P_200                 	query1683	0.0000
P_500                 	query1683	0.0000
P_1000                	query1683	0.0000
num_ret               	query1721	3
num_rel               	query1721	13
num_rel_ret           	query1721	0
map                   	query1721	0.0000
Rprec                 	query1721	0.0000
bpref                 	query1721	0.0000
recip_rank            	query1721	0.0000
iprec_at_recall_0.00  	query1721	0.0000
iprec_at_recall_0.10  	query1721	0.0000
iprec_at_recall_0.20  	query1721	0.0000
iprec_at_recall_0.30  	query1721	0.0000
iprec_at_recall_0.40  	query1721	0.0000
iprec_at_recall_0.50  	query1721	0.0000
iprec_at_recall_0.60  	query1721	0.0000
iprec_at_recall_0.70  	query1721	0.0000
iprec_at_recall_0.80  	query1721	0.0000
iprec_at_recall_0.90  	query1721	0.0000
iprec_at_recall_1.00  	query1721	0.0000
P_5                   	query1721	0.0000
P_10                  	query1721	0.0000
P_15                  	query1721	0.0000
P_20                  	query1721	0.0000
P_30                  	query1721	0.0000
P_100                 	query1721	0.0000
P_200                 	query1721	0.0000
P_500                 	query1721	0.0000
P_1000                	query1721	0.0000
num_ret               	query1728	20
num_rel               	query1728	3
num_rel_ret           	query1728	0
map                   	query1728	0.0000
Rprec                 	query1728	0.0000
bpref                 	query1728	0.0000
recip_rank            	query1728	0.0000
iprec_at_recall_0.00  	query1728	0.0000
iprec_at_recall_0.10  	query1728	0.0000
iprec_at_recall_0.20  	query1728	0.0000
iprec_at_recall_0.30  	query1728	0.0000
iprec_at_recall_0.40  	query1728	0.0000
iprec_at_recall_0.50  	query1728	0.0000
iprec_at_recall_0.60  	query1728	0.0000
iprec_at_recall_0.70  	query1728	0.0000
iprec_at_recall_0.80  	query1728	0.0000
iprec_at_recall_0.90  	query1728	0.0000
iprec_at_recall_1.00  	query1728	0.0000
P_5                   	query1728	0.0000
P_10                  	query1728	0.0000
P_15                  	query1728	0.0000
P_20                  	query1728	0.0000
P_30                  	query1728	0.0000
P_100                 	query1728	0.0000
P_200                 	query1728	0.0000
P_500                 	query1728	0.0000
P_1000                	query1728	0.0000
num_ret               	query1729	18
num_rel               	query1729	2
num_rel_ret           	query1729	2
map                   	query1729	0.8333
Rprec                 	query1729	0.5000
bpref                 	query1729	1.0000
recip_rank            	query1729	1.0000
iprec_at_recall_0.00  	query1729	1.0000
iprec_at_recall_0.10  	query1729	1.0000
iprec_at_recall_0.20  	query1729	1.0000
iprec_at_recall_0.30  	query1729	1.0000
iprec_at_recall_0.40  	query1729	1.0000
iprec_at_recall_0.50  	query1729	1.0000
iprec_at_recall_0.60  	query1729	0.6667
iprec_at_recall_0.70  	query1729	0.6667
iprec_at_recall_0.80  	query1729	0.6667
iprec_at_recall_0.90  	query1729	0.6667
iprec_at_recall_1.00  	query1729	0.6667
P_5                   	query1729	0.4000
P_10                  	query1729	0.2000
P_15                  	query1729	0.1333
P_20                  	query1729	0.1000
P_30                  	query1729	0.0667
P_100                 	query1729	0.0200
P_200                 	query1729	0.0100
P_500                 	query1729	0.0040
P_1000                	query1729	0.0020
num_ret               	query1785	1
num_rel               	query1785	3
num_rel_ret           	query1785	1
map                   	query1785	0.3333
Rprec                 	query1785	0.3333
bpref                 	query1785	0.3333
recip_rank            	query1785	1.0000
iprec_at_recall_0.00  	query1785	1.0000
iprec_at_recall_0.10  	query1785	1.0000
iprec_at_recall_0.20  	query1785	1.0000
iprec_at_recall_0.30  	query1785	1.0000
iprec_at_recall_0.40  	query1785	0.0000
iprec_at_recall_0.50  	query1785	0.0000
iprec_at_recall_0.60  	query1785	0.0000
iprec_at_recall_0.70  	query1785	0.0000
iprec_at_recall_0.80  	query1785	0.0000
iprec_at_recall_0.90  	query1785	0.0000
iprec_at_recall_1.00  	query1785	0.0000
P_5                   	query1785	0.2000
P_10                  	query1785	0.1000
P_15                  	query1785	0.0667
P_20                  	query1785	0.0500
P_30                  	query1785	0.0333
P_100                 	query1785	0.0100
P_200                 	query1785	0.0050
P_500                 	query1785	0.0020
P_1000                	query1785	0.0010
num_ret               	query1802	20
num_rel               	query1802	6
num_rel_ret           	query1802	2
map                   	query1802	0.2778
Rprec                 	query1802	0.3333
bpref                 	query1802	0.3333
recip_rank            	query1802	1.0000
iprec_at_recall_0.00  	query1802	1.0000
iprec_at_recall_0.10  	query1802	1.0000
iprec_at_recall_0.20  	query1802	0.6667
iprec_at_recall_0.30  	query1802	0.6667
iprec_at_recall_0.40  	query1802	0.0000
iprec_at_recall_0.50  	query1802	0.0000
iprec_at_recall_0.60  	query1802	0.0000
iprec_at_recall_0.70  	query1802	0.0000
iprec_at_recall_0.80  	query1802	0.0000
iprec_at_recall_0.90  	query1802	0.0000
iprec_at_recall_1.00  	query1802	0.0000
P_5                   	query1802	0.4000
P_10                  	query1802	0.2000
P_15                  	query1802	0.1333
P_20                  	query1802	0.1000
P_30                  	query1802	0.0667
P_100                 	query1802	0.0200
P_200                 	query1802	0.0100
P_500                 	query1802	0.0040
P_1000                	query1802	0.0020
num_ret               	query1820	3
num_rel               	query1820	1
num_rel_ret           	query1820	0
map                   	query1820	0.0000
Rprec                 	query1820	0.0000
bpref                 	query1820	0.0000
recip_rank            	query1820	0.0000
iprec_at_recall_0.00  	query1820	0.0000
iprec_at_recall_0.10  	query1820	0.0000
iprec_at_recall_0.20  	query1820	0.0000
iprec_at_recall_0.30  	query1820	0.0000
iprec_at_recall_0.40  	query1820	0.0000
iprec_at_recall_0.50  	query1820	0.0000
iprec_at_recall_0.60  	query1820	0.0000
iprec_at_recall_0.70  	query1820	0.0000
iprec_at_recall_0.80  	query1820	0.0000
iprec_at_recall_0.90  	query1820	0.0000
iprec_at_recall_1.00  	query1820	0.0000
P_5                   	query1820	0.0000
P_10                  	query1820	0.0000
P_15                  	query1820	0.0000
P_20                  	query1820	0.0000
P_30                  	query1820	0.0000
P_100                 	query1820	0.0000
P_200                 	query1820	0.0000
P_500                 	query1820	0.0000
P_1000                	query1820	0.0000
num_ret               	query1824	18
num_rel               	query1824	1
num_rel_ret           	query1824	0
map                   	query1824	0.0000
Rprec                 	query1824	0.0000
bpref                 	query1824	0.0000
recip_rank            	query1824	0.0000
iprec_at_recall_0.00  	query1824	0.0000
iprec_at_recall_0.10  	query1824	0.0000
iprec_at_recall_0.20  	query1824	0.0000
iprec_at_recall_0.30  	query1824	0.0000
iprec_at_recall_0.40  	query1824	0.0000
iprec_at_recall_0.50  	query1824	0.0000
iprec_at_recall_0.60  	query1824	0.0000
iprec_at_recall_0.70  	query1824	0.0000
iprec_at_recall_0.80  	query1824	0.0000
iprec_at_recall_0.90  	query1824	0.0000
iprec_at_recall_1.00  	query1824	0.0000
P_5                   	query1824	0.0000
P_10                  	query1824	0.0000
P_15                  	query1824	0.0000
P_20                  	query1824	0.0000
P_30                  	query1824	0.0000
P_100                 	query1824	0.0000
P_200                 	query1824	0.0000
P_500                 	query1824	0.0000
P_1000                	query1824	0.0000
num_ret               	query1858	20
num_rel               	query1858	3
num_rel_ret           	query1858	1
map                   	query1858	0.0256
Rprec                 	query1858	0.0000
bpref                 	query1858	0.3333
recip_rank            	query1858	0.0769
iprec_at_recall_0.00  	query1858	0.0769
iprec_at_recall_0.10  	query1858	0.0769
iprec_at_recall_0.20  	query1858	0.0769
iprec_at_recall_0.30  	query1858	0.0769
iprec_at_recall_0.40  	query1858	0.0000
iprec_at_recall_0.50  	query1858	0.0000
iprec_at_recall_0.60  	query1858	0.0000
iprec_at_recall_0.70  	query1858	0.0000
iprec_at_recall_0.80  	query1858	0.0000
iprec_at_recall_0.90  	query1858	0.0000
iprec_at_recall_1.00  	query1858	0.0000
P_5                   	query1858	0.0000
P_10                  	query1858	0.0000
P_15                  	query1858	0.0667
P_20                  	query1858	0.0500
P_30                  	query1858	0.0333
P_100                 	query1858	0.0100
P_200                 	query1858	0.0050
P_500                 	query1858	0.0020
P_1000                	query1858	0.0010
num_ret               	query1864	1
num_rel               	query1864	1
num_rel_ret           	query1864	1
map                   	query1864	1.0000
Rprec                 	query1864	1.0000
bpref                 	query1864	1.0000
recip_rank            	query1864	1.0000
iprec_at_recall_0.00  	query1864	1.0000
iprec_at_recall_0.10  	query1864	1.0000
iprec_at_recall_0.20  	query1864	1.0000
iprec_at_recall_0.30  	query1864	1.0000
iprec_at_recall_0.40  	query1864	1.0000
iprec_at_recall_0.50  	query1864	1.0000
iprec_at_recall_0.60  	query1864	1.0000
iprec_at_recall_0.70  	query1864	1.0000
iprec_at_recall_0.80  	query1864	1.0000
iprec_at_recall_0.90  	query1864	1.0000
iprec_at_recall_1.00  	query1864	1.0000
P_5                   	query1864	0.2000
P_10                  	query1864	0.1000
P_15                  	query1864	0.0667
P_20                  	query1864	0.0500
P_30                  	query1864	0.0333
P_100                 	query1864	0.0100
P_200                 	query1864	0.0050
P_500                 	query1864	0.0020
P_1000                	query1864	0.0010
num_ret               	query1865	1
num_rel               	query1865	1
num_rel_ret           	query1865	1
map                   	query1865	1.0000
Rprec                 	query1865	1.0000
bpref                 	query1865	1.0000
recip_rank            	query1865	1.0000
iprec_at_recall_0.00  	query1865	1.0000
iprec_at_recall_0.10  	query1865	1.0000
iprec_at_recall_0.20  	query1865	1.0000
iprec_at_recall_0.30  	query1865	1.0000
iprec_at_recall_0.40  	query1865	1.0000
iprec_at_recall_0.50  	query1865	1.0000
iprec_at_recall_0.60  	query1865	1.0000
iprec_at_recall_0.70  	query1865	1.0000
iprec_at_recall_0.80  	query1865	1.0000
iprec_at_recall_0.90  	query1865	1.0000
iprec_at_recall_1.00  	query1865	1.0000
P_5                   	query1865	0.2000
P_10                  	query1865	0.1000
P_15                  	query1865	0.0667
P_20                  	query1865	0.0500
P_30                  	query1865	0.0333
P_100                 	query1865	0.0100
P_200                 	query1865	0.0050
P_500                 	query1865	0.0020
P_1000                	query1865	0.0010
num_ret               	query1866	9
num_rel               	query1866	4
num_rel_ret           	query1866	3
map                   	query1866	0.4152
Rprec                 	query1866	0.2500
bpref                 	query1866	0.7500
recip_rank            	query1866	1.0000
iprec_at_recall_0.00  	query1866	1.0000
iprec_at_recall_0.10  	query1866	1.0000
iprec_at_recall_0.20  	query1866	1.0000
iprec_at_recall_0.30  	query1866	0.3750
iprec_at_recall_0.40  	query1866	0.3750
iprec_at_recall_0.50  	query1866	0.3750
iprec_at_recall_0.60  	query1866	0.3750
iprec_at_recall_0.70  	query1866	0.3750
iprec_at_recall_0.80  	query1866	0.0000
iprec_at_recall_0.90  	query1866	0.0000
iprec_at_recall_1.00  	query1866	0.0000
P_5                   	query1866	0.2000
P_10                  	query1866	0.3000
P_15                  	query1866	0.2000
P_20                  	query1866	0.1500
P_30                  	query1866	0.1000
P_100                 	query1866	0.0300
P_200                 	query1866	0.0150
P_500                 	query1866	0.0060
P_1000                	query1866	0.0030
num_ret               	query1868	1
num_rel               	query1868	1
num_rel_ret           	query1868	0
map                   	query1868	0.0000
Rprec                 	query1868	0.0000
bpref                 	query1868	0.0000
recip_rank            	query1868	0.0000
iprec_at_recall_0.00  	query1868	0.0000
iprec_at_recall_0.10  	query1868	0.0000
iprec_at_recall_0.20  	query1868	0.0000
iprec_at_recall_0.30  	query1868	0.0000
iprec_at_recall_0.40  	query1868	0.0000
iprec_at_recall_0.50  	query1868	0.0000
iprec_at_recall_0.60  	query1868	0.0000
iprec_at_recall_0.70  	query1868	0.0000
iprec_at_recall_0.80  	query1868	0.0000
iprec_at_recall_0.90  	query1868	0.0000
iprec_at_recall_1.00  	query1868	0.0000
P_5                   	query1868	0.0000
P_10                  	query1868	0.0000
P_15                  	query1868	0.0000
P_20                  	query1868	0.0000
P_30                  	query1868	0.0000
P_100                 	query1868	0.0000
P_200                 	query1868	0.0000
P_500                 	query1868	0.0000
P_1000                	query1868	0.0000
num_ret               	query1871	20
num_rel               	query1871	1
num_rel_ret           	query1871	1
map                   	query1871	0.3333
Rprec                 	query1871	0.0000
bpref                 	query1871	1.0000
recip_rank            	query1871	0.3333
iprec_at_recall_0.00  	query1871	0.3333
iprec_at_recall_0.10  	query1871	0.3333
iprec_at_recall_0.20  	query1871	0.3333
iprec_at_recall_0.30  	query1871	0.3333
iprec_at_recall_0.40  	query1871	0.3333
iprec_at_recall_0.50  	query1871	0.3333
iprec_at_recall_0.60  	query1871	0.3333
iprec_at_recall_0.70  	query1871	0.3333
iprec_at_recall_0.80  	query1871	0.3333
iprec_at_recall_0.90  	query1871	0.3333
iprec_at_recall_1.00  	query1871	0.3333
P_5                   	query1871	0.2000
P_10                  	query1871	0.1000
P_15                  	query1871	0.0667
P_20                  	query1871	0.0500
P_30                  	query1871	0.0333
P_100                 	query1871	0.0100
P_200                 	query1871	0.0050
P_500                 	query1871	0.0020
P_1000                	query1871	0.0010
num_ret               	query1901	8
num_rel               	query1901	8
num_rel_ret           	query1901	5
map                   	query1901	0.3935
Rprec                 	query1901	0.6250
bpref                 	query1901	0.6250
recip_rank            	query1901	0.5000
iprec_at_recall_0.00  	query1901	0.7143
iprec_at_recall_0.10  	query1901	0.7143
iprec_at_recall_0.20  	query1901	0.7143
iprec_at_recall_0.30  	query1901	0.7143
iprec_at_recall_0.40  	query1901	0.7143
iprec_at_recall_0.50  	query1901	0.7143
iprec_at_recall_0.60  	query1901	0.7143
iprec_at_recall_0.70  	query1901	0.0000
iprec_at_recall_0.80  	query1901	0.0000
iprec_at_recall_0.90  	query1901	0.0000
iprec_at_recall_1.00  	query1901	0.0000
P_5                   	query1901	0.6000
P_10                  	query1901	0.5000
P_15                  	query1901	0.3333
P_20                  	query1901	0.2500
P_30                  	query1901	0.1667
P_100                 	query1901	0.0500
P_200                 	query1901	0.0250
P_500                 	query1901	0.0100
P_1000                	query1901	0.0050
num_ret               	query1925	20
num_rel               	query1925	1
num_rel_ret           	query1925	1
map                   	query1925	1.0000
Rprec                 	query1925	1.0000
bpref                 	query1925	1.0000
recip_rank            	query1925	1.0000
iprec_at_recall_0.00  	query1925	1.0000
iprec_at_recall_0.10  	query1925	1.0000
iprec_at_recall_0.20  	query1925	1.0000
iprec_at_recall_0.30  	query1925	1.0000
iprec_at_recall_0.40  	query1925	1.0000
iprec_at_recall_0.50  	query1925	1.0000
iprec_at_recall_0.60  	query1925	1.0000
iprec_at_recall_0.70  	query1925	1.0000
iprec_at_recall_0.80  	query1925	1.0000
iprec_at_recall_0.90  	query1925	1.0000
iprec_at_recall_1.00  	query1925	1.0000
P_5                   	query1925	0.2000
P_10                  	query1925	0.1000
P_15                  	query1925	0.0667
P_20                  	query1925	0.0500
P_30                  	query1925	0.0333
P_100                 	query1925	0.0100
P_200                 	query1925	0.0050
P_500                 	query1925	0.0020
P_1000                	query1925	0.0010
num_ret               	query1930	20
num_rel               	query1930	2
num_rel_ret           	query1930	1
map                   	query1930	0.1000
Rprec                 	query1930	0.0000
bpref                 	query1930	0.5000
recip_rank            	query1930	0.2000
iprec_at_recall_0.00  	query1930	0.2000
iprec_at_recall_0.10  	query1930	0.2000
iprec_at_recall_0.20  	query1930	0.2000
iprec_at_recall_0.30  	query1930	0.2000
iprec_at_recall_0.40  	query1930	0.2000
iprec_at_recall_0.50  	query1930	0.2000
iprec_at_recall_0.60  	query1930	0.0000
iprec_at_recall_0.70  	query1930	0.0000
iprec_at_recall_0.80  	query1930	0.0000
iprec_at_recall_0.90  	query1930	0.0000
iprec_at_recall_1.00  	query1930	0.0000
P_5                   	query1930	0.2000
P_10                  	query1930	0.1000
P_15                  	query1930	0.0667
P_20                  	query1930	0.0500
P_30                  	query1930	0.0333
P_100                 	query1930	0.0100
P_200                 	query1930	0.0050
P_500                 	query1930	0.0020
P_1000                	query1930	0.0010
num_ret               	query1964	6
num_rel               	query1964	4
num_rel_ret           	query1964	3
map                   	query1964	0.5417
Rprec                 	query1964	0.5000
bpref                 	query1964	0.7500
recip_rank            	query1964	1.0000
iprec_at_recall_0.00  	query1964	1.0000
iprec_at_recall_0.10  	query1964	1.0000
iprec_at_recall_0.20  	query1964	1.0000
iprec_at_recall_0.30  	query1964	0.6667
iprec_at_recall_0.40  	query1964	0.6667
iprec_at_recall_0.50  	query1964	0.6667
iprec_at_recall_0.60  	query1964	0.5000
iprec_at_recall_0.70  	query1964	0.5000
iprec_at_recall_0.80  	query1964	0.0000
iprec_at_recall_0.90  	query1964	0.0000
iprec_at_recall_1.00  	query1964	0.0000
P_5                   	query1964	0.4000
P_10                  	query1964	0.3000
P_15                  	query1964	0.2000
P_20                  	query1964	0.1500
P_30                  	query1964	0.1000
P_100                 	query1964	0.0300
P_200                 	query1964	0.0150
P_500                 	query1964	0.0060
P_1000                	query1964	0.0030
num_ret               	query1975	2
num_rel               	query1975	1
num_rel_ret           	query1975	1
map                   	query1975	0.5000
Rprec                 	query1975	0.0000
bpref                 	query1975	1.0000
recip_rank            	query1975	0.5000
iprec_at_recall_0.00  	query1975	0.5000
iprec_at_recall_0.10  	query1975	0.5000
iprec_at_recall_0.20  	query1975	0.5000
iprec_at_recall_0.30  	query1975	0.5000
iprec_at_recall_0.40  	query1975	0.5000
iprec_at_recall_0.50  	query1975	0.5000
iprec_at_recall_0.60  	query1975	0.5000
iprec_at_recall_0.70  	query1975	0.5000
iprec_at_recall_0.80  	query1975	0.5000
iprec_at_recall_0.90  	query1975	0.5000
iprec_at_recall_1.00  	query1975	0.5000
P_5                   	query1975	0.2000
P_10                  	query1975	0.1000
P_15                  	query1975	0.0667
P_20                  	query1975	0.0500
P_30                  	query1975	0.0333
P_100                 	query1975	0.0100
P_200                 	query1975	0.0050
P_500                 	query1975	0.0020
P_1000                	query1975	0.0010
num_ret               	query1997	20
num_rel               	query1997	4
num_rel_ret           	query1997	4
map                   	query1997	0.8500
Rprec                 	query1997	0.7500
bpref                 	query1997	1.0000
recip_rank            	query1997	1.0000
iprec_at_recall_0.00  	query1997	1.0000
iprec_at_recall_0.10  	query1997	1.0000
iprec_at_recall_0.20  	query1997	1.0000
iprec_at_recall_0.30  	query1997	1.0000
iprec_at_recall_0.40  	query1997	1.0000
iprec_at_recall_0.50  	query1997	1.0000
iprec_at_recall_0.60  	query1997	1.0000
iprec_at_recall_0.70  	query1997	1.0000
iprec_at_recall_0.80  	query1997	0.4000
iprec_at_recall_0.90  	query1997	0.4000
iprec_at_recall_1.00  	query1997	0.4000
P_5                   	query1997	0.6000
P_10                  	query1997	0.4000
P_15                  	query1997	0.2667
P_20                  	query1997	0.2000
P_30                  	query1997	0.1333
P_100                 	query1997	0.0400
P_200                 	query1997	0.0200
P_500                 	query1997	0.0080
P_1000                	query1997	0.0040
num_ret               	query1999	18
num_rel               	query1999	11
num_rel_ret           	query1999	11
map                   	query1999	0.5806
Rprec                 	query1999	0.6364
bpref                 	query1999	1.0000
recip_rank            	query1999	0.3333
iprec_at_recall_0.00  	query1999	0.6667
iprec_at_recall_0.10  	query1999	0.6667
iprec_at_recall_0.20  	query1999	0.6667
iprec_at_recall_0.30  	query1999	0.6667
iprec_at_recall_0.40  	query1999	0.6429
iprec_at_recall_0.50  	query1999	0.6429
iprec_at_recall_0.60  	query1999	0.6429
iprec_at_recall_0.70  	query1999	0.6429
iprec_at_recall_0.80  	query1999	0.6429
iprec_at_recall_0.90  	query1999	0.6250
iprec_at_recall_1.00  	query1999	0.6111
P_5                   	query1999	0.6000
P_10                  	query1999	0.6000
P_15                  	query1999	0.6000
P_20                  	query1999	0.5500
P_30                  	query1999	0.3667
P_100                 	query1999	0.1100
P_200                 	query1999	0.0550
P_500                 	query1999	0.0220
P_1000                	query1999	0.0110
num_ret               	query2000	20
num_rel               	query2000	3
num_rel_ret           	query2000	3
map                   	query2000	0.7000
Rprec                 	query2000	0.3333
bpref                 	query2000	1.0000
recip_rank            	query2000	1.0000
iprec_at_recall_0.00  	query2000	1.0000
iprec_at_recall_0.10  	query2000	1.0000
iprec_at_recall_0.20  	query2000	1.0000
iprec_at_recall_0.30  	query2000	1.0000
iprec_at_recall_0.40  	query2000	0.6000
iprec_at_recall_0.50  	query2000	0.6000
iprec_at_recall_0.60  	query2000	0.6000
iprec_at_recall_0.70  	query2000	0.6000
iprec_at_recall_0.80  	query2000	0.6000
iprec_at_recall_0.90  	query2000	0.6000
iprec_at_recall_1.00  	query2000	0.6000
P_5                   	query2000	0.6000
P_10                  	query2000	0.3000
P_15                  	query2000	0.2000
P_20                  	query2000	0.1500
P_30                  	query2000	0.1000
P_100                 	query2000	0.0300
P_200                 	query2000	0.0150
P_500                 	query2000	0.0060
P_1000                	query2000	0.0030
num_ret               	query2003	3
num_rel               	query2003	1
num_rel_ret           	query2003	1
map                   	query2003	0.5000
Rprec                 	query2003	0.0000
bpref                 	query2003	1.0000
recip_rank            	query2003	0.5000
iprec_at_recall_0.00  	query2003	0.5000
iprec_at_recall_0.10  	query2003	0.5000
iprec_at_recall_0.20  	query2003	0.5000
iprec_at_recall_0.30  	query2003	0.5000
iprec_at_recall_0.40  	query2003	0.5000
iprec_at_recall_0.50  	query2003	0.5000
iprec_at_recall_0.60  	query2003	0.5000
iprec_at_recall_0.70  	query2003	0.5000
iprec_at_recall_0.80  	query2003	0.5000
iprec_at_recall_0.90  	query2003	0.5000
iprec_at_recall_1.00  	query2003	0.5000
P_5                   	query2003	0.2000
P_10                  	query2003	0.1000
P_15                  	query2003	0.0667
P_20                  	query2003	0.0500
P_30                  	query2003	0.0333
P_100                 	query2003	0.0100
P_200                 	query2003	0.0050
P_500                 	query2003	0.0020
P_1000                	query2003	0.0010
num_ret               	query2012	6
num_rel               	query2012	6
num_rel_ret           	query2012	4
map                   	query2012	0.4056
Rprec                 	query2012	0.6667
bpref                 	query2012	0.6667
recip_rank            	query2012	0.5000
iprec_at_recall_0.00  	query2012	0.6667
iprec_at_recall_0.10  	query2012	0.6667
iprec_at_recall_0.20  	query2012	0.6667
iprec_at_recall_0.30  	query2012	0.6667
iprec_at_recall_0.40  	query2012	0.6667
iprec_at_recall_0.50  	query2012	0.6667
iprec_at_recall_0.60  	query2012	0.6667
iprec_at_recall_0.70  	query2012	0.0000
iprec_at_recall_0.80  	query2012	0.0000
iprec_at_recall_0.90  	query2012	0.0000
iprec_at_recall_1.00  	query2012	0.0000
P_5                   	query2012	0.6000
P_10                  	query2012	0.4000
P_15                  	query2012	0.2667
P_20                  	query2012	0.2000
P_30                  	query2012	0.1333
P_100                 	query2012	0.0400
P_200                 	query2012	0.0200
P_500                 	query2012	0.0080
P_1000                	query2012	0.0040
num_ret               	query2017	9
num_rel               	query2017	6
num_rel_ret           	query2017	2
map                   	query2017	0.0833
Rprec                 	query2017	0.1667
bpref                 	query2017	0.3333
recip_rank            	query2017	0.2500
iprec_at_recall_0.00  	query2017	0.2500
iprec_at_recall_0.10  	query2017	0.2500
iprec_at_recall_0.20  	query2017	0.2500
iprec_at_recall_0.30  	query2017	0.2500
iprec_at_recall_0.40  	query2017	0.0000
iprec_at_recall_0.50  	query2017	0.0000
iprec_at_recall_0.60  	query2017	0.0000
iprec_at_recall_0.70  	query2017	0.0000
iprec_at_recall_0.80  	query2017	0.0000
iprec_at_recall_0.90  	query2017	0.0000
iprec_at_recall_1.00  	query2017	0.0000
P_5                   	query2017	0.2000
P_10                  	query2017	0.2000
P_15                  	query2017	0.1333
P_20                  	query2017	0.1000
P_30                  	query2017	0.0667
P_100                 	query2017	0.0200
P_200                 	query2017	0.0100
P_500                 	query2017	0.0040
P_1000                	query2017	0.0020
num_ret               	query2447	20
num_rel               	query2447	2
num_rel_ret           	query2447	2
map                   	query2447	1.0000
Rprec                 	query2447	1.0000
bpref                 	query2447	1.0000
recip_rank            	query2447	1.0000
iprec_at_recall_0.00  	query2447	1.0000
iprec_at_recall_0.10  	query2447	1.0000
iprec_at_recall_0.20  	query2447	1.0000
iprec_at_recall_0.30  	query2447	1.0000
iprec_at_recall_0.40  	query2447	1.0000
iprec_at_recall_0.50  	query2447	1.0000
iprec_at_recall_0.60  	query2447	1.0000
iprec_at_recall_0.70  	query2447	1.0000
iprec_at_recall_0.80  	query2447	1.0000
iprec_at_recall_0.90  	query2447	1.0000
iprec_at_recall_1.00  	query2447	1.0000
P_5                   	query2447	0.4000
P_10                  	query2447	0.2000
P_15                  	query2447	0.1333
P_20                  	query2447	0.1000
P_30                  	query2447	0.0667
P_100                 	query2447	0.0200
P_200                 	query2447	0.0100
P_500                 	query2447	0.0040
P_1000                	query2447	0.0020
num_ret               	query2498	1
num_rel               	query2498	1
num_rel_ret           	query2498	0
map                   	query2498	0.0000
Rprec                 	query2498	0.0000
bpref                 	query2498	0.0000
recip_rank            	query2498	0.0000
iprec_at_recall_0.00  	query2498	0.0000
iprec_at_recall_0.10  	query2498	0.0000
iprec_at_recall_0.20  	query2498	0.0000
iprec_at_recall_0.30  	query2498	0.0000
iprec_at_recall_0.40  	query2498	0.0000
iprec_at_recall_0.50  	query2498	0.0000
iprec_at_recall_0.60  	query2498	0.0000
iprec_at_recall_0.70  	query2498	0.0000
iprec_at_recall_0.80  	query2498	0.0000
iprec_at_recall_0.90  	query2498	0.0000
iprec_at_recall_1.00  	query2498	0.0000
P_5                   	query2498	0.0000
P_10                  	query2498	0.0000
P_15                  	query2498	0.0000
P_20                  	query2498	0.0000
P_30                  	query2498	0.0000
P_100                 	query2498	0.0000
P_200                 	query2498	0.0000
P_500                 	query2498	0.0000
P_1000                	query2498	0.0000
num_ret               	query2503	4
num_rel               	query2503	3
num_rel_ret           	query2503	3
map                   	query2503	0.8056
Rprec                 	query2503	0.6667
bpref                 	query2503	1.0000
recip_rank            	query2503	1.0000
iprec_at_recall_0.00  	query2503	1.0000
iprec_at_recall_0.10  	query2503	1.0000
iprec_at_recall_0.20  	query2503	1.0000
iprec_at_recall_0.30  	query2503	1.0000
iprec_at_recall_0.40  	query2503	0.7500
iprec_at_recall_0.50  	query2503	0.7500
iprec_at_recall_0.60  	query2503	0.7500
iprec_at_recall_0.70  	query2503	0.7500
iprec_at_recall_0.80  	query2503	0.7500
iprec_at_recall_0.90  	query2503	0.7500
iprec_at_recall_1.00  	query2503	0.7500
P_5                   	query2503	0.6000
P_10                  	query2503	0.3000
P_15                  	query2503	0.2000
P_20                  	query2503	0.1500
P_30                  	query2503	0.1000
P_100                 	query2503	0.0300
P_200                 	query2503	0.0150
P_500                 	query2503	0.0060
P_1000                	query2503	0.0030
num_ret               	query2684	20
num_rel               	query2684	6
num_rel_ret           	query2684	5
map                   	query2684	0.5378
Rprec                 	query2684	0.5000
bpref                 	query2684	0.8333
recip_rank            	query2684	1.0000
iprec_at_recall_0.00  	query2684	1.0000
iprec_at_recall_0.10  	query2684	1.0000
iprec_at_recall_0.20  	query2684	0.6000
iprec_at_recall_0.30  	query2684	0.6000
iprec_at_recall_0.40  	query2684	0.6000
iprec_at_recall_0.50  	query2684	0.6000
iprec_at_recall_0.60  	query2684	0.5714
iprec_at_recall_0.70  	query2684	0.5556
iprec_at_recall_0.80  	query2684	0.5556
iprec_at_recall_0.90  	query2684	0.0000
iprec_at_recall_1.00  	query2684	0.0000
P_5                   	query2684	0.6000
P_10                  	query2684	0.5000
P_15                  	query2684	0.3333
P_20                  	query2684	0.2500
P_30                  	query2684	0.1667
P_100                 	query2684	0.0500
P_200                 	query2684	0.0250
P_500                 	query2684	0.0100
P_1000                	query2684	0.0050
num_ret               	query2731	2
num_rel               	query2731	1
num_rel_ret           	query2731	0
map                   	query2731	0.0000
Rprec                 	query2731	0.0000
bpref                 	query2731	0.0000
recip_rank            	query2731	0.0000
iprec_at_recall_0.00  	query2731	0.0000
iprec_at_recall_0.10  	query2731	0.0000
iprec_at_recall_0.20  	query2731	0.0000
iprec_at_recall_0.30  	query2731	0.0000
iprec_at_recall_0.40  	query2731	0.0000
iprec_at_recall_0.50  	query2731	0.0000
iprec_at_recall_0.60  	query2731	0.0000
iprec_at_recall_0.70  	query2731	0.0000
iprec_at_recall_0.80  	query2731	0.0000
iprec_at_recall_0.90  	query2731	0.0000
iprec_at_recall_1.00  	query2731	0.0000
P_5                   	query2731	0.0000
P_10                  	query2731	0.0000
P_15                  	query2731	0.0000
P_20                  	query2731	0.0000
P_30                  	query2731	0.0000
P_100                 	query2731	0.0000
P_200                 	query2731	0.0000
P_500                 	query2731	0.0000
P_1000                	query2731	0.0000
num_ret               	query2956	3
num_rel               	query2956	1
num_rel_ret           	query2956	1
map                   	query2956	0.5000
Rprec                 	query2956	0.0000
bpref                 	query2956	1.0000
recip_rank            	query2956	0.5000
iprec_at_recall_0.00  	query2956	0.5000
iprec_at_recall_0.10  	query2956	0.5000
iprec_at_recall_0.20  	query2956	0.5000
iprec_at_recall_0.30  	query2956	0.5000
iprec_at_recall_0.40  	query2956	0.5000
iprec_at_recall_0.50  	query2956	0.5000
iprec_at_recall_0.60  	query2956	0.5000
iprec_at_recall_0.70  	query2956	0.5000
iprec_at_recall_0.80  	query2956	0.5000
iprec_at_recall_0.90  	query2956	0.5000
iprec_at_recall_1.00  	query2956	0.5000
P_5                   	query2956	0.2000
P_10                  	query2956	0.1000
P_15                  	query2956	0.0667
P_20                  	query2956	0.0500
P_30                  	query2956	0.0333
P_100                 	query2956	0.0100
P_200                 	query2956	0.0050
P_500                 	query2956	0.0020
P_1000                	query2956	0.0010
num_ret               	query3044	3
num_rel               	query3044	4
num_rel_ret           	query3044	1
map                   	query3044	0.2500
Rprec                 	query3044	0.2500
bpref                 	query3044	0.2500
recip_rank            	query3044	1.0000
iprec_at_recall_0.00  	query3044	1.0000
iprec_at_recall_0.10  	query3044	1.0000
iprec_at_recall_0.20  	query3044	1.0000
iprec_at_recall_0.30  	query3044	0.0000
iprec_at_recall_0.40  	query3044	0.0000
iprec_at_recall_0.50  	query3044	0.0000
iprec_at_recall_0.60  	query3044	0.0000
iprec_at_recall_0.70  	query3044	0.0000
iprec_at_recall_0.80  	query3044	0.0000
iprec_at_recall_0.90  	query3044	0.0000
iprec_at_recall_1.00  	query3044	0.0000
P_5                   	query3044	0.2000
P_10                  	query3044	0.1000
P_15                  	query3044	0.0667
P_20                  	query3044	0.0500
P_30                  	query3044	0.0333
P_100                 	query3044	0.0100
P_200                 	query3044	0.0050
P_500                 	query3044	0.0020
P_1000                	query3044	0.0010
num_ret               	query3120	20
num_rel               	query3120	8
num_rel_ret           	query3120	2
map                   	query3120	0.1389
Rprec                 	query3120	0.1250
bpref                 	query3120	0.2500
recip_rank            	query3120	1.0000
iprec_at_recall_0.00  	query3120	1.0000
iprec_at_recall_0.10  	query3120	1.0000
iprec_at_recall_0.20  	query3120	0.1111
iprec_at_recall_0.30  	query3120	0.0000
iprec_at_recall_0.40  	query3120	0.0000
iprec_at_recall_0.50  	query3120	0.0000
iprec_at_recall_0.60  	query3120	0.0000
iprec_at_recall_0.70  	query3120	0.0000
iprec_at_recall_0.80  	query3120	0.0000
iprec_at_recall_0.90  	query3120	0.0000
iprec_at_recall_1.00  	query3120	0.0000
P_5                   	query3120	0.2000
P_10                  	query3120	0.1000
P_15                  	query3120	0.0667
P_20                  	query3120	0.1000
P_30                  	query3120	0.0667
P_100                 	query3120	0.0200
P_200                 	query3120	0.0100
P_500                 	query3120	0.0040
P_1000                	query3120	0.0020
num_ret               	query375	20
num_rel               	query375	2
num_rel_ret           	query375	2
map                   	query375	0.1042
Rprec                 	query375	0.0000
bpref                 	query375	1.0000
recip_rank            	query375	0.0833
iprec_at_recall_0.00  	query375	0.1250
iprec_at_recall_0.10  	query375	0.1250
iprec_at_recall_0.20  	query375	0.1250
iprec_at_recall_0.30  	query375	0.1250
iprec_at_recall_0.40  	query375	0.1250
iprec_at_recall_0.50  	query375	0.1250
iprec_at_recall_0.60  	query375	0.1250
iprec_at_recall_0.70  	query375	0.1250
iprec_at_recall_0.80  	query375	0.1250
iprec_at_recall_0.90  	query375	0.1250
iprec_at_recall_1.00  	query375	0.1250
P_5                   	query375	0.0000
P_10                  	query375	0.0000
P_15                  	query375	0.0667
P_20                  	query375	0.1000
P_30                  	query375	0.0667
P_100                 	query375	0.0200
P_200                 	query375	0.0100
P_500                 	query375	0.0040
P_1000                	query375	0.0020
num_ret               	query3998	12
num_rel               	query3998	1
num_rel_ret           	query3998	0
map                   	query3998	0.0000
Rprec                 	query3998	0.0000
bpref                 	query3998	0.0000
recip_rank            	query3998	0.0000
iprec_at_recall_0.00  	query3998	0.0000
iprec_at_recall_0.10  	query3998	0.0000
iprec_at_recall_0.20  	query3998	0.0000
iprec_at_recall_0.30  	query3998	0.0000
iprec_at_recall_0.40  	query3998	0.0000
iprec_at_recall_0.50  	query3998	0.0000
iprec_at_recall_0.60  	query3998	0.0000
iprec_at_recall_0.70  	query3998	0.0000
iprec_at_recall_0.80  	query3998	0.0000
iprec_at_recall_0.90  	query3998	0.0000
iprec_at_recall_1.00  	query3998	0.0000
P_5                   	query3998	0.0000
P_10                  	query3998	0.0000
P_15                  	query3998	0.0000
P_20                  	query3998	0.0000
P_30                  	query3998	0.0000
P_100                 	query3998	0.0000
P_200                 	query3998	0.0000
P_500                 	query3998	0.0000
P_1000                	query3998	0.0000
num_ret               	query4286	6
num_rel               	query4286	2
num_rel_ret           	query4286	2
map                   	query4286	0.6667
Rprec                 	query4286	0.5000
bpref                 	query4286	1.0000
recip_rank            	query4286	1.0000
iprec_at_recall_0.00  	query4286	1.0000
iprec_at_recall_0.10  	query4286	1.0000
iprec_at_recall_0.20  	query4286	1.0000
iprec_at_recall_0.30  	query4286	1.0000
iprec_at_recall_0.40  	query4286	1.0000
iprec_at_recall_0.50  	query4286	1.0000
iprec_at_recall_0.60  	query4286	0.3333
iprec_at_recall_0.70  	query4286	0.3333
iprec_at_recall_0.80  	query4286	0.3333
iprec_at_recall_0.90  	query4286	0.3333
iprec_at_recall_1.00  	query4286	0.3333
P_5                   	query4286	0.2000
P_10                  	query4286	0.2000
P_15                  	query4286	0.1333
P_20                  	query4286	0.1000
P_30                  	query4286	0.0667
P_100                 	query4286	0.0200
P_200                 	query4286	0.0100
P_500                 	query4286	0.0040
P_1000                	query4286	0.0020
num_ret               	query478	20
num_rel               	query478	1
num_rel_ret           	query478	0
map                   	query478	0.0000
Rprec                 	query478	0.0000
bpref                 	query478	0.0000
recip_rank            	query478	0.0000
iprec_at_recall_0.00  	query478	0.0000
iprec_at_recall_0.10  	query478	0.0000
iprec_at_recall_0.20  	query478	0.0000
iprec_at_recall_0.30  	query478	0.0000
iprec_at_recall_0.40  	query478	0.0000
iprec_at_recall_0.50  	query478	0.0000
iprec_at_recall_0.60  	query478	0.0000
iprec_at_recall_0.70  	query478	0.0000
iprec_at_recall_0.80  	query478	0.0000
iprec_at_recall_0.90  	query478	0.0000
iprec_at_recall_1.00  	query478	0.0000
P_5                   	query478	0.0000
P_10                  	query478	0.0000
P_15                  	query478	0.0000
P_20                  	query478	0.0000
P_30                  	query478	0.0000
P_100                 	query478	0.0000
P_200                 	query478	0.0000
P_500                 	query478	0.0000
P_1000                	query478	0.0000
num_ret               	query480	4
num_rel               	query480	3
num_rel_ret           	query480	3
map                   	query480	0.8056
Rprec                 	query480	0.6667
bpref                 	query480	1.0000
recip_rank            	query480	1.0000
iprec_at_recall_0.00  	query480	1.0000
iprec_at_recall_0.10  	query480	1.0000
iprec_at_recall_0.20  	query480	1.0000
iprec_at_recall_0.30  	query480	1.0000
iprec_at_recall_0.40  	query480	0.7500
iprec_at_recall_0.50  	query480	0.7500
iprec_at_recall_0.60  	query480	0.7500
iprec_at_recall_0.70  	query480	0.7500
iprec_at_recall_0.80  	query480	0.7500
iprec_at_recall_0.90  	query480	0.7500
iprec_at_recall_1.00  	query480	0.7500
P_5                   	query480	0.6000
P_10                  	query480	0.3000
P_15                  	query480	0.2000
P_20                  	query480	0.1500
P_30                  	query480	0.1000
P_100                 	query480	0.0300
P_200                 	query480	0.0150
P_500                 	query480	0.0060
P_1000                	query480	0.0030
num_ret               	query483	20
num_rel               	query483	2
num_rel_ret           	query483	1
map                   	query483	0.5000
Rprec                 	query483	0.5000
bpref                 	query483	0.5000
recip_rank            	query483	1.0000
iprec_at_recall_0.00  	query483	1.0000
iprec_at_recall_0.10  	query483	1.0000
iprec_at_recall_0.20  	query483	1.0000
iprec_at_recall_0.30  	query483	1.0000
iprec_at_recall_0.40  	query483	1.0000
iprec_at_recall_0.50  	query483	1.0000
iprec_at_recall_0.60  	query483	0.0000
iprec_at_recall_0.70  	query483	0.0000
iprec_at_recall_0.80  	query483	0.0000
iprec_at_recall_0.90  	query483	0.0000
iprec_at_recall_1.00  	query483	0.0000
P_5                   	query483	0.2000
P_10                  	query483	0.1000
P_15                  	query483	0.0667
P_20                  	query483	0.0500
P_30                  	query483	0.0333
P_100                 	query483	0.0100
P_200                 	query483	0.0050
P_500                 	query483	0.0020
P_1000                	query483	0.0010
num_ret               	query484	20
num_rel               	query484	2
num_rel_ret           	query484	2
map                   	query484	1.0000
Rprec                 	query484	1.0000
bpref                 	query484	1.0000
recip_rank            	query484	1.0000
iprec_at_recall_0.00  	query484	1.0000
iprec_at_recall_0.10  	query484	1.0000
iprec_at_recall_0.20  	query484	1.0000
iprec_at_recall_0.30  	query484	1.0000
iprec_at_recall_0.40  	query484	1.0000
iprec_at_recall_0.50  	query484	1.0000
iprec_at_recall_0.60  	query484	1.0000
iprec_at_recall_0.70  	query484	1.0000
iprec_at_recall_0.80  	query484	1.0000
iprec_at_recall_0.90  	query484	1.0000
iprec_at_recall_1.00  	query484	1.0000
P_5                   	query484	0.4000
P_10                  	query484	0.2000
P_15                  	query484	0.1333
P_20                  	query484	0.1000
P_30                  	query484	0.0667
P_100                 	query484	0.0200
P_200                 	query484	0.0100
P_500                 	query484	0.0040
P_1000                	query484	0.0020
num_ret               	query701	20
num_rel               	query701	2
num_rel_ret           	query701	1
map                   	query701	0.0714
Rprec                 	query701	0.0000
bpref                 	query701	0.5000
recip_rank            	query701	0.1429
iprec_at_recall_0.00  	query701	0.1429
iprec_at_recall_0.10  	query701	0.1429
iprec_at_recall_0.20  	query701	0.1429
iprec_at_recall_0.30  	query701	0.1429
iprec_at_recall_0.40  	query701	0.1429
iprec_at_recall_0.50  	query701	0.1429
iprec_at_recall_0.60  	query701	0.0000
iprec_at_recall_0.70  	query701	0.0000
iprec_at_recall_0.80  	query701	0.0000
iprec_at_recall_0.90  	query701	0.0000
iprec_at_recall_1.00  	query701	0.0000
P_5                   	query701	0.0000
P_10                  	query701	0.1000
P_15                  	query701	0.0667
P_20                  	query701	0.0500
P_30                  	query701	0.0333
P_100                 	query701	0.0100
P_200                 	query701	0.0050
P_500                 	query701	0.0020
P_1000                	query701	0.0010
num_ret               	query728	20
num_rel               	query728	3
num_rel_ret           	query728	3
map                   	query728	0.5889
Rprec                 	query728	0.6667
bpref                 	query728	1.0000
recip_rank            	query728	0.5000
iprec_at_recall_0.00  	query728	0.6667
iprec_at_recall_0.10  	query728	0.6667
iprec_at_recall_0.20  	query728	0.6667
iprec_at_recall_0.30  	query728	0.6667
iprec_at_recall_0.40  	query728	0.6667
iprec_at_recall_0.50  	query728	0.6667
iprec_at_recall_0.60  	query728	0.6667
iprec_at_recall_0.70  	query728	0.6667
iprec_at_recall_0.80  	query728	0.6000
iprec_at_recall_0.90  	query728	0.6000
iprec_at_recall_1.00  	query728	0.6000
P_5                   	query728	0.6000
P_10                  	query728	0.3000
P_15                  	query728	0.2000
P_20                  	query728	0.1500
P_30                  	query728	0.1000
P_100                 	query728	0.0300
P_200                 	query728	0.0150
P_500                 	query728	0.0060
P_1000                	query728	0.0030
runid                 	all	indri
num_q                 	all	56
num_ret               	all	680
num_rel               	all	173
num_rel_ret           	all	110
map                   	all	0.4351
gm_map                	all	0.0519
Rprec                 	all	0.3616
bpref                 	all	0.6504
recip_rank            	all	0.5971
iprec_at_recall_0.00  	all	0.6143
iprec_at_recall_0.10  	all	0.6143
iprec_at_recall_0.20  	all	0.5794
iprec_at_recall_0.30  	all	0.5365
iprec_at_recall_0.40  	all	0.4765
iprec_at_recall_0.50  	all	0.4765
iprec_at_recall_0.60  	all	0.3811
iprec_at_recall_0.70  	all	0.3522
iprec_at_recall_0.80  	all	0.3232
iprec_at_recall_0.90  	all	0.2981
iprec_at_recall_1.00  	all	0.2967
P_5                   	all	0.2536
P_10                  	all	0.1696
P_15                  	all	0.1226
P_20                  	all	0.0982
P_30                  	all	0.0655
P_100                 	all	0.0196
P_200                 	all	0.0098
P_500                 	all	0.0039
P_1000                	all	0.0020
