num_ret               	query100	3
num_rel               	query100	1
num_rel_ret           	query100	1
map                   	query100	1.0000
Rprec                 	query100	1.0000
bpref                 	query100	1.0000
recip_rank            	query100	1.0000
iprec_at_recall_0.00  	query100	1.0000
iprec_at_recall_0.10  	query100	1.0000
iprec_at_recall_0.20  	query100	1.0000
iprec_at_recall_0.30  	query100	1.0000
iprec_at_recall_0.40  	query100	1.0000
iprec_at_recall_0.50  	query100	1.0000
iprec_at_recall_0.60  	query100	1.0000
iprec_at_recall_0.70  	query100	1.0000
iprec_at_recall_0.80  	query100	1.0000
iprec_at_recall_0.90  	query100	1.0000
iprec_at_recall_1.00  	query100	1.0000
P_5                   	query100	0.2000
P_10                  	query100	0.1000
P_15                  	query100	0.0667
P_20                  	query100	0.0500
P_30                  	query100	0.0333
P_100                 	query100	0.0100
P_200                 	query100	0.0050
P_500                 	query100	0.0020
P_1000                	query100	0.0010
num_ret               	query1047	20
num_rel               	query1047	2
num_rel_ret           	query1047	2
map                   	query1047	1.0000
Rprec                 	query1047	1.0000
bpref                 	query1047	1.0000
recip_rank            	query1047	1.0000
iprec_at_recall_0.00  	query1047	1.0000
iprec_at_recall_0.10  	query1047	1.0000
iprec_at_recall_0.20  	query1047	1.0000
iprec_at_recall_0.30  	query1047	1.0000
iprec_at_recall_0.40  	query1047	1.0000
iprec_at_recall_0.50  	query1047	1.0000
iprec_at_recall_0.60  	query1047	1.0000
iprec_at_recall_0.70  	query1047	1.0000
iprec_at_recall_0.80  	query1047	1.0000
iprec_at_recall_0.90  	query1047	1.0000
iprec_at_recall_1.00  	query1047	1.0000
P_5                   	query1047	0.4000
P_10                  	query1047	0.2000
P_15                  	query1047	0.1333
P_20                  	query1047	0.1000
P_30                  	query1047	0.0667
P_100                 	query1047	0.0200
P_200                 	query1047	0.0100
P_500                 	query1047	0.0040
P_1000                	query1047	0.0020
num_ret               	query1068	12
num_rel               	query1068	2
num_rel_ret           	query1068	2
map                   	query1068	0.2361
Rprec                 	query1068	0.0000
bpref                 	query1068	1.0000
recip_rank            	query1068	0.2500
iprec_at_recall_0.00  	query1068	0.2500
iprec_at_recall_0.10  	query1068	0.2500
iprec_at_recall_0.20  	query1068	0.2500
iprec_at_recall_0.30  	query1068	0.2500
iprec_at_recall_0.40  	query1068	0.2500
iprec_at_recall_0.50  	query1068	0.2500
iprec_at_recall_0.60  	query1068	0.2222
iprec_at_recall_0.70  	query1068	0.2222
iprec_at_recall_0.80  	query1068	0.2222
iprec_at_recall_0.90  	query1068	0.2222
iprec_at_recall_1.00  	query1068	0.2222
P_5                   	query1068	0.2000
P_10                  	query1068	0.2000
P_15                  	query1068	0.1333
P_20                  	query1068	0.1000
P_30                  	query1068	0.0667
P_100                 	query1068	0.0200
P_200                 	query1068	0.0100
P_500                 	query1068	0.0040
P_1000                	query1068	0.0020
num_ret               	query1109	20
num_rel               	query1109	1
num_rel_ret           	query1109	1
map                   	query1109	1.0000
Rprec                 	query1109	1.0000
bpref                 	query1109	1.0000
recip_rank            	query1109	1.0000
iprec_at_recall_0.00  	query1109	1.0000
iprec_at_recall_0.10  	query1109	1.0000
iprec_at_recall_0.20  	query1109	1.0000
iprec_at_recall_0.30  	query1109	1.0000
iprec_at_recall_0.40  	query1109	1.0000
iprec_at_recall_0.50  	query1109	1.0000
iprec_at_recall_0.60  	query1109	1.0000
iprec_at_recall_0.70  	query1109	1.0000
iprec_at_recall_0.80  	query1109	1.0000
iprec_at_recall_0.90  	query1109	1.0000
iprec_at_recall_1.00  	query1109	1.0000
P_5                   	query1109	0.2000
P_10                  	query1109	0.1000
P_15                  	query1109	0.0667
P_20                  	query1109	0.0500
P_30                  	query1109	0.0333
P_100                 	query1109	0.0100
P_200                 	query1109	0.0050
P_500                 	query1109	0.0020
P_1000                	query1109	0.0010
num_ret               	query1119	5
num_rel               	query1119	1
num_rel_ret           	query1119	1
map                   	query1119	0.2000
Rprec                 	query1119	0.0000
bpref                 	query1119	1.0000
recip_rank            	query1119	0.2000
iprec_at_recall_0.00  	query1119	0.2000
iprec_at_recall_0.10  	query1119	0.2000
iprec_at_recall_0.20  	query1119	0.2000
iprec_at_recall_0.30  	query1119	0.2000
iprec_at_recall_0.40  	query1119	0.2000
iprec_at_recall_0.50  	query1119	0.2000
iprec_at_recall_0.60  	query1119	0.2000
iprec_at_recall_0.70  	query1119	0.2000
iprec_at_recall_0.80  	query1119	0.2000
iprec_at_recall_0.90  	query1119	0.2000
iprec_at_recall_1.00  	query1119	0.2000
P_5                   	query1119	0.2000
P_10                  	query1119	0.1000
P_15                  	query1119	0.0667
P_20                  	query1119	0.0500
P_30                  	query1119	0.0333
P_100                 	query1119	0.0100
P_200                 	query1119	0.0050
P_500                 	query1119	0.0020
P_1000                	query1119	0.0010
num_ret               	query113	4
num_rel               	query113	3
num_rel_ret           	query113	3
map                   	query113	0.9167
Rprec                 	query113	0.6667
bpref                 	query113	1.0000
recip_rank            	query113	1.0000
iprec_at_recall_0.00  	query113	1.0000
iprec_at_recall_0.10  	query113	1.0000
iprec_at_recall_0.20  	query113	1.0000
iprec_at_recall_0.30  	query113	1.0000
iprec_at_recall_0.40  	query113	1.0000
iprec_at_recall_0.50  	query113	1.0000
iprec_at_recall_0.60  	query113	1.0000
iprec_at_recall_0.70  	query113	1.0000
iprec_at_recall_0.80  	query113	0.7500
iprec_at_recall_0.90  	query113	0.7500
iprec_at_recall_1.00  	query113	0.7500
P_5                   	query113	0.6000
P_10                  	query113	0.3000
P_15                  	query113	0.2000
P_20                  	query113	0.1500
P_30                  	query113	0.1000
P_100                 	query113	0.0300
P_200                 	query113	0.0150
P_500                 	query113	0.0060
P_1000                	query113	0.0030
num_ret               	query114	20
num_rel               	query114	1
num_rel_ret           	query114	0
map                   	query114	0.0000
Rprec                 	query114	0.0000
bpref                 	query114	0.0000
recip_rank            	query114	0.0000
iprec_at_recall_0.00  	query114	0.0000
iprec_at_recall_0.10  	query114	0.0000
iprec_at_recall_0.20  	query114	0.0000
iprec_at_recall_0.30  	query114	0.0000
iprec_at_recall_0.40  	query114	0.0000
iprec_at_recall_0.50  	query114	0.0000
iprec_at_recall_0.60  	query114	0.0000
iprec_at_recall_0.70  	query114	0.0000
iprec_at_recall_0.80  	query114	0.0000
iprec_at_recall_0.90  	query114	0.0000
iprec_at_recall_1.00  	query114	0.0000
P_5                   	query114	0.0000
P_10                  	query114	0.0000
P_15                  	query114	0.0000
P_20                  	query114	0.0000
P_30                  	query114	0.0000
P_100                 	query114	0.0000
P_200                 	query114	0.0000
P_500                 	query114	0.0000
P_1000                	query114	0.0000
num_ret               	query1316	18
num_rel               	query1316	2
num_rel_ret           	query1316	1
map                   	query1316	0.5000
Rprec                 	query1316	0.5000
bpref                 	query1316	0.5000
recip_rank            	query1316	1.0000
iprec_at_recall_0.00  	query1316	1.0000
iprec_at_recall_0.10  	query1316	1.0000
iprec_at_recall_0.20  	query1316	1.0000
iprec_at_recall_0.30  	query1316	1.0000
iprec_at_recall_0.40  	query1316	1.0000
iprec_at_recall_0.50  	query1316	1.0000
iprec_at_recall_0.60  	query1316	0.0000
iprec_at_recall_0.70  	query1316	0.0000
iprec_at_recall_0.80  	query1316	0.0000
iprec_at_recall_0.90  	query1316	0.0000
iprec_at_recall_1.00  	query1316	0.0000
P_5                   	query1316	0.2000
P_10                  	query1316	0.1000
P_15                  	query1316	0.0667
P_20                  	query1316	0.0500
P_30                  	query1316	0.0333
P_100                 	query1316	0.0100
P_200                 	query1316	0.0050
P_500                 	query1316	0.0020
P_1000                	query1316	0.0010
num_ret               	query1330	20
num_rel               	query1330	1
num_rel_ret           	query1330	1
map                   	query1330	0.2500
Rprec                 	query1330	0.0000
bpref                 	query1330	1.0000
recip_rank            	query1330	0.2500
iprec_at_recall_0.00  	query1330	0.2500
iprec_at_recall_0.10  	query1330	0.2500
iprec_at_recall_0.20  	query1330	0.2500
iprec_at_recall_0.30  	query1330	0.2500
iprec_at_recall_0.40  	query1330	0.2500
iprec_at_recall_0.50  	query1330	0.2500
iprec_at_recall_0.60  	query1330	0.2500
iprec_at_recall_0.70  	query1330	0.2500
iprec_at_recall_0.80  	query1330	0.2500
iprec_at_recall_0.90  	query1330	0.2500
iprec_at_recall_1.00  	query1330	0.2500
P_5                   	query1330	0.2000
P_10                  	query1330	0.1000
P_15                  	query1330	0.0667
P_20                  	query1330	0.0500
P_30                  	query1330	0.0333
P_100                 	query1330	0.0100
P_200                 	query1330	0.0050
P_500                 	query1330	0.0020
P_1000                	query1330	0.0010
num_ret               	query1345	20
num_rel               	query1345	1
num_rel_ret           	query1345	1
map                   	query1345	1.0000
Rprec                 	query1345	1.0000
bpref                 	query1345	1.0000
recip_rank            	query1345	1.0000
iprec_at_recall_0.00  	query1345	1.0000
iprec_at_recall_0.10  	query1345	1.0000
iprec_at_recall_0.20  	query1345	1.0000
iprec_at_recall_0.30  	query1345	1.0000
iprec_at_recall_0.40  	query1345	1.0000
iprec_at_recall_0.50  	query1345	1.0000
iprec_at_recall_0.60  	query1345	1.0000
iprec_at_recall_0.70  	query1345	1.0000
iprec_at_recall_0.80  	query1345	1.0000
iprec_at_recall_0.90  	query1345	1.0000
iprec_at_recall_1.00  	query1345	1.0000
P_5                   	query1345	0.2000
P_10                  	query1345	0.1000
P_15                  	query1345	0.0667
P_20                  	query1345	0.0500
P_30                  	query1345	0.0333
P_100                 	query1345	0.0100
P_200                 	query1345	0.0050
P_500                 	query1345	0.0020
P_1000                	query1345	0.0010
num_ret               	query139	1
num_rel               	query139	1
num_rel_ret           	query139	0
map                   	query139	0.0000
Rprec                 	query139	0.0000
bpref                 	query139	0.0000
recip_rank            	query139	0.0000
iprec_at_recall_0.00  	query139	0.0000
iprec_at_recall_0.10  	query139	0.0000
iprec_at_recall_0.20  	query139	0.0000
iprec_at_recall_0.30  	query139	0.0000
iprec_at_recall_0.40  	query139	0.0000
iprec_at_recall_0.50  	query139	0.0000
iprec_at_recall_0.60  	query139	0.0000
iprec_at_recall_0.70  	query139	0.0000
iprec_at_recall_0.80  	query139	0.0000
iprec_at_recall_0.90  	query139	0.0000
iprec_at_recall_1.00  	query139	0.0000
P_5                   	query139	0.0000
P_10                  	query139	0.0000
P_15                  	query139	0.0000
P_20                  	query139	0.0000
P_30                  	query139	0.0000
P_100                 	query139	0.0000
P_200                 	query139	0.0000
P_500                 	query139	0.0000
P_1000                	query139	0.0000
num_ret               	query1463	8
num_rel               	query1463	5
num_rel_ret           	query1463	2
map                   	query1463	0.1071
Rprec                 	query1463	0.2000
bpref                 	query1463	0.4000
recip_rank            	query1463	0.2500
iprec_at_recall_0.00  	query1463	0.2857
iprec_at_recall_0.10  	query1463	0.2857
iprec_at_recall_0.20  	query1463	0.2857
iprec_at_recall_0.30  	query1463	0.2857
iprec_at_recall_0.40  	query1463	0.2857
iprec_at_recall_0.50  	query1463	0.0000
iprec_at_recall_0.60  	query1463	0.0000
iprec_at_recall_0.70  	query1463	0.0000
iprec_at_recall_0.80  	query1463	0.0000
iprec_at_recall_0.90  	query1463	0.0000
iprec_at_recall_1.00  	query1463	0.0000
P_5                   	query1463	0.2000
P_10                  	query1463	0.2000
P_15                  	query1463	0.1333
P_20                  	query1463	0.1000
P_30                  	query1463	0.0667
P_100                 	query1463	0.0200
P_200                 	query1463	0.0100
P_500                 	query1463	0.0040
P_1000                	query1463	0.0020
num_ret               	query1584	1
num_rel               	query1584	1
num_rel_ret           	query1584	1
map                   	query1584	1.0000
Rprec                 	query1584	1.0000
bpref                 	query1584	1.0000
recip_rank            	query1584	1.0000
iprec_at_recall_0.00  	query1584	1.0000
iprec_at_recall_0.10  	query1584	1.0000
iprec_at_recall_0.20  	query1584	1.0000
iprec_at_recall_0.30  	query1584	1.0000
iprec_at_recall_0.40  	query1584	1.0000
iprec_at_recall_0.50  	query1584	1.0000
iprec_at_recall_0.60  	query1584	1.0000
iprec_at_recall_0.70  	query1584	1.0000
iprec_at_recall_0.80  	query1584	1.0000
iprec_at_recall_0.90  	query1584	1.0000
iprec_at_recall_1.00  	query1584	1.0000
P_5                   	query1584	0.2000
P_10                  	query1584	0.1000
P_15                  	query1584	0.0667
P_20                  	query1584	0.0500
P_30                  	query1584	0.0333
P_100                 	query1584	0.0100
P_200                 	query1584	0.0050
P_500                 	query1584	0.0020
P_1000                	query1584	0.0010
num_ret               	query1591	5
num_rel               	query1591	4
num_rel_ret           	query1591	4
map                   	query1591	0.8042
Rprec                 	query1591	0.7500
bpref                 	query1591	1.0000
recip_rank            	query1591	1.0000
iprec_at_recall_0.00  	query1591	1.0000
iprec_at_recall_0.10  	query1591	1.0000
iprec_at_recall_0.20  	query1591	1.0000
iprec_at_recall_0.30  	query1591	0.8000
iprec_at_recall_0.40  	query1591	0.8000
iprec_at_recall_0.50  	query1591	0.8000
iprec_at_recall_0.60  	query1591	0.8000
iprec_at_recall_0.70  	query1591	0.8000
iprec_at_recall_0.80  	query1591	0.8000
iprec_at_recall_0.90  	query1591	0.8000
iprec_at_recall_1.00  	query1591	0.8000
P_5                   	query1591	0.8000
P_10                  	query1591	0.4000
P_15                  	query1591	0.2667
P_20                  	query1591	0.2000
P_30                  	query1591	0.1333
P_100                 	query1591	0.0400
P_200                 	query1591	0.0200
P_500                 	query1591	0.0080
P_1000                	query1591	0.0040
num_ret               	query1686	20
num_rel               	query1686	3
num_rel_ret           	query1686	3
map                   	query1686	1.0000
Rprec                 	query1686	1.0000
bpref                 	query1686	1.0000
recip_rank            	query1686	1.0000
iprec_at_recall_0.00  	query1686	1.0000
iprec_at_recall_0.10  	query1686	1.0000
iprec_at_recall_0.20  	query1686	1.0000
iprec_at_recall_0.30  	query1686	1.0000
iprec_at_recall_0.40  	query1686	1.0000
iprec_at_recall_0.50  	query1686	1.0000
iprec_at_recall_0.60  	query1686	1.0000
iprec_at_recall_0.70  	query1686	1.0000
iprec_at_recall_0.80  	query1686	1.0000
iprec_at_recall_0.90  	query1686	1.0000
iprec_at_recall_1.00  	query1686	1.0000
P_5                   	query1686	0.6000
P_10                  	query1686	0.3000
P_15                  	query1686	0.2000
P_20                  	query1686	0.1500
P_30                  	query1686	0.1000
P_100                 	query1686	0.0300
P_200                 	query1686	0.0150
P_500                 	query1686	0.0060
P_1000                	query1686	0.0030
num_ret               	query1715	20
num_rel               	query1715	1
num_rel_ret           	query1715	0
map                   	query1715	0.0000
Rprec                 	query1715	0.0000
bpref                 	query1715	0.0000
recip_rank            	query1715	0.0000
iprec_at_recall_0.00  	query1715	0.0000
iprec_at_recall_0.10  	query1715	0.0000
iprec_at_recall_0.20  	query1715	0.0000
iprec_at_recall_0.30  	query1715	0.0000
iprec_at_recall_0.40  	query1715	0.0000
iprec_at_recall_0.50  	query1715	0.0000
iprec_at_recall_0.60  	query1715	0.0000
iprec_at_recall_0.70  	query1715	0.0000
iprec_at_recall_0.80  	query1715	0.0000
iprec_at_recall_0.90  	query1715	0.0000
iprec_at_recall_1.00  	query1715	0.0000
P_5                   	query1715	0.0000
P_10                  	query1715	0.0000
P_15                  	query1715	0.0000
P_20                  	query1715	0.0000
P_30                  	query1715	0.0000
P_100                 	query1715	0.0000
P_200                 	query1715	0.0000
P_500                 	query1715	0.0000
P_1000                	query1715	0.0000
num_ret               	query1810	20
num_rel               	query1810	5
num_rel_ret           	query1810	5
map                   	query1810	0.7862
Rprec                 	query1810	0.8000
bpref                 	query1810	1.0000
recip_rank            	query1810	1.0000
iprec_at_recall_0.00  	query1810	1.0000
iprec_at_recall_0.10  	query1810	1.0000
iprec_at_recall_0.20  	query1810	1.0000
iprec_at_recall_0.30  	query1810	0.8000
iprec_at_recall_0.40  	query1810	0.8000
iprec_at_recall_0.50  	query1810	0.8000
iprec_at_recall_0.60  	query1810	0.8000
iprec_at_recall_0.70  	query1810	0.8000
iprec_at_recall_0.80  	query1810	0.8000
iprec_at_recall_0.90  	query1810	0.7143
iprec_at_recall_1.00  	query1810	0.7143
P_5                   	query1810	0.8000
P_10                  	query1810	0.5000
P_15                  	query1810	0.3333
P_20                  	query1810	0.2500
P_30                  	query1810	0.1667
P_100                 	query1810	0.0500
P_200                 	query1810	0.0250
P_500                 	query1810	0.0100
P_1000                	query1810	0.0050
num_ret               	query1833	1
num_rel               	query1833	2
num_rel_ret           	query1833	0
map                   	query1833	0.0000
Rprec                 	query1833	0.0000
bpref                 	query1833	0.0000
recip_rank            	query1833	0.0000
iprec_at_recall_0.00  	query1833	0.0000
iprec_at_recall_0.10  	query1833	0.0000
iprec_at_recall_0.20  	query1833	0.0000
iprec_at_recall_0.30  	query1833	0.0000
iprec_at_recall_0.40  	query1833	0.0000
iprec_at_recall_0.50  	query1833	0.0000
iprec_at_recall_0.60  	query1833	0.0000
iprec_at_recall_0.70  	query1833	0.0000
iprec_at_recall_0.80  	query1833	0.0000
iprec_at_recall_0.90  	query1833	0.0000
iprec_at_recall_1.00  	query1833	0.0000
P_5                   	query1833	0.0000
P_10                  	query1833	0.0000
P_15                  	query1833	0.0000
P_20                  	query1833	0.0000
P_30                  	query1833	0.0000
P_100                 	query1833	0.0000
P_200                 	query1833	0.0000
P_500                 	query1833	0.0000
P_1000                	query1833	0.0000
num_ret               	query188	11
num_rel               	query188	1
num_rel_ret           	query188	1
map                   	query188	0.3333
Rprec                 	query188	0.0000
bpref                 	query188	1.0000
recip_rank            	query188	0.3333
iprec_at_recall_0.00  	query188	0.3333
iprec_at_recall_0.10  	query188	0.3333
iprec_at_recall_0.20  	query188	0.3333
iprec_at_recall_0.30  	query188	0.3333
iprec_at_recall_0.40  	query188	0.3333
iprec_at_recall_0.50  	query188	0.3333
iprec_at_recall_0.60  	query188	0.3333
iprec_at_recall_0.70  	query188	0.3333
iprec_at_recall_0.80  	query188	0.3333
iprec_at_recall_0.90  	query188	0.3333
iprec_at_recall_1.00  	query188	0.3333
P_5                   	query188	0.2000
P_10                  	query188	0.1000
P_15                  	query188	0.0667
P_20                  	query188	0.0500
P_30                  	query188	0.0333
P_100                 	query188	0.0100
P_200                 	query188	0.0050
P_500                 	query188	0.0020
P_1000                	query188	0.0010
num_ret               	query1905	2
num_rel               	query1905	1
num_rel_ret           	query1905	0
map                   	query1905	0.0000
Rprec                 	query1905	0.0000
bpref                 	query1905	0.0000
recip_rank            	query1905	0.0000
iprec_at_recall_0.00  	query1905	0.0000
iprec_at_recall_0.10  	query1905	0.0000
iprec_at_recall_0.20  	query1905	0.0000
iprec_at_recall_0.30  	query1905	0.0000
iprec_at_recall_0.40  	query1905	0.0000
iprec_at_recall_0.50  	query1905	0.0000
iprec_at_recall_0.60  	query1905	0.0000
iprec_at_recall_0.70  	query1905	0.0000
iprec_at_recall_0.80  	query1905	0.0000
iprec_at_recall_0.90  	query1905	0.0000
iprec_at_recall_1.00  	query1905	0.0000
P_5                   	query1905	0.0000
P_10                  	query1905	0.0000
P_15                  	query1905	0.0000
P_20                  	query1905	0.0000
P_30                  	query1905	0.0000
P_100                 	query1905	0.0000
P_200                 	query1905	0.0000
P_500                 	query1905	0.0000
P_1000                	query1905	0.0000
num_ret               	query306	20
num_rel               	query306	3
num_rel_ret           	query306	2
map                   	query306	0.5000
Rprec                 	query306	0.3333
bpref                 	query306	0.6667
recip_rank            	query306	1.0000
iprec_at_recall_0.00  	query306	1.0000
iprec_at_recall_0.10  	query306	1.0000
iprec_at_recall_0.20  	query306	1.0000
iprec_at_recall_0.30  	query306	1.0000
iprec_at_recall_0.40  	query306	0.5000
iprec_at_recall_0.50  	query306	0.5000
iprec_at_recall_0.60  	query306	0.5000
iprec_at_recall_0.70  	query306	0.5000
iprec_at_recall_0.80  	query306	0.0000
iprec_at_recall_0.90  	query306	0.0000
iprec_at_recall_1.00  	query306	0.0000
P_5                   	query306	0.4000
P_10                  	query306	0.2000
P_15                  	query306	0.1333
P_20                  	query306	0.1000
P_30                  	query306	0.0667
P_100                 	query306	0.0200
P_200                 	query306	0.0100
P_500                 	query306	0.0040
P_1000                	query306	0.0020
num_ret               	query307	20
num_rel               	query307	1
num_rel_ret           	query307	0
map                   	query307	0.0000
Rprec                 	query307	0.0000
bpref                 	query307	0.0000
recip_rank            	query307	0.0000
iprec_at_recall_0.00  	query307	0.0000
iprec_at_recall_0.10  	query307	0.0000
iprec_at_recall_0.20  	query307	0.0000
iprec_at_recall_0.30  	query307	0.0000
iprec_at_recall_0.40  	query307	0.0000
iprec_at_recall_0.50  	query307	0.0000
iprec_at_recall_0.60  	query307	0.0000
iprec_at_recall_0.70  	query307	0.0000
iprec_at_recall_0.80  	query307	0.0000
iprec_at_recall_0.90  	query307	0.0000
iprec_at_recall_1.00  	query307	0.0000
P_5                   	query307	0.0000
P_10                  	query307	0.0000
P_15                  	query307	0.0000
P_20                  	query307	0.0000
P_30                  	query307	0.0000
P_100                 	query307	0.0000
P_200                 	query307	0.0000
P_500                 	query307	0.0000
P_1000                	query307	0.0000
num_ret               	query313	13
num_rel               	query313	3
num_rel_ret           	query313	3
map                   	query313	0.7436
Rprec                 	query313	0.6667
bpref                 	query313	1.0000
recip_rank            	query313	1.0000
iprec_at_recall_0.00  	query313	1.0000
iprec_at_recall_0.10  	query313	1.0000
iprec_at_recall_0.20  	query313	1.0000
iprec_at_recall_0.30  	query313	1.0000
iprec_at_recall_0.40  	query313	1.0000
iprec_at_recall_0.50  	query313	1.0000
iprec_at_recall_0.60  	query313	1.0000
iprec_at_recall_0.70  	query313	1.0000
iprec_at_recall_0.80  	query313	0.2308
iprec_at_recall_0.90  	query313	0.2308
iprec_at_recall_1.00  	query313	0.2308
P_5                   	query313	0.4000
P_10                  	query313	0.2000
P_15                  	query313	0.2000
P_20                  	query313	0.1500
P_30                  	query313	0.1000
P_100                 	query313	0.0300
P_200                 	query313	0.0150
P_500                 	query313	0.0060
P_1000                	query313	0.0030
num_ret               	query336	20
num_rel               	query336	1
num_rel_ret           	query336	1
map                   	query336	0.1111
Rprec                 	query336	0.0000
bpref                 	query336	1.0000
recip_rank            	query336	0.1111
iprec_at_recall_0.00  	query336	0.1111
iprec_at_recall_0.10  	query336	0.1111
iprec_at_recall_0.20  	query336	0.1111
iprec_at_recall_0.30  	query336	0.1111
iprec_at_recall_0.40  	query336	0.1111
iprec_at_recall_0.50  	query336	0.1111
iprec_at_recall_0.60  	query336	0.1111
iprec_at_recall_0.70  	query336	0.1111
iprec_at_recall_0.80  	query336	0.1111
iprec_at_recall_0.90  	query336	0.1111
iprec_at_recall_1.00  	query336	0.1111
P_5                   	query336	0.0000
P_10                  	query336	0.1000
P_15                  	query336	0.0667
P_20                  	query336	0.0500
P_30                  	query336	0.0333
P_100                 	query336	0.0100
P_200                 	query336	0.0050
P_500                 	query336	0.0020
P_1000                	query336	0.0010
num_ret               	query337	16
num_rel               	query337	3
num_rel_ret           	query337	2
map                   	query337	0.1068
Rprec                 	query337	0.0000
bpref                 	query337	0.6667
recip_rank            	query337	0.1667
iprec_at_recall_0.00  	query337	0.1667
iprec_at_recall_0.10  	query337	0.1667
iprec_at_recall_0.20  	query337	0.1667
iprec_at_recall_0.30  	query337	0.1667
iprec_at_recall_0.40  	query337	0.1538
iprec_at_recall_0.50  	query337	0.1538
iprec_at_recall_0.60  	query337	0.1538
iprec_at_recall_0.70  	query337	0.1538
iprec_at_recall_0.80  	query337	0.0000
iprec_at_recall_0.90  	query337	0.0000
iprec_at_recall_1.00  	query337	0.0000
P_5                   	query337	0.0000
P_10                  	query337	0.1000
P_15                  	query337	0.1333
P_20                  	query337	0.1000
P_30                  	query337	0.0667
P_100                 	query337	0.0200
P_200                 	query337	0.0100
P_500                 	query337	0.0040
P_1000                	query337	0.0020
num_ret               	query345	20
num_rel               	query345	5
num_rel_ret           	query345	3
map                   	query345	0.6000
Rprec                 	query345	0.6000
bpref                 	query345	0.6000
recip_rank            	query345	1.0000
iprec_at_recall_0.00  	query345	1.0000
iprec_at_recall_0.10  	query345	1.0000
iprec_at_recall_0.20  	query345	1.0000
iprec_at_recall_0.30  	query345	1.0000
iprec_at_recall_0.40  	query345	1.0000
iprec_at_recall_0.50  	query345	1.0000
iprec_at_recall_0.60  	query345	1.0000
iprec_at_recall_0.70  	query345	0.0000
iprec_at_recall_0.80  	query345	0.0000
iprec_at_recall_0.90  	query345	0.0000
iprec_at_recall_1.00  	query345	0.0000
P_5                   	query345	0.6000
P_10                  	query345	0.3000
P_15                  	query345	0.2000
P_20                  	query345	0.1500
P_30                  	query345	0.1000
P_100                 	query345	0.0300
P_200                 	query345	0.0150
P_500                 	query345	0.0060
P_1000                	query345	0.0030
num_ret               	query357	20
num_rel               	query357	1
num_rel_ret           	query357	1
map                   	query357	0.1111
Rprec                 	query357	0.0000
bpref                 	query357	1.0000
recip_rank            	query357	0.1111
iprec_at_recall_0.00  	query357	0.1111
iprec_at_recall_0.10  	query357	0.1111
iprec_at_recall_0.20  	query357	0.1111
iprec_at_recall_0.30  	query357	0.1111
iprec_at_recall_0.40  	query357	0.1111
iprec_at_recall_0.50  	query357	0.1111
iprec_at_recall_0.60  	query357	0.1111
iprec_at_recall_0.70  	query357	0.1111
iprec_at_recall_0.80  	query357	0.1111
iprec_at_recall_0.90  	query357	0.1111
iprec_at_recall_1.00  	query357	0.1111
P_5                   	query357	0.0000
P_10                  	query357	0.1000
P_15                  	query357	0.0667
P_20                  	query357	0.0500
P_30                  	query357	0.0333
P_100                 	query357	0.0100
P_200                 	query357	0.0050
P_500                 	query357	0.0020
P_1000                	query357	0.0010
num_ret               	query359	7
num_rel               	query359	2
num_rel_ret           	query359	2
map                   	query359	0.2262
Rprec                 	query359	0.0000
bpref                 	query359	1.0000
recip_rank            	query359	0.1667
iprec_at_recall_0.00  	query359	0.2857
iprec_at_recall_0.10  	query359	0.2857
iprec_at_recall_0.20  	query359	0.2857
iprec_at_recall_0.30  	query359	0.2857
iprec_at_recall_0.40  	query359	0.2857
iprec_at_recall_0.50  	query359	0.2857
iprec_at_recall_0.60  	query359	0.2857
iprec_at_recall_0.70  	query359	0.2857
iprec_at_recall_0.80  	query359	0.2857
iprec_at_recall_0.90  	query359	0.2857
iprec_at_recall_1.00  	query359	0.2857
P_5                   	query359	0.0000
P_10                  	query359	0.2000
P_15                  	query359	0.1333
P_20                  	query359	0.1000
P_30                  	query359	0.0667
P_100                 	query359	0.0200
P_200                 	query359	0.0100
P_500                 	query359	0.0040
P_1000                	query359	0.0020
num_ret               	query416	20
num_rel               	query416	3
num_rel_ret           	query416	2
map                   	query416	0.4444
Rprec                 	query416	0.3333
bpref                 	query416	0.6667
recip_rank            	query416	1.0000
iprec_at_recall_0.00  	query416	1.0000
iprec_at_recall_0.10  	query416	1.0000
iprec_at_recall_0.20  	query416	1.0000
iprec_at_recall_0.30  	query416	1.0000
iprec_at_recall_0.40  	query416	0.3333
iprec_at_recall_0.50  	query416	0.3333
iprec_at_recall_0.60  	query416	0.3333
iprec_at_recall_0.70  	query416	0.3333
iprec_at_recall_0.80  	query416	0.0000
iprec_at_recall_0.90  	query416	0.0000
iprec_at_recall_1.00  	query416	0.0000
P_5                   	query416	0.2000
P_10                  	query416	0.2000
P_15                  	query416	0.1333
P_20                  	query416	0.1000
P_30                  	query416	0.0667
P_100                 	query416	0.0200
P_200                 	query416	0.0100
P_500                 	query416	0.0040
P_1000                	query416	0.0020
num_ret               	query419	20
num_rel               	query419	2
num_rel_ret           	query419	2
map                   	query419	0.5769
Rprec                 	query419	0.5000
bpref                 	query419	1.0000
recip_rank            	query419	1.0000
iprec_at_recall_0.00  	query419	1.0000
iprec_at_recall_0.10  	query419	1.0000
iprec_at_recall_0.20  	query419	1.0000
iprec_at_recall_0.30  	query419	1.0000
iprec_at_recall_0.40  	query419	1.0000
iprec_at_recall_0.50  	query419	1.0000
iprec_at_recall_0.60  	query419	0.1538
iprec_at_recall_0.70  	query419	0.1538
iprec_at_recall_0.80  	query419	0.1538
iprec_at_recall_0.90  	query419	0.1538
iprec_at_recall_1.00  	query419	0.1538
P_5                   	query419	0.2000
P_10                  	query419	0.1000
P_15                  	query419	0.1333
P_20                  	query419	0.1000
P_30                  	query419	0.0667
P_100                 	query419	0.0200
P_200                 	query419	0.0100
P_500                 	query419	0.0040
P_1000                	query419	0.0020
num_ret               	query433	12
num_rel               	query433	1
num_rel_ret           	query433	1
map                   	query433	1.0000
Rprec                 	query433	1.0000
bpref                 	query433	1.0000
recip_rank            	query433	1.0000
iprec_at_recall_0.00  	query433	1.0000
iprec_at_recall_0.10  	query433	1.0000
iprec_at_recall_0.20  	query433	1.0000
iprec_at_recall_0.30  	query433	1.0000
iprec_at_recall_0.40  	query433	1.0000
iprec_at_recall_0.50  	query433	1.0000
iprec_at_recall_0.60  	query433	1.0000
iprec_at_recall_0.70  	query433	1.0000
iprec_at_recall_0.80  	query433	1.0000
iprec_at_recall_0.90  	query433	1.0000
iprec_at_recall_1.00  	query433	1.0000
P_5                   	query433	0.2000
P_10                  	query433	0.1000
P_15                  	query433	0.0667
P_20                  	query433	0.0500
P_30                  	query433	0.0333
P_100                 	query433	0.0100
P_200                 	query433	0.0050
P_500                 	query433	0.0020
P_1000                	query433	0.0010
num_ret               	query4373	20
num_rel               	query4373	2
num_rel_ret           	query4373	2
map                   	query4373	1.0000
Rprec                 	query4373	1.0000
bpref                 	query4373	1.0000
recip_rank            	query4373	1.0000
iprec_at_recall_0.00  	query4373	1.0000
iprec_at_recall_0.10  	query4373	1.0000
iprec_at_recall_0.20  	query4373	1.0000
iprec_at_recall_0.30  	query4373	1.0000
iprec_at_recall_0.40  	query4373	1.0000
iprec_at_recall_0.50  	query4373	1.0000
iprec_at_recall_0.60  	query4373	1.0000
iprec_at_recall_0.70  	query4373	1.0000
iprec_at_recall_0.80  	query4373	1.0000
iprec_at_recall_0.90  	query4373	1.0000
iprec_at_recall_1.00  	query4373	1.0000
P_5                   	query4373	0.4000
P_10                  	query4373	0.2000
P_15                  	query4373	0.1333
P_20                  	query4373	0.1000
P_30                  	query4373	0.0667
P_100                 	query4373	0.0200
P_200                 	query4373	0.0100
P_500                 	query4373	0.0040
P_1000                	query4373	0.0020
num_ret               	query439	6
num_rel               	query439	4
num_rel_ret           	query439	4
map                   	query439	0.6917
Rprec                 	query439	0.5000
bpref                 	query439	1.0000
recip_rank            	query439	1.0000
iprec_at_recall_0.00  	query439	1.0000
iprec_at_recall_0.10  	query439	1.0000
iprec_at_recall_0.20  	query439	1.0000
iprec_at_recall_0.30  	query439	0.6667
iprec_at_recall_0.40  	query439	0.6667
iprec_at_recall_0.50  	query439	0.6667
iprec_at_recall_0.60  	query439	0.6667
iprec_at_recall_0.70  	query439	0.6667
iprec_at_recall_0.80  	query439	0.6667
iprec_at_recall_0.90  	query439	0.6667
iprec_at_recall_1.00  	query439	0.6667
P_5                   	query439	0.6000
P_10                  	query439	0.4000
P_15                  	query439	0.2667
P_20                  	query439	0.2000
P_30                  	query439	0.1333
P_100                 	query439	0.0400
P_200                 	query439	0.0200
P_500                 	query439	0.0080
P_1000                	query439	0.0040
num_ret               	query441	20
num_rel               	query441	2
num_rel_ret           	query441	2
map                   	query441	0.6111
Rprec                 	query441	0.5000
bpref                 	query441	1.0000
recip_rank            	query441	1.0000
iprec_at_recall_0.00  	query441	1.0000
iprec_at_recall_0.10  	query441	1.0000
iprec_at_recall_0.20  	query441	1.0000
iprec_at_recall_0.30  	query441	1.0000
iprec_at_recall_0.40  	query441	1.0000
iprec_at_recall_0.50  	query441	1.0000
iprec_at_recall_0.60  	query441	0.2222
iprec_at_recall_0.70  	query441	0.2222
iprec_at_recall_0.80  	query441	0.2222
iprec_at_recall_0.90  	query441	0.2222
iprec_at_recall_1.00  	query441	0.2222
P_5                   	query441	0.2000
P_10                  	query441	0.2000
P_15                  	query441	0.1333
P_20                  	query441	0.1000
P_30                  	query441	0.0667
P_100                 	query441	0.0200
P_200                 	query441	0.0100
P_500                 	query441	0.0040
P_1000                	query441	0.0020
num_ret               	query460	20
num_rel               	query460	3
num_rel_ret           	query460	1
map                   	query460	0.3333
Rprec                 	query460	0.3333
bpref                 	query460	0.3333
recip_rank            	query460	1.0000
iprec_at_recall_0.00  	query460	1.0000
iprec_at_recall_0.10  	query460	1.0000
iprec_at_recall_0.20  	query460	1.0000
iprec_at_recall_0.30  	query460	1.0000
iprec_at_recall_0.40  	query460	0.0000
iprec_at_recall_0.50  	query460	0.0000
iprec_at_recall_0.60  	query460	0.0000
iprec_at_recall_0.70  	query460	0.0000
iprec_at_recall_0.80  	query460	0.0000
iprec_at_recall_0.90  	query460	0.0000
iprec_at_recall_1.00  	query460	0.0000
P_5                   	query460	0.2000
P_10                  	query460	0.1000
P_15                  	query460	0.0667
P_20                  	query460	0.0500
P_30                  	query460	0.0333
P_100                 	query460	0.0100
P_200                 	query460	0.0050
P_500                 	query460	0.0020
P_1000                	query460	0.0010
num_ret               	query464	20
num_rel               	query464	1
num_rel_ret           	query464	1
map                   	query464	1.0000
Rprec                 	query464	1.0000
bpref                 	query464	1.0000
recip_rank            	query464	1.0000
iprec_at_recall_0.00  	query464	1.0000
iprec_at_recall_0.10  	query464	1.0000
iprec_at_recall_0.20  	query464	1.0000
iprec_at_recall_0.30  	query464	1.0000
iprec_at_recall_0.40  	query464	1.0000
iprec_at_recall_0.50  	query464	1.0000
iprec_at_recall_0.60  	query464	1.0000
iprec_at_recall_0.70  	query464	1.0000
iprec_at_recall_0.80  	query464	1.0000
iprec_at_recall_0.90  	query464	1.0000
iprec_at_recall_1.00  	query464	1.0000
P_5                   	query464	0.2000
P_10                  	query464	0.1000
P_15                  	query464	0.0667
P_20                  	query464	0.0500
P_30                  	query464	0.0333
P_100                 	query464	0.0100
P_200                 	query464	0.0050
P_500                 	query464	0.0020
P_1000                	query464	0.0010
num_ret               	query503	20
num_rel               	query503	2
num_rel_ret           	query503	0
map                   	query503	0.0000
Rprec                 	query503	0.0000
bpref                 	query503	0.0000
recip_rank            	query503	0.0000
iprec_at_recall_0.00  	query503	0.0000
iprec_at_recall_0.10  	query503	0.0000
iprec_at_recall_0.20  	query503	0.0000
iprec_at_recall_0.30  	query503	0.0000
iprec_at_recall_0.40  	query503	0.0000
iprec_at_recall_0.50  	query503	0.0000
iprec_at_recall_0.60  	query503	0.0000
iprec_at_recall_0.70  	query503	0.0000
iprec_at_recall_0.80  	query503	0.0000
iprec_at_recall_0.90  	query503	0.0000
iprec_at_recall_1.00  	query503	0.0000
P_5                   	query503	0.0000
P_10                  	query503	0.0000
P_15                  	query503	0.0000
P_20                  	query503	0.0000
P_30                  	query503	0.0000
P_100                 	query503	0.0000
P_200                 	query503	0.0000
P_500                 	query503	0.0000
P_1000                	query503	0.0000
num_ret               	query533	20
num_rel               	query533	1
num_rel_ret           	query533	1
map                   	query533	0.1111
Rprec                 	query533	0.0000
bpref                 	query533	1.0000
recip_rank            	query533	0.1111
iprec_at_recall_0.00  	query533	0.1111
iprec_at_recall_0.10  	query533	0.1111
iprec_at_recall_0.20  	query533	0.1111
iprec_at_recall_0.30  	query533	0.1111
iprec_at_recall_0.40  	query533	0.1111
iprec_at_recall_0.50  	query533	0.1111
iprec_at_recall_0.60  	query533	0.1111
iprec_at_recall_0.70  	query533	0.1111
iprec_at_recall_0.80  	query533	0.1111
iprec_at_recall_0.90  	query533	0.1111
iprec_at_recall_1.00  	query533	0.1111
P_5                   	query533	0.0000
P_10                  	query533	0.1000
P_15                  	query533	0.0667
P_20                  	query533	0.0500
P_30                  	query533	0.0333
P_100                 	query533	0.0100
P_200                 	query533	0.0050
P_500                 	query533	0.0020
P_1000                	query533	0.0010
num_ret               	query540	2
num_rel               	query540	1
num_rel_ret           	query540	1
map                   	query540	1.0000
Rprec                 	query540	1.0000
bpref                 	query540	1.0000
recip_rank            	query540	1.0000
iprec_at_recall_0.00  	query540	1.0000
iprec_at_recall_0.10  	query540	1.0000
iprec_at_recall_0.20  	query540	1.0000
iprec_at_recall_0.30  	query540	1.0000
iprec_at_recall_0.40  	query540	1.0000
iprec_at_recall_0.50  	query540	1.0000
iprec_at_recall_0.60  	query540	1.0000
iprec_at_recall_0.70  	query540	1.0000
iprec_at_recall_0.80  	query540	1.0000
iprec_at_recall_0.90  	query540	1.0000
iprec_at_recall_1.00  	query540	1.0000
P_5                   	query540	0.2000
P_10                  	query540	0.1000
P_15                  	query540	0.0667
P_20                  	query540	0.0500
P_30                  	query540	0.0333
P_100                 	query540	0.0100
P_200                 	query540	0.0050
P_500                 	query540	0.0020
P_1000                	query540	0.0010
num_ret               	query557	1
num_rel               	query557	1
num_rel_ret           	query557	0
map                   	query557	0.0000
Rprec                 	query557	0.0000
bpref                 	query557	0.0000
recip_rank            	query557	0.0000
iprec_at_recall_0.00  	query557	0.0000
iprec_at_recall_0.10  	query557	0.0000
iprec_at_recall_0.20  	query557	0.0000
iprec_at_recall_0.30  	query557	0.0000
iprec_at_recall_0.40  	query557	0.0000
iprec_at_recall_0.50  	query557	0.0000
iprec_at_recall_0.60  	query557	0.0000
iprec_at_recall_0.70  	query557	0.0000
iprec_at_recall_0.80  	query557	0.0000
iprec_at_recall_0.90  	query557	0.0000
iprec_at_recall_1.00  	query557	0.0000
P_5                   	query557	0.0000
P_10                  	query557	0.0000
P_15                  	query557	0.0000
P_20                  	query557	0.0000
P_30                  	query557	0.0000
P_100                 	query557	0.0000
P_200                 	query557	0.0000
P_500                 	query557	0.0000
P_1000                	query557	0.0000
num_ret               	query559	20
num_rel               	query559	1
num_rel_ret           	query559	1
map                   	query559	0.1667
Rprec                 	query559	0.0000
bpref                 	query559	1.0000
recip_rank            	query559	0.1667
iprec_at_recall_0.00  	query559	0.1667
iprec_at_recall_0.10  	query559	0.1667
iprec_at_recall_0.20  	query559	0.1667
iprec_at_recall_0.30  	query559	0.1667
iprec_at_recall_0.40  	query559	0.1667
iprec_at_recall_0.50  	query559	0.1667
iprec_at_recall_0.60  	query559	0.1667
iprec_at_recall_0.70  	query559	0.1667
iprec_at_recall_0.80  	query559	0.1667
iprec_at_recall_0.90  	query559	0.1667
iprec_at_recall_1.00  	query559	0.1667
P_5                   	query559	0.0000
P_10                  	query559	0.1000
P_15                  	query559	0.0667
P_20                  	query559	0.0500
P_30                  	query559	0.0333
P_100                 	query559	0.0100
P_200                 	query559	0.0050
P_500                 	query559	0.0020
P_1000                	query559	0.0010
num_ret               	query573	20
num_rel               	query573	1
num_rel_ret           	query573	1
map                   	query573	0.0588
Rprec                 	query573	0.0000
bpref                 	query573	1.0000
recip_rank            	query573	0.0588
iprec_at_recall_0.00  	query573	0.0588
iprec_at_recall_0.10  	query573	0.0588
iprec_at_recall_0.20  	query573	0.0588
iprec_at_recall_0.30  	query573	0.0588
iprec_at_recall_0.40  	query573	0.0588
iprec_at_recall_0.50  	query573	0.0588
iprec_at_recall_0.60  	query573	0.0588
iprec_at_recall_0.70  	query573	0.0588
iprec_at_recall_0.80  	query573	0.0588
iprec_at_recall_0.90  	query573	0.0588
iprec_at_recall_1.00  	query573	0.0588
P_5                   	query573	0.0000
P_10                  	query573	0.0000
P_15                  	query573	0.0000
P_20                  	query573	0.0500
P_30                  	query573	0.0333
P_100                 	query573	0.0100
P_200                 	query573	0.0050
P_500                 	query573	0.0020
P_1000                	query573	0.0010
num_ret               	query614	20
num_rel               	query614	6
num_rel_ret           	query614	2
map                   	query614	0.0431
Rprec                 	query614	0.0000
bpref                 	query614	0.3333
recip_rank            	query614	0.1250
iprec_at_recall_0.00  	query614	0.1333
iprec_at_recall_0.10  	query614	0.1333
iprec_at_recall_0.20  	query614	0.1333
iprec_at_recall_0.30  	query614	0.1333
iprec_at_recall_0.40  	query614	0.0000
iprec_at_recall_0.50  	query614	0.0000
iprec_at_recall_0.60  	query614	0.0000
iprec_at_recall_0.70  	query614	0.0000
iprec_at_recall_0.80  	query614	0.0000
iprec_at_recall_0.90  	query614	0.0000
iprec_at_recall_1.00  	query614	0.0000
P_5                   	query614	0.0000
P_10                  	query614	0.1000
P_15                  	query614	0.1333
P_20                  	query614	0.1000
P_30                  	query614	0.0667
P_100                 	query614	0.0200
P_200                 	query614	0.0100
P_500                 	query614	0.0040
P_1000                	query614	0.0020
num_ret               	query661	20
num_rel               	query661	1
num_rel_ret           	query661	1
map                   	query661	0.1429
Rprec                 	query661	0.0000
bpref                 	query661	1.0000
recip_rank            	query661	0.1429
iprec_at_recall_0.00  	query661	0.1429
iprec_at_recall_0.10  	query661	0.1429
iprec_at_recall_0.20  	query661	0.1429
iprec_at_recall_0.30  	query661	0.1429
iprec_at_recall_0.40  	query661	0.1429
iprec_at_recall_0.50  	query661	0.1429
iprec_at_recall_0.60  	query661	0.1429
iprec_at_recall_0.70  	query661	0.1429
iprec_at_recall_0.80  	query661	0.1429
iprec_at_recall_0.90  	query661	0.1429
iprec_at_recall_1.00  	query661	0.1429
P_5                   	query661	0.0000
P_10                  	query661	0.1000
P_15                  	query661	0.0667
P_20                  	query661	0.0500
P_30                  	query661	0.0333
P_100                 	query661	0.0100
P_200                 	query661	0.0050
P_500                 	query661	0.0020
P_1000                	query661	0.0010
num_ret               	query781	20
num_rel               	query781	1
num_rel_ret           	query781	0
map                   	query781	0.0000
Rprec                 	query781	0.0000
bpref                 	query781	0.0000
recip_rank            	query781	0.0000
iprec_at_recall_0.00  	query781	0.0000
iprec_at_recall_0.10  	query781	0.0000
iprec_at_recall_0.20  	query781	0.0000
iprec_at_recall_0.30  	query781	0.0000
iprec_at_recall_0.40  	query781	0.0000
iprec_at_recall_0.50  	query781	0.0000
iprec_at_recall_0.60  	query781	0.0000
iprec_at_recall_0.70  	query781	0.0000
iprec_at_recall_0.80  	query781	0.0000
iprec_at_recall_0.90  	query781	0.0000
iprec_at_recall_1.00  	query781	0.0000
P_5                   	query781	0.0000
P_10                  	query781	0.0000
P_15                  	query781	0.0000
P_20                  	query781	0.0000
P_30                  	query781	0.0000
P_100                 	query781	0.0000
P_200                 	query781	0.0000
P_500                 	query781	0.0000
P_1000                	query781	0.0000
num_ret               	query788	20
num_rel               	query788	1
num_rel_ret           	query788	0
map                   	query788	0.0000
Rprec                 	query788	0.0000
bpref                 	query788	0.0000
recip_rank            	query788	0.0000
iprec_at_recall_0.00  	query788	0.0000
iprec_at_recall_0.10  	query788	0.0000
iprec_at_recall_0.20  	query788	0.0000
iprec_at_recall_0.30  	query788	0.0000
iprec_at_recall_0.40  	query788	0.0000
iprec_at_recall_0.50  	query788	0.0000
iprec_at_recall_0.60  	query788	0.0000
iprec_at_recall_0.70  	query788	0.0000
iprec_at_recall_0.80  	query788	0.0000
iprec_at_recall_0.90  	query788	0.0000
iprec_at_recall_1.00  	query788	0.0000
P_5                   	query788	0.0000
P_10                  	query788	0.0000
P_15                  	query788	0.0000
P_20                  	query788	0.0000
P_30                  	query788	0.0000
P_100                 	query788	0.0000
P_200                 	query788	0.0000
P_500                 	query788	0.0000
P_1000                	query788	0.0000
num_ret               	query789	20
num_rel               	query789	1
num_rel_ret           	query789	0
map                   	query789	0.0000
Rprec                 	query789	0.0000
bpref                 	query789	0.0000
recip_rank            	query789	0.0000
iprec_at_recall_0.00  	query789	0.0000
iprec_at_recall_0.10  	query789	0.0000
iprec_at_recall_0.20  	query789	0.0000
iprec_at_recall_0.30  	query789	0.0000
iprec_at_recall_0.40  	query789	0.0000
iprec_at_recall_0.50  	query789	0.0000
iprec_at_recall_0.60  	query789	0.0000
iprec_at_recall_0.70  	query789	0.0000
iprec_at_recall_0.80  	query789	0.0000
iprec_at_recall_0.90  	query789	0.0000
iprec_at_recall_1.00  	query789	0.0000
P_5                   	query789	0.0000
P_10                  	query789	0.0000
P_15                  	query789	0.0000
P_20                  	query789	0.0000
P_30                  	query789	0.0000
P_100                 	query789	0.0000
P_200                 	query789	0.0000
P_500                 	query789	0.0000
P_1000                	query789	0.0000
num_ret               	query943	20
num_rel               	query943	1
num_rel_ret           	query943	1
map                   	query943	1.0000
Rprec                 	query943	1.0000
bpref                 	query943	1.0000
recip_rank            	query943	1.0000
iprec_at_recall_0.00  	query943	1.0000
iprec_at_recall_0.10  	query943	1.0000
iprec_at_recall_0.20  	query943	1.0000
iprec_at_recall_0.30  	query943	1.0000
iprec_at_recall_0.40  	query943	1.0000
iprec_at_recall_0.50  	query943	1.0000
iprec_at_recall_0.60  	query943	1.0000
iprec_at_recall_0.70  	query943	1.0000
iprec_at_recall_0.80  	query943	1.0000
iprec_at_recall_0.90  	query943	1.0000
iprec_at_recall_1.00  	query943	1.0000
P_5                   	query943	0.2000
P_10                  	query943	0.1000
P_15                  	query943	0.0667
P_20                  	query943	0.0500
P_30                  	query943	0.0333
P_100                 	query943	0.0100
P_200                 	query943	0.0050
P_500                 	query943	0.0020
P_1000                	query943	0.0010
num_ret               	query948	20
num_rel               	query948	1
num_rel_ret           	query948	1
map                   	query948	0.1111
Rprec                 	query948	0.0000
bpref                 	query948	1.0000
recip_rank            	query948	0.1111
iprec_at_recall_0.00  	query948	0.1111
iprec_at_recall_0.10  	query948	0.1111
iprec_at_recall_0.20  	query948	0.1111
iprec_at_recall_0.30  	query948	0.1111
iprec_at_recall_0.40  	query948	0.1111
iprec_at_recall_0.50  	query948	0.1111
iprec_at_recall_0.60  	query948	0.1111
iprec_at_recall_0.70  	query948	0.1111
iprec_at_recall_0.80  	query948	0.1111
iprec_at_recall_0.90  	query948	0.1111
iprec_at_recall_1.00  	query948	0.1111
P_5                   	query948	0.0000
P_10                  	query948	0.1000
P_15                  	query948	0.0667
P_20                  	query948	0.0500
P_30                  	query948	0.0333
P_100                 	query948	0.0100
P_200                 	query948	0.0050
P_500                 	query948	0.0020
P_1000                	query948	0.0010
num_ret               	query969	20
num_rel               	query969	1
num_rel_ret           	query969	0
map                   	query969	0.0000
Rprec                 	query969	0.0000
bpref                 	query969	0.0000
recip_rank            	query969	0.0000
iprec_at_recall_0.00  	query969	0.0000
iprec_at_recall_0.10  	query969	0.0000
iprec_at_recall_0.20  	query969	0.0000
iprec_at_recall_0.30  	query969	0.0000
iprec_at_recall_0.40  	query969	0.0000
iprec_at_recall_0.50  	query969	0.0000
iprec_at_recall_0.60  	query969	0.0000
iprec_at_recall_0.70  	query969	0.0000
iprec_at_recall_0.80  	query969	0.0000
iprec_at_recall_0.90  	query969	0.0000
iprec_at_recall_1.00  	query969	0.0000
P_5                   	query969	0.0000
P_10                  	query969	0.0000
P_15                  	query969	0.0000
P_20                  	query969	0.0000
P_30                  	query969	0.0000
P_100                 	query969	0.0000
P_200                 	query969	0.0000
P_500                 	query969	0.0000
P_1000                	query969	0.0000
num_ret               	query971	15
num_rel               	query971	1
num_rel_ret           	query971	0
map                   	query971	0.0000
Rprec                 	query971	0.0000
bpref                 	query971	0.0000
recip_rank            	query971	0.0000
iprec_at_recall_0.00  	query971	0.0000
iprec_at_recall_0.10  	query971	0.0000
iprec_at_recall_0.20  	query971	0.0000
iprec_at_recall_0.30  	query971	0.0000
iprec_at_recall_0.40  	query971	0.0000
iprec_at_recall_0.50  	query971	0.0000
iprec_at_recall_0.60  	query971	0.0000
iprec_at_recall_0.70  	query971	0.0000
iprec_at_recall_0.80  	query971	0.0000
iprec_at_recall_0.90  	query971	0.0000
iprec_at_recall_1.00  	query971	0.0000
P_5                   	query971	0.0000
P_10                  	query971	0.0000
P_15                  	query971	0.0000
P_20                  	query971	0.0000
P_30                  	query971	0.0000
P_100                 	query971	0.0000
P_200                 	query971	0.0000
P_500                 	query971	0.0000
P_1000                	query971	0.0000
num_ret               	query991	4
num_rel               	query991	2
num_rel_ret           	query991	1
map                   	query991	0.5000
Rprec                 	query991	0.5000
bpref                 	query991	0.5000
recip_rank            	query991	1.0000
iprec_at_recall_0.00  	query991	1.0000
iprec_at_recall_0.10  	query991	1.0000
iprec_at_recall_0.20  	query991	1.0000
iprec_at_recall_0.30  	query991	1.0000
iprec_at_recall_0.40  	query991	1.0000
iprec_at_recall_0.50  	query991	1.0000
iprec_at_recall_0.60  	query991	0.0000
iprec_at_recall_0.70  	query991	0.0000
iprec_at_recall_0.80  	query991	0.0000
iprec_at_recall_0.90  	query991	0.0000
iprec_at_recall_1.00  	query991	0.0000
P_5                   	query991	0.2000
P_10                  	query991	0.1000
P_15                  	query991	0.0667
P_20                  	query991	0.0500
P_30                  	query991	0.0333
P_100                 	query991	0.0100
P_200                 	query991	0.0050
P_500                 	query991	0.0020
P_1000                	query991	0.0010
runid                 	all	indri
num_q                 	all	52
num_ret               	all	767
num_rel               	all	99
num_rel_ret           	all	68
map                   	all	0.4101
gm_map                	all	0.0277
Rprec                 	all	0.3497
bpref                 	all	0.6667
recip_rank            	all	0.5107
iprec_at_recall_0.00  	all	0.5138
iprec_at_recall_0.10  	all	0.5138
iprec_at_recall_0.20  	all	0.5138
iprec_at_recall_0.30  	all	0.4997
iprec_at_recall_0.40  	all	0.4552
iprec_at_recall_0.50  	all	0.4497
iprec_at_recall_0.60  	all	0.3795
iprec_at_recall_0.70  	all	0.3603
iprec_at_recall_0.80  	all	0.3217
iprec_at_recall_0.90  	all	0.3200
iprec_at_recall_1.00  	all	0.3200
P_5                   	all	0.1808
P_10                  	all	0.1212
P_15                  	all	0.0859
P_20                  	all	0.0654
P_30                  	all	0.0436
P_100                 	all	0.0131
P_200                 	all	0.0065
P_500                 	all	0.0026
P_1000                	all	0.0013
