num_ret               	query113	4
num_rel               	query113	3
num_rel_ret           	query113	3
map                   	query113	0.8056
aqwv                  	query113	0.9564
Rprec                 	query113	0.6667
bpref                 	query113	1.0000
recip_rank            	query113	1.0000
iprec_at_recall_0.00  	query113	1.0000
iprec_at_recall_0.10  	query113	1.0000
iprec_at_recall_0.20  	query113	1.0000
iprec_at_recall_0.30  	query113	1.0000
iprec_at_recall_0.40  	query113	0.7500
iprec_at_recall_0.50  	query113	0.7500
iprec_at_recall_0.60  	query113	0.7500
iprec_at_recall_0.70  	query113	0.7500
iprec_at_recall_0.80  	query113	0.7500
iprec_at_recall_0.90  	query113	0.7500
iprec_at_recall_1.00  	query113	0.7500
P_5                   	query113	0.6000
P_10                  	query113	0.3000
P_15                  	query113	0.2000
P_20                  	query113	0.1500
P_30                  	query113	0.1000
P_100                 	query113	0.0300
P_200                 	query113	0.0150
P_500                 	query113	0.0060
P_1000                	query113	0.0030
num_ret               	query1213	20
num_rel               	query1213	1
num_rel_ret           	query1213	1
map                   	query1213	1.0000
aqwv                  	query1213	0.1757
Rprec                 	query1213	1.0000
bpref                 	query1213	1.0000
recip_rank            	query1213	1.0000
iprec_at_recall_0.00  	query1213	1.0000
iprec_at_recall_0.10  	query1213	1.0000
iprec_at_recall_0.20  	query1213	1.0000
iprec_at_recall_0.30  	query1213	1.0000
iprec_at_recall_0.40  	query1213	1.0000
iprec_at_recall_0.50  	query1213	1.0000
iprec_at_recall_0.60  	query1213	1.0000
iprec_at_recall_0.70  	query1213	1.0000
iprec_at_recall_0.80  	query1213	1.0000
iprec_at_recall_0.90  	query1213	1.0000
iprec_at_recall_1.00  	query1213	1.0000
P_5                   	query1213	0.2000
P_10                  	query1213	0.1000
P_15                  	query1213	0.0667
P_20                  	query1213	0.0500
P_30                  	query1213	0.0333
P_100                 	query1213	0.0100
P_200                 	query1213	0.0050
P_500                 	query1213	0.0020
P_1000                	query1213	0.0010
num_ret               	query1428	2
num_rel               	query1428	1
num_rel_ret           	query1428	1
map                   	query1428	1.0000
aqwv                  	query1428	0.9566
Rprec                 	query1428	1.0000
bpref                 	query1428	1.0000
recip_rank            	query1428	1.0000
iprec_at_recall_0.00  	query1428	1.0000
iprec_at_recall_0.10  	query1428	1.0000
iprec_at_recall_0.20  	query1428	1.0000
iprec_at_recall_0.30  	query1428	1.0000
iprec_at_recall_0.40  	query1428	1.0000
iprec_at_recall_0.50  	query1428	1.0000
iprec_at_recall_0.60  	query1428	1.0000
iprec_at_recall_0.70  	query1428	1.0000
iprec_at_recall_0.80  	query1428	1.0000
iprec_at_recall_0.90  	query1428	1.0000
iprec_at_recall_1.00  	query1428	1.0000
P_5                   	query1428	0.2000
P_10                  	query1428	0.1000
P_15                  	query1428	0.0667
P_20                  	query1428	0.0500
P_30                  	query1428	0.0333
P_100                 	query1428	0.0100
P_200                 	query1428	0.0050
P_500                 	query1428	0.0020
P_1000                	query1428	0.0010
num_ret               	query1591	10
num_rel               	query1591	4
num_rel_ret           	query1591	4
map                   	query1591	0.3292
aqwv                  	query1591	0.7380
Rprec                 	query1591	0.2500
bpref                 	query1591	1.0000
recip_rank            	query1591	0.2500
iprec_at_recall_0.00  	query1591	0.4000
iprec_at_recall_0.10  	query1591	0.4000
iprec_at_recall_0.20  	query1591	0.4000
iprec_at_recall_0.30  	query1591	0.4000
iprec_at_recall_0.40  	query1591	0.4000
iprec_at_recall_0.50  	query1591	0.4000
iprec_at_recall_0.60  	query1591	0.4000
iprec_at_recall_0.70  	query1591	0.4000
iprec_at_recall_0.80  	query1591	0.4000
iprec_at_recall_0.90  	query1591	0.4000
iprec_at_recall_1.00  	query1591	0.4000
P_5                   	query1591	0.2000
P_10                  	query1591	0.4000
P_15                  	query1591	0.2667
P_20                  	query1591	0.2000
P_30                  	query1591	0.1333
P_100                 	query1591	0.0400
P_200                 	query1591	0.0200
P_500                 	query1591	0.0080
P_1000                	query1591	0.0040
num_ret               	query1618	1
num_rel               	query1618	1
num_rel_ret           	query1618	0
map                   	query1618	0.0000
aqwv                  	query1618	0.0000
Rprec                 	query1618	0.0000
bpref                 	query1618	0.0000
recip_rank            	query1618	0.0000
iprec_at_recall_0.00  	query1618	0.0000
iprec_at_recall_0.10  	query1618	0.0000
iprec_at_recall_0.20  	query1618	0.0000
iprec_at_recall_0.30  	query1618	0.0000
iprec_at_recall_0.40  	query1618	0.0000
iprec_at_recall_0.50  	query1618	0.0000
iprec_at_recall_0.60  	query1618	0.0000
iprec_at_recall_0.70  	query1618	0.0000
iprec_at_recall_0.80  	query1618	0.0000
iprec_at_recall_0.90  	query1618	0.0000
iprec_at_recall_1.00  	query1618	0.0000
P_5                   	query1618	0.0000
P_10                  	query1618	0.0000
P_15                  	query1618	0.0000
P_20                  	query1618	0.0000
P_30                  	query1618	0.0000
P_100                 	query1618	0.0000
P_200                 	query1618	0.0000
P_500                 	query1618	0.0000
P_1000                	query1618	0.0000
num_ret               	query1682	8
num_rel               	query1682	4
num_rel_ret           	query1682	4
map                   	query1682	0.6250
aqwv                  	query1682	0.8253
Rprec                 	query1682	0.5000
bpref                 	query1682	1.0000
recip_rank            	query1682	1.0000
iprec_at_recall_0.00  	query1682	1.0000
iprec_at_recall_0.10  	query1682	1.0000
iprec_at_recall_0.20  	query1682	1.0000
iprec_at_recall_0.30  	query1682	0.5000
iprec_at_recall_0.40  	query1682	0.5000
iprec_at_recall_0.50  	query1682	0.5000
iprec_at_recall_0.60  	query1682	0.5000
iprec_at_recall_0.70  	query1682	0.5000
iprec_at_recall_0.80  	query1682	0.5000
iprec_at_recall_0.90  	query1682	0.5000
iprec_at_recall_1.00  	query1682	0.5000
P_5                   	query1682	0.4000
P_10                  	query1682	0.4000
P_15                  	query1682	0.2667
P_20                  	query1682	0.2000
P_30                  	query1682	0.1333
P_100                 	query1682	0.0400
P_200                 	query1682	0.0200
P_500                 	query1682	0.0080
P_1000                	query1682	0.0040
num_ret               	query1690	20
num_rel               	query1690	1
num_rel_ret           	query1690	0
map                   	query1690	0.0000
aqwv                  	query1690	0.0000
Rprec                 	query1690	0.0000
bpref                 	query1690	0.0000
recip_rank            	query1690	0.0000
iprec_at_recall_0.00  	query1690	0.0000
iprec_at_recall_0.10  	query1690	0.0000
iprec_at_recall_0.20  	query1690	0.0000
iprec_at_recall_0.30  	query1690	0.0000
iprec_at_recall_0.40  	query1690	0.0000
iprec_at_recall_0.50  	query1690	0.0000
iprec_at_recall_0.60  	query1690	0.0000
iprec_at_recall_0.70  	query1690	0.0000
iprec_at_recall_0.80  	query1690	0.0000
iprec_at_recall_0.90  	query1690	0.0000
iprec_at_recall_1.00  	query1690	0.0000
P_5                   	query1690	0.0000
P_10                  	query1690	0.0000
P_15                  	query1690	0.0000
P_20                  	query1690	0.0000
P_30                  	query1690	0.0000
P_100                 	query1690	0.0000
P_200                 	query1690	0.0000
P_500                 	query1690	0.0000
P_1000                	query1690	0.0000
num_ret               	query172	1
num_rel               	query172	4
num_rel_ret           	query172	0
map                   	query172	0.0000
aqwv                  	query172	0.0000
Rprec                 	query172	0.0000
bpref                 	query172	0.0000
recip_rank            	query172	0.0000
iprec_at_recall_0.00  	query172	0.0000
iprec_at_recall_0.10  	query172	0.0000
iprec_at_recall_0.20  	query172	0.0000
iprec_at_recall_0.30  	query172	0.0000
iprec_at_recall_0.40  	query172	0.0000
iprec_at_recall_0.50  	query172	0.0000
iprec_at_recall_0.60  	query172	0.0000
iprec_at_recall_0.70  	query172	0.0000
iprec_at_recall_0.80  	query172	0.0000
iprec_at_recall_0.90  	query172	0.0000
iprec_at_recall_1.00  	query172	0.0000
P_5                   	query172	0.0000
P_10                  	query172	0.0000
P_15                  	query172	0.0000
P_20                  	query172	0.0000
P_30                  	query172	0.0000
P_100                 	query172	0.0000
P_200                 	query172	0.0000
P_500                 	query172	0.0000
P_1000                	query172	0.0000
num_ret               	query1742	20
num_rel               	query1742	1
num_rel_ret           	query1742	0
map                   	query1742	0.0000
aqwv                  	query1742	0.0000
Rprec                 	query1742	0.0000
bpref                 	query1742	0.0000
recip_rank            	query1742	0.0000
iprec_at_recall_0.00  	query1742	0.0000
iprec_at_recall_0.10  	query1742	0.0000
iprec_at_recall_0.20  	query1742	0.0000
iprec_at_recall_0.30  	query1742	0.0000
iprec_at_recall_0.40  	query1742	0.0000
iprec_at_recall_0.50  	query1742	0.0000
iprec_at_recall_0.60  	query1742	0.0000
iprec_at_recall_0.70  	query1742	0.0000
iprec_at_recall_0.80  	query1742	0.0000
iprec_at_recall_0.90  	query1742	0.0000
iprec_at_recall_1.00  	query1742	0.0000
P_5                   	query1742	0.0000
P_10                  	query1742	0.0000
P_15                  	query1742	0.0000
P_20                  	query1742	0.0000
P_30                  	query1742	0.0000
P_100                 	query1742	0.0000
P_200                 	query1742	0.0000
P_500                 	query1742	0.0000
P_1000                	query1742	0.0000
num_ret               	query1833	4
num_rel               	query1833	2
num_rel_ret           	query1833	2
map                   	query1833	0.5833
aqwv                  	query1833	0.9130
Rprec                 	query1833	0.5000
bpref                 	query1833	1.0000
recip_rank            	query1833	0.5000
iprec_at_recall_0.00  	query1833	0.6667
iprec_at_recall_0.10  	query1833	0.6667
iprec_at_recall_0.20  	query1833	0.6667
iprec_at_recall_0.30  	query1833	0.6667
iprec_at_recall_0.40  	query1833	0.6667
iprec_at_recall_0.50  	query1833	0.6667
iprec_at_recall_0.60  	query1833	0.6667
iprec_at_recall_0.70  	query1833	0.6667
iprec_at_recall_0.80  	query1833	0.6667
iprec_at_recall_0.90  	query1833	0.6667
iprec_at_recall_1.00  	query1833	0.6667
P_5                   	query1833	0.4000
P_10                  	query1833	0.2000
P_15                  	query1833	0.1333
P_20                  	query1833	0.1000
P_30                  	query1833	0.0667
P_100                 	query1833	0.0200
P_200                 	query1833	0.0100
P_500                 	query1833	0.0040
P_1000                	query1833	0.0020
num_ret               	query1963	20
num_rel               	query1963	2
num_rel_ret           	query1963	2
map                   	query1963	0.7000
aqwv                  	query1963	0.2174
Rprec                 	query1963	0.5000
bpref                 	query1963	1.0000
recip_rank            	query1963	1.0000
iprec_at_recall_0.00  	query1963	1.0000
iprec_at_recall_0.10  	query1963	1.0000
iprec_at_recall_0.20  	query1963	1.0000
iprec_at_recall_0.30  	query1963	1.0000
iprec_at_recall_0.40  	query1963	1.0000
iprec_at_recall_0.50  	query1963	1.0000
iprec_at_recall_0.60  	query1963	0.4000
iprec_at_recall_0.70  	query1963	0.4000
iprec_at_recall_0.80  	query1963	0.4000
iprec_at_recall_0.90  	query1963	0.4000
iprec_at_recall_1.00  	query1963	0.4000
P_5                   	query1963	0.4000
P_10                  	query1963	0.2000
P_15                  	query1963	0.1333
P_20                  	query1963	0.1000
P_30                  	query1963	0.0667
P_100                 	query1963	0.0200
P_200                 	query1963	0.0100
P_500                 	query1963	0.0040
P_1000                	query1963	0.0020
num_ret               	query2294	1
num_rel               	query2294	1
num_rel_ret           	query2294	1
map                   	query2294	1.0000
aqwv                  	query2294	1.0000
Rprec                 	query2294	1.0000
bpref                 	query2294	1.0000
recip_rank            	query2294	1.0000
iprec_at_recall_0.00  	query2294	1.0000
iprec_at_recall_0.10  	query2294	1.0000
iprec_at_recall_0.20  	query2294	1.0000
iprec_at_recall_0.30  	query2294	1.0000
iprec_at_recall_0.40  	query2294	1.0000
iprec_at_recall_0.50  	query2294	1.0000
iprec_at_recall_0.60  	query2294	1.0000
iprec_at_recall_0.70  	query2294	1.0000
iprec_at_recall_0.80  	query2294	1.0000
iprec_at_recall_0.90  	query2294	1.0000
iprec_at_recall_1.00  	query2294	1.0000
P_5                   	query2294	0.2000
P_10                  	query2294	0.1000
P_15                  	query2294	0.0667
P_20                  	query2294	0.0500
P_30                  	query2294	0.0333
P_100                 	query2294	0.0100
P_200                 	query2294	0.0050
P_500                 	query2294	0.0020
P_1000                	query2294	0.0010
num_ret               	query2557	20
num_rel               	query2557	2
num_rel_ret           	query2557	0
map                   	query2557	0.0000
aqwv                  	query2557	0.0000
Rprec                 	query2557	0.0000
bpref                 	query2557	0.0000
recip_rank            	query2557	0.0000
iprec_at_recall_0.00  	query2557	0.0000
iprec_at_recall_0.10  	query2557	0.0000
iprec_at_recall_0.20  	query2557	0.0000
iprec_at_recall_0.30  	query2557	0.0000
iprec_at_recall_0.40  	query2557	0.0000
iprec_at_recall_0.50  	query2557	0.0000
iprec_at_recall_0.60  	query2557	0.0000
iprec_at_recall_0.70  	query2557	0.0000
iprec_at_recall_0.80  	query2557	0.0000
iprec_at_recall_0.90  	query2557	0.0000
iprec_at_recall_1.00  	query2557	0.0000
P_5                   	query2557	0.0000
P_10                  	query2557	0.0000
P_15                  	query2557	0.0000
P_20                  	query2557	0.0000
P_30                  	query2557	0.0000
P_100                 	query2557	0.0000
P_200                 	query2557	0.0000
P_500                 	query2557	0.0000
P_1000                	query2557	0.0000
num_ret               	query337	20
num_rel               	query337	3
num_rel_ret           	query337	3
map                   	query337	0.5667
aqwv                  	query337	0.2593
Rprec                 	query337	0.3333
bpref                 	query337	1.0000
recip_rank            	query337	1.0000
iprec_at_recall_0.00  	query337	1.0000
iprec_at_recall_0.10  	query337	1.0000
iprec_at_recall_0.20  	query337	1.0000
iprec_at_recall_0.30  	query337	1.0000
iprec_at_recall_0.40  	query337	0.5000
iprec_at_recall_0.50  	query337	0.5000
iprec_at_recall_0.60  	query337	0.5000
iprec_at_recall_0.70  	query337	0.5000
iprec_at_recall_0.80  	query337	0.2000
iprec_at_recall_0.90  	query337	0.2000
iprec_at_recall_1.00  	query337	0.2000
P_5                   	query337	0.4000
P_10                  	query337	0.2000
P_15                  	query337	0.2000
P_20                  	query337	0.1500
P_30                  	query337	0.1000
P_100                 	query337	0.0300
P_200                 	query337	0.0150
P_500                 	query337	0.0060
P_1000                	query337	0.0030
num_ret               	query464	7
num_rel               	query464	1
num_rel_ret           	query464	0
map                   	query464	0.0000
aqwv                  	query464	0.0000
Rprec                 	query464	0.0000
bpref                 	query464	0.0000
recip_rank            	query464	0.0000
iprec_at_recall_0.00  	query464	0.0000
iprec_at_recall_0.10  	query464	0.0000
iprec_at_recall_0.20  	query464	0.0000
iprec_at_recall_0.30  	query464	0.0000
iprec_at_recall_0.40  	query464	0.0000
iprec_at_recall_0.50  	query464	0.0000
iprec_at_recall_0.60  	query464	0.0000
iprec_at_recall_0.70  	query464	0.0000
iprec_at_recall_0.80  	query464	0.0000
iprec_at_recall_0.90  	query464	0.0000
iprec_at_recall_1.00  	query464	0.0000
P_5                   	query464	0.0000
P_10                  	query464	0.0000
P_15                  	query464	0.0000
P_20                  	query464	0.0000
P_30                  	query464	0.0000
P_100                 	query464	0.0000
P_200                 	query464	0.0000
P_500                 	query464	0.0000
P_1000                	query464	0.0000
num_ret               	query525	9
num_rel               	query525	3
num_rel_ret           	query525	2
map                   	query525	0.1407
aqwv                  	query525	0.3623
Rprec                 	query525	0.0000
bpref                 	query525	0.6667
recip_rank            	query525	0.2000
iprec_at_recall_0.00  	query525	0.2222
iprec_at_recall_0.10  	query525	0.2222
iprec_at_recall_0.20  	query525	0.2222
iprec_at_recall_0.30  	query525	0.2222
iprec_at_recall_0.40  	query525	0.2222
iprec_at_recall_0.50  	query525	0.2222
iprec_at_recall_0.60  	query525	0.2222
iprec_at_recall_0.70  	query525	0.2222
iprec_at_recall_0.80  	query525	0.0000
iprec_at_recall_0.90  	query525	0.0000
iprec_at_recall_1.00  	query525	0.0000
P_5                   	query525	0.2000
P_10                  	query525	0.2000
P_15                  	query525	0.1333
P_20                  	query525	0.1000
P_30                  	query525	0.0667
P_100                 	query525	0.0200
P_200                 	query525	0.0100
P_500                 	query525	0.0040
P_1000                	query525	0.0020
num_ret               	query559	12
num_rel               	query559	1
num_rel_ret           	query559	1
map                   	query559	0.0833
aqwv                  	query559	0.5228
Rprec                 	query559	0.0000
bpref                 	query559	1.0000
recip_rank            	query559	0.0833
iprec_at_recall_0.00  	query559	0.0833
iprec_at_recall_0.10  	query559	0.0833
iprec_at_recall_0.20  	query559	0.0833
iprec_at_recall_0.30  	query559	0.0833
iprec_at_recall_0.40  	query559	0.0833
iprec_at_recall_0.50  	query559	0.0833
iprec_at_recall_0.60  	query559	0.0833
iprec_at_recall_0.70  	query559	0.0833
iprec_at_recall_0.80  	query559	0.0833
iprec_at_recall_0.90  	query559	0.0833
iprec_at_recall_1.00  	query559	0.0833
P_5                   	query559	0.0000
P_10                  	query559	0.0000
P_15                  	query559	0.0667
P_20                  	query559	0.0500
P_30                  	query559	0.0333
P_100                 	query559	0.0100
P_200                 	query559	0.0050
P_500                 	query559	0.0020
P_1000                	query559	0.0010
num_ret               	query614	20
num_rel               	query614	6
num_rel_ret           	query614	1
map                   	query614	0.0119
aqwv                  	query614	-0.6576
Rprec                 	query614	0.0000
bpref                 	query614	0.1667
recip_rank            	query614	0.0714
iprec_at_recall_0.00  	query614	0.0714
iprec_at_recall_0.10  	query614	0.0714
iprec_at_recall_0.20  	query614	0.0000
iprec_at_recall_0.30  	query614	0.0000
iprec_at_recall_0.40  	query614	0.0000
iprec_at_recall_0.50  	query614	0.0000
iprec_at_recall_0.60  	query614	0.0000
iprec_at_recall_0.70  	query614	0.0000
iprec_at_recall_0.80  	query614	0.0000
iprec_at_recall_0.90  	query614	0.0000
iprec_at_recall_1.00  	query614	0.0000
P_5                   	query614	0.0000
P_10                  	query614	0.0000
P_15                  	query614	0.0667
P_20                  	query614	0.0500
P_30                  	query614	0.0333
P_100                 	query614	0.0100
P_200                 	query614	0.0050
P_500                 	query614	0.0020
P_1000                	query614	0.0010
num_ret               	query620	20
num_rel               	query620	4
num_rel_ret           	query620	0
map                   	query620	0.0000
aqwv                  	query620	0.0000
Rprec                 	query620	0.0000
bpref                 	query620	0.0000
recip_rank            	query620	0.0000
iprec_at_recall_0.00  	query620	0.0000
iprec_at_recall_0.10  	query620	0.0000
iprec_at_recall_0.20  	query620	0.0000
iprec_at_recall_0.30  	query620	0.0000
iprec_at_recall_0.40  	query620	0.0000
iprec_at_recall_0.50  	query620	0.0000
iprec_at_recall_0.60  	query620	0.0000
iprec_at_recall_0.70  	query620	0.0000
iprec_at_recall_0.80  	query620	0.0000
iprec_at_recall_0.90  	query620	0.0000
iprec_at_recall_1.00  	query620	0.0000
P_5                   	query620	0.0000
P_10                  	query620	0.0000
P_15                  	query620	0.0000
P_20                  	query620	0.0000
P_30                  	query620	0.0000
P_100                 	query620	0.0000
P_200                 	query620	0.0000
P_500                 	query620	0.0000
P_1000                	query620	0.0000
num_ret               	query753	20
num_rel               	query753	3
num_rel_ret           	query753	0
map                   	query753	0.0000
aqwv                  	query753	0.0000
Rprec                 	query753	0.0000
bpref                 	query753	0.0000
recip_rank            	query753	0.0000
iprec_at_recall_0.00  	query753	0.0000
iprec_at_recall_0.10  	query753	0.0000
iprec_at_recall_0.20  	query753	0.0000
iprec_at_recall_0.30  	query753	0.0000
iprec_at_recall_0.40  	query753	0.0000
iprec_at_recall_0.50  	query753	0.0000
iprec_at_recall_0.60  	query753	0.0000
iprec_at_recall_0.70  	query753	0.0000
iprec_at_recall_0.80  	query753	0.0000
iprec_at_recall_0.90  	query753	0.0000
iprec_at_recall_1.00  	query753	0.0000
P_5                   	query753	0.0000
P_10                  	query753	0.0000
P_15                  	query753	0.0000
P_20                  	query753	0.0000
P_30                  	query753	0.0000
P_100                 	query753	0.0000
P_200                 	query753	0.0000
P_500                 	query753	0.0000
P_1000                	query753	0.0000
num_ret               	query774	17
num_rel               	query774	1
num_rel_ret           	query774	1
map                   	query774	0.5000
aqwv                  	query774	0.3059
Rprec                 	query774	0.0000
bpref                 	query774	1.0000
recip_rank            	query774	0.5000
iprec_at_recall_0.00  	query774	0.5000
iprec_at_recall_0.10  	query774	0.5000
iprec_at_recall_0.20  	query774	0.5000
iprec_at_recall_0.30  	query774	0.5000
iprec_at_recall_0.40  	query774	0.5000
iprec_at_recall_0.50  	query774	0.5000
iprec_at_recall_0.60  	query774	0.5000
iprec_at_recall_0.70  	query774	0.5000
iprec_at_recall_0.80  	query774	0.5000
iprec_at_recall_0.90  	query774	0.5000
iprec_at_recall_1.00  	query774	0.5000
P_5                   	query774	0.2000
P_10                  	query774	0.1000
P_15                  	query774	0.0667
P_20                  	query774	0.0500
P_30                  	query774	0.0333
P_100                 	query774	0.0100
P_200                 	query774	0.0050
P_500                 	query774	0.0020
P_1000                	query774	0.0010
num_ret               	query936	20
num_rel               	query936	7
num_rel_ret           	query936	0
map                   	query936	0.0000
aqwv                  	query936	0.0000
Rprec                 	query936	0.0000
bpref                 	query936	0.0000
recip_rank            	query936	0.0000
iprec_at_recall_0.00  	query936	0.0000
iprec_at_recall_0.10  	query936	0.0000
iprec_at_recall_0.20  	query936	0.0000
iprec_at_recall_0.30  	query936	0.0000
iprec_at_recall_0.40  	query936	0.0000
iprec_at_recall_0.50  	query936	0.0000
iprec_at_recall_0.60  	query936	0.0000
iprec_at_recall_0.70  	query936	0.0000
iprec_at_recall_0.80  	query936	0.0000
iprec_at_recall_0.90  	query936	0.0000
iprec_at_recall_1.00  	query936	0.0000
P_5                   	query936	0.0000
P_10                  	query936	0.0000
P_15                  	query936	0.0000
P_20                  	query936	0.0000
P_30                  	query936	0.0000
P_100                 	query936	0.0000
P_200                 	query936	0.0000
P_500                 	query936	0.0000
P_1000                	query936	0.0000
runid                 	all	indri
num_q                 	all	22
num_ret               	all	276
num_rel               	all	56
num_rel_ret           	all	26
map                   	all	0.3339
aqwv                  	all	0.2989
gm_map                	all	0.0050
Rprec                 	all	0.2614
bpref                 	all	0.5379
recip_rank            	all	0.3911
iprec_at_recall_0.00  	all	0.4065
iprec_at_recall_0.10  	all	0.4065
iprec_at_recall_0.20  	all	0.4033
iprec_at_recall_0.30  	all	0.3806
iprec_at_recall_0.40  	all	0.3465
iprec_at_recall_0.50  	all	0.3465
iprec_at_recall_0.60  	all	0.3192
iprec_at_recall_0.70  	all	0.3192
iprec_at_recall_0.80  	all	0.2955
iprec_at_recall_0.90  	all	0.2955
iprec_at_recall_1.00  	all	0.2955
P_5                   	all	0.1545
P_10                  	all	0.1045
P_15                  	all	0.0788
P_20                  	all	0.0591
P_30                  	all	0.0394
P_100                 	all	0.0118
P_200                 	all	0.0059
P_500                 	all	0.0024
P_1000                	all	0.0012
