num_ret               	query1014	1
num_rel               	query1014	1
num_rel_ret           	query1014	0
map                   	query1014	0.0000
aqwv                  	query1014	0.0000
Rprec                 	query1014	0.0000
bpref                 	query1014	0.0000
recip_rank            	query1014	0.0000
iprec_at_recall_0.00  	query1014	0.0000
iprec_at_recall_0.10  	query1014	0.0000
iprec_at_recall_0.20  	query1014	0.0000
iprec_at_recall_0.30  	query1014	0.0000
iprec_at_recall_0.40  	query1014	0.0000
iprec_at_recall_0.50  	query1014	0.0000
iprec_at_recall_0.60  	query1014	0.0000
iprec_at_recall_0.70  	query1014	0.0000
iprec_at_recall_0.80  	query1014	0.0000
iprec_at_recall_0.90  	query1014	0.0000
iprec_at_recall_1.00  	query1014	0.0000
P_5                   	query1014	0.0000
P_10                  	query1014	0.0000
P_15                  	query1014	0.0000
P_20                  	query1014	0.0000
P_30                  	query1014	0.0000
P_100                 	query1014	0.0000
P_200                 	query1014	0.0000
P_500                 	query1014	0.0000
P_1000                	query1014	0.0000
num_ret               	query1083	2
num_rel               	query1083	2
num_rel_ret           	query1083	0
map                   	query1083	0.0000
aqwv                  	query1083	0.0000
Rprec                 	query1083	0.0000
bpref                 	query1083	0.0000
recip_rank            	query1083	0.0000
iprec_at_recall_0.00  	query1083	0.0000
iprec_at_recall_0.10  	query1083	0.0000
iprec_at_recall_0.20  	query1083	0.0000
iprec_at_recall_0.30  	query1083	0.0000
iprec_at_recall_0.40  	query1083	0.0000
iprec_at_recall_0.50  	query1083	0.0000
iprec_at_recall_0.60  	query1083	0.0000
iprec_at_recall_0.70  	query1083	0.0000
iprec_at_recall_0.80  	query1083	0.0000
iprec_at_recall_0.90  	query1083	0.0000
iprec_at_recall_1.00  	query1083	0.0000
P_5                   	query1083	0.0000
P_10                  	query1083	0.0000
P_15                  	query1083	0.0000
P_20                  	query1083	0.0000
P_30                  	query1083	0.0000
P_100                 	query1083	0.0000
P_200                 	query1083	0.0000
P_500                 	query1083	0.0000
P_1000                	query1083	0.0000
num_ret               	query1219	1
num_rel               	query1219	14
num_rel_ret           	query1219	0
map                   	query1219	0.0000
aqwv                  	query1219	0.0000
Rprec                 	query1219	0.0000
bpref                 	query1219	0.0000
recip_rank            	query1219	0.0000
iprec_at_recall_0.00  	query1219	0.0000
iprec_at_recall_0.10  	query1219	0.0000
iprec_at_recall_0.20  	query1219	0.0000
iprec_at_recall_0.30  	query1219	0.0000
iprec_at_recall_0.40  	query1219	0.0000
iprec_at_recall_0.50  	query1219	0.0000
iprec_at_recall_0.60  	query1219	0.0000
iprec_at_recall_0.70  	query1219	0.0000
iprec_at_recall_0.80  	query1219	0.0000
iprec_at_recall_0.90  	query1219	0.0000
iprec_at_recall_1.00  	query1219	0.0000
P_5                   	query1219	0.0000
P_10                  	query1219	0.0000
P_15                  	query1219	0.0000
P_20                  	query1219	0.0000
P_30                  	query1219	0.0000
P_100                 	query1219	0.0000
P_200                 	query1219	0.0000
P_500                 	query1219	0.0000
P_1000                	query1219	0.0000
num_ret               	query1332	8
num_rel               	query1332	12
num_rel_ret           	query1332	2
map                   	query1332	0.0542
aqwv                  	query1332	-0.0892
Rprec                 	query1332	0.1667
bpref                 	query1332	0.1667
recip_rank            	query1332	0.2500
iprec_at_recall_0.00  	query1332	0.4000
iprec_at_recall_0.10  	query1332	0.4000
iprec_at_recall_0.20  	query1332	0.0000
iprec_at_recall_0.30  	query1332	0.0000
iprec_at_recall_0.40  	query1332	0.0000
iprec_at_recall_0.50  	query1332	0.0000
iprec_at_recall_0.60  	query1332	0.0000
iprec_at_recall_0.70  	query1332	0.0000
iprec_at_recall_0.80  	query1332	0.0000
iprec_at_recall_0.90  	query1332	0.0000
iprec_at_recall_1.00  	query1332	0.0000
P_5                   	query1332	0.4000
P_10                  	query1332	0.2000
P_15                  	query1332	0.1333
P_20                  	query1332	0.1000
P_30                  	query1332	0.0667
P_100                 	query1332	0.0200
P_200                 	query1332	0.0100
P_500                 	query1332	0.0040
P_1000                	query1332	0.0020
num_ret               	query1340	1
num_rel               	query1340	10
num_rel_ret           	query1340	0
map                   	query1340	0.0000
aqwv                  	query1340	0.0000
Rprec                 	query1340	0.0000
bpref                 	query1340	0.0000
recip_rank            	query1340	0.0000
iprec_at_recall_0.00  	query1340	0.0000
iprec_at_recall_0.10  	query1340	0.0000
iprec_at_recall_0.20  	query1340	0.0000
iprec_at_recall_0.30  	query1340	0.0000
iprec_at_recall_0.40  	query1340	0.0000
iprec_at_recall_0.50  	query1340	0.0000
iprec_at_recall_0.60  	query1340	0.0000
iprec_at_recall_0.70  	query1340	0.0000
iprec_at_recall_0.80  	query1340	0.0000
iprec_at_recall_0.90  	query1340	0.0000
iprec_at_recall_1.00  	query1340	0.0000
P_5                   	query1340	0.0000
P_10                  	query1340	0.0000
P_15                  	query1340	0.0000
P_20                  	query1340	0.0000
P_30                  	query1340	0.0000
P_100                 	query1340	0.0000
P_200                 	query1340	0.0000
P_500                 	query1340	0.0000
P_1000                	query1340	0.0000
num_ret               	query1408	1
num_rel               	query1408	1
num_rel_ret           	query1408	1
map                   	query1408	1.0000
aqwv                  	query1408	1.0000
Rprec                 	query1408	1.0000
bpref                 	query1408	1.0000
recip_rank            	query1408	1.0000
iprec_at_recall_0.00  	query1408	1.0000
iprec_at_recall_0.10  	query1408	1.0000
iprec_at_recall_0.20  	query1408	1.0000
iprec_at_recall_0.30  	query1408	1.0000
iprec_at_recall_0.40  	query1408	1.0000
iprec_at_recall_0.50  	query1408	1.0000
iprec_at_recall_0.60  	query1408	1.0000
iprec_at_recall_0.70  	query1408	1.0000
iprec_at_recall_0.80  	query1408	1.0000
iprec_at_recall_0.90  	query1408	1.0000
iprec_at_recall_1.00  	query1408	1.0000
P_5                   	query1408	0.2000
P_10                  	query1408	0.1000
P_15                  	query1408	0.0667
P_20                  	query1408	0.0500
P_30                  	query1408	0.0333
P_100                 	query1408	0.0100
P_200                 	query1408	0.0050
P_500                 	query1408	0.0020
P_1000                	query1408	0.0010
num_ret               	query1419	2
num_rel               	query1419	1
num_rel_ret           	query1419	0
map                   	query1419	0.0000
aqwv                  	query1419	0.0000
Rprec                 	query1419	0.0000
bpref                 	query1419	0.0000
recip_rank            	query1419	0.0000
iprec_at_recall_0.00  	query1419	0.0000
iprec_at_recall_0.10  	query1419	0.0000
iprec_at_recall_0.20  	query1419	0.0000
iprec_at_recall_0.30  	query1419	0.0000
iprec_at_recall_0.40  	query1419	0.0000
iprec_at_recall_0.50  	query1419	0.0000
iprec_at_recall_0.60  	query1419	0.0000
iprec_at_recall_0.70  	query1419	0.0000
iprec_at_recall_0.80  	query1419	0.0000
iprec_at_recall_0.90  	query1419	0.0000
iprec_at_recall_1.00  	query1419	0.0000
P_5                   	query1419	0.0000
P_10                  	query1419	0.0000
P_15                  	query1419	0.0000
P_20                  	query1419	0.0000
P_30                  	query1419	0.0000
P_100                 	query1419	0.0000
P_200                 	query1419	0.0000
P_500                 	query1419	0.0000
P_1000                	query1419	0.0000
num_ret               	query1443	1
num_rel               	query1443	4
num_rel_ret           	query1443	0
map                   	query1443	0.0000
aqwv                  	query1443	0.0000
Rprec                 	query1443	0.0000
bpref                 	query1443	0.0000
recip_rank            	query1443	0.0000
iprec_at_recall_0.00  	query1443	0.0000
iprec_at_recall_0.10  	query1443	0.0000
iprec_at_recall_0.20  	query1443	0.0000
iprec_at_recall_0.30  	query1443	0.0000
iprec_at_recall_0.40  	query1443	0.0000
iprec_at_recall_0.50  	query1443	0.0000
iprec_at_recall_0.60  	query1443	0.0000
iprec_at_recall_0.70  	query1443	0.0000
iprec_at_recall_0.80  	query1443	0.0000
iprec_at_recall_0.90  	query1443	0.0000
iprec_at_recall_1.00  	query1443	0.0000
P_5                   	query1443	0.0000
P_10                  	query1443	0.0000
P_15                  	query1443	0.0000
P_20                  	query1443	0.0000
P_30                  	query1443	0.0000
P_100                 	query1443	0.0000
P_200                 	query1443	0.0000
P_500                 	query1443	0.0000
P_1000                	query1443	0.0000
num_ret               	query1444	2
num_rel               	query1444	1
num_rel_ret           	query1444	1
map                   	query1444	1.0000
aqwv                  	query1444	0.9574
Rprec                 	query1444	1.0000
bpref                 	query1444	1.0000
recip_rank            	query1444	1.0000
iprec_at_recall_0.00  	query1444	1.0000
iprec_at_recall_0.10  	query1444	1.0000
iprec_at_recall_0.20  	query1444	1.0000
iprec_at_recall_0.30  	query1444	1.0000
iprec_at_recall_0.40  	query1444	1.0000
iprec_at_recall_0.50  	query1444	1.0000
iprec_at_recall_0.60  	query1444	1.0000
iprec_at_recall_0.70  	query1444	1.0000
iprec_at_recall_0.80  	query1444	1.0000
iprec_at_recall_0.90  	query1444	1.0000
iprec_at_recall_1.00  	query1444	1.0000
P_5                   	query1444	0.2000
P_10                  	query1444	0.1000
P_15                  	query1444	0.0667
P_20                  	query1444	0.0500
P_30                  	query1444	0.0333
P_100                 	query1444	0.0100
P_200                 	query1444	0.0050
P_500                 	query1444	0.0020
P_1000                	query1444	0.0010
num_ret               	query1487	1
num_rel               	query1487	1
num_rel_ret           	query1487	1
map                   	query1487	1.0000
aqwv                  	query1487	1.0000
Rprec                 	query1487	1.0000
bpref                 	query1487	1.0000
recip_rank            	query1487	1.0000
iprec_at_recall_0.00  	query1487	1.0000
iprec_at_recall_0.10  	query1487	1.0000
iprec_at_recall_0.20  	query1487	1.0000
iprec_at_recall_0.30  	query1487	1.0000
iprec_at_recall_0.40  	query1487	1.0000
iprec_at_recall_0.50  	query1487	1.0000
iprec_at_recall_0.60  	query1487	1.0000
iprec_at_recall_0.70  	query1487	1.0000
iprec_at_recall_0.80  	query1487	1.0000
iprec_at_recall_0.90  	query1487	1.0000
iprec_at_recall_1.00  	query1487	1.0000
P_5                   	query1487	0.2000
P_10                  	query1487	0.1000
P_15                  	query1487	0.0667
P_20                  	query1487	0.0500
P_30                  	query1487	0.0333
P_100                 	query1487	0.0100
P_200                 	query1487	0.0050
P_500                 	query1487	0.0020
P_1000                	query1487	0.0010
num_ret               	query1495	1
num_rel               	query1495	1
num_rel_ret           	query1495	0
map                   	query1495	0.0000
aqwv                  	query1495	0.0000
Rprec                 	query1495	0.0000
bpref                 	query1495	0.0000
recip_rank            	query1495	0.0000
iprec_at_recall_0.00  	query1495	0.0000
iprec_at_recall_0.10  	query1495	0.0000
iprec_at_recall_0.20  	query1495	0.0000
iprec_at_recall_0.30  	query1495	0.0000
iprec_at_recall_0.40  	query1495	0.0000
iprec_at_recall_0.50  	query1495	0.0000
iprec_at_recall_0.60  	query1495	0.0000
iprec_at_recall_0.70  	query1495	0.0000
iprec_at_recall_0.80  	query1495	0.0000
iprec_at_recall_0.90  	query1495	0.0000
iprec_at_recall_1.00  	query1495	0.0000
P_5                   	query1495	0.0000
P_10                  	query1495	0.0000
P_15                  	query1495	0.0000
P_20                  	query1495	0.0000
P_30                  	query1495	0.0000
P_100                 	query1495	0.0000
P_200                 	query1495	0.0000
P_500                 	query1495	0.0000
P_1000                	query1495	0.0000
num_ret               	query1496	13
num_rel               	query1496	3
num_rel_ret           	query1496	2
map                   	query1496	0.5000
aqwv                  	query1496	0.1976
Rprec                 	query1496	0.3333
bpref                 	query1496	0.6667
recip_rank            	query1496	1.0000
iprec_at_recall_0.00  	query1496	1.0000
iprec_at_recall_0.10  	query1496	1.0000
iprec_at_recall_0.20  	query1496	1.0000
iprec_at_recall_0.30  	query1496	1.0000
iprec_at_recall_0.40  	query1496	0.5000
iprec_at_recall_0.50  	query1496	0.5000
iprec_at_recall_0.60  	query1496	0.5000
iprec_at_recall_0.70  	query1496	0.5000
iprec_at_recall_0.80  	query1496	0.0000
iprec_at_recall_0.90  	query1496	0.0000
iprec_at_recall_1.00  	query1496	0.0000
P_5                   	query1496	0.4000
P_10                  	query1496	0.2000
P_15                  	query1496	0.1333
P_20                  	query1496	0.1000
P_30                  	query1496	0.0667
P_100                 	query1496	0.0200
P_200                 	query1496	0.0100
P_500                 	query1496	0.0040
P_1000                	query1496	0.0020
num_ret               	query1519	1
num_rel               	query1519	2
num_rel_ret           	query1519	0
map                   	query1519	0.0000
aqwv                  	query1519	0.0000
Rprec                 	query1519	0.0000
bpref                 	query1519	0.0000
recip_rank            	query1519	0.0000
iprec_at_recall_0.00  	query1519	0.0000
iprec_at_recall_0.10  	query1519	0.0000
iprec_at_recall_0.20  	query1519	0.0000
iprec_at_recall_0.30  	query1519	0.0000
iprec_at_recall_0.40  	query1519	0.0000
iprec_at_recall_0.50  	query1519	0.0000
iprec_at_recall_0.60  	query1519	0.0000
iprec_at_recall_0.70  	query1519	0.0000
iprec_at_recall_0.80  	query1519	0.0000
iprec_at_recall_0.90  	query1519	0.0000
iprec_at_recall_1.00  	query1519	0.0000
P_5                   	query1519	0.0000
P_10                  	query1519	0.0000
P_15                  	query1519	0.0000
P_20                  	query1519	0.0000
P_30                  	query1519	0.0000
P_100                 	query1519	0.0000
P_200                 	query1519	0.0000
P_500                 	query1519	0.0000
P_1000                	query1519	0.0000
num_ret               	query1520	1
num_rel               	query1520	1
num_rel_ret           	query1520	1
map                   	query1520	1.0000
aqwv                  	query1520	1.0000
Rprec                 	query1520	1.0000
bpref                 	query1520	1.0000
recip_rank            	query1520	1.0000
iprec_at_recall_0.00  	query1520	1.0000
iprec_at_recall_0.10  	query1520	1.0000
iprec_at_recall_0.20  	query1520	1.0000
iprec_at_recall_0.30  	query1520	1.0000
iprec_at_recall_0.40  	query1520	1.0000
iprec_at_recall_0.50  	query1520	1.0000
iprec_at_recall_0.60  	query1520	1.0000
iprec_at_recall_0.70  	query1520	1.0000
iprec_at_recall_0.80  	query1520	1.0000
iprec_at_recall_0.90  	query1520	1.0000
iprec_at_recall_1.00  	query1520	1.0000
P_5                   	query1520	0.2000
P_10                  	query1520	0.1000
P_15                  	query1520	0.0667
P_20                  	query1520	0.0500
P_30                  	query1520	0.0333
P_100                 	query1520	0.0100
P_200                 	query1520	0.0050
P_500                 	query1520	0.0020
P_1000                	query1520	0.0010
num_ret               	query1631	1
num_rel               	query1631	4
num_rel_ret           	query1631	0
map                   	query1631	0.0000
aqwv                  	query1631	0.0000
Rprec                 	query1631	0.0000
bpref                 	query1631	0.0000
recip_rank            	query1631	0.0000
iprec_at_recall_0.00  	query1631	0.0000
iprec_at_recall_0.10  	query1631	0.0000
iprec_at_recall_0.20  	query1631	0.0000
iprec_at_recall_0.30  	query1631	0.0000
iprec_at_recall_0.40  	query1631	0.0000
iprec_at_recall_0.50  	query1631	0.0000
iprec_at_recall_0.60  	query1631	0.0000
iprec_at_recall_0.70  	query1631	0.0000
iprec_at_recall_0.80  	query1631	0.0000
iprec_at_recall_0.90  	query1631	0.0000
iprec_at_recall_1.00  	query1631	0.0000
P_5                   	query1631	0.0000
P_10                  	query1631	0.0000
P_15                  	query1631	0.0000
P_20                  	query1631	0.0000
P_30                  	query1631	0.0000
P_100                 	query1631	0.0000
P_200                 	query1631	0.0000
P_500                 	query1631	0.0000
P_1000                	query1631	0.0000
num_ret               	query1639	1
num_rel               	query1639	4
num_rel_ret           	query1639	0
map                   	query1639	0.0000
aqwv                  	query1639	0.0000
Rprec                 	query1639	0.0000
bpref                 	query1639	0.0000
recip_rank            	query1639	0.0000
iprec_at_recall_0.00  	query1639	0.0000
iprec_at_recall_0.10  	query1639	0.0000
iprec_at_recall_0.20  	query1639	0.0000
iprec_at_recall_0.30  	query1639	0.0000
iprec_at_recall_0.40  	query1639	0.0000
iprec_at_recall_0.50  	query1639	0.0000
iprec_at_recall_0.60  	query1639	0.0000
iprec_at_recall_0.70  	query1639	0.0000
iprec_at_recall_0.80  	query1639	0.0000
iprec_at_recall_0.90  	query1639	0.0000
iprec_at_recall_1.00  	query1639	0.0000
P_5                   	query1639	0.0000
P_10                  	query1639	0.0000
P_15                  	query1639	0.0000
P_20                  	query1639	0.0000
P_30                  	query1639	0.0000
P_100                 	query1639	0.0000
P_200                 	query1639	0.0000
P_500                 	query1639	0.0000
P_1000                	query1639	0.0000
num_ret               	query1644	1
num_rel               	query1644	3
num_rel_ret           	query1644	0
map                   	query1644	0.0000
aqwv                  	query1644	0.0000
Rprec                 	query1644	0.0000
bpref                 	query1644	0.0000
recip_rank            	query1644	0.0000
iprec_at_recall_0.00  	query1644	0.0000
iprec_at_recall_0.10  	query1644	0.0000
iprec_at_recall_0.20  	query1644	0.0000
iprec_at_recall_0.30  	query1644	0.0000
iprec_at_recall_0.40  	query1644	0.0000
iprec_at_recall_0.50  	query1644	0.0000
iprec_at_recall_0.60  	query1644	0.0000
iprec_at_recall_0.70  	query1644	0.0000
iprec_at_recall_0.80  	query1644	0.0000
iprec_at_recall_0.90  	query1644	0.0000
iprec_at_recall_1.00  	query1644	0.0000
P_5                   	query1644	0.0000
P_10                  	query1644	0.0000
P_15                  	query1644	0.0000
P_20                  	query1644	0.0000
P_30                  	query1644	0.0000
P_100                 	query1644	0.0000
P_200                 	query1644	0.0000
P_500                 	query1644	0.0000
P_1000                	query1644	0.0000
num_ret               	query1652	1
num_rel               	query1652	3
num_rel_ret           	query1652	0
map                   	query1652	0.0000
aqwv                  	query1652	0.0000
Rprec                 	query1652	0.0000
bpref                 	query1652	0.0000
recip_rank            	query1652	0.0000
iprec_at_recall_0.00  	query1652	0.0000
iprec_at_recall_0.10  	query1652	0.0000
iprec_at_recall_0.20  	query1652	0.0000
iprec_at_recall_0.30  	query1652	0.0000
iprec_at_recall_0.40  	query1652	0.0000
iprec_at_recall_0.50  	query1652	0.0000
iprec_at_recall_0.60  	query1652	0.0000
iprec_at_recall_0.70  	query1652	0.0000
iprec_at_recall_0.80  	query1652	0.0000
iprec_at_recall_0.90  	query1652	0.0000
iprec_at_recall_1.00  	query1652	0.0000
P_5                   	query1652	0.0000
P_10                  	query1652	0.0000
P_15                  	query1652	0.0000
P_20                  	query1652	0.0000
P_30                  	query1652	0.0000
P_100                 	query1652	0.0000
P_200                 	query1652	0.0000
P_500                 	query1652	0.0000
P_1000                	query1652	0.0000
num_ret               	query1672	1
num_rel               	query1672	4
num_rel_ret           	query1672	1
map                   	query1672	0.2500
aqwv                  	query1672	0.2500
Rprec                 	query1672	0.2500
bpref                 	query1672	0.2500
recip_rank            	query1672	1.0000
iprec_at_recall_0.00  	query1672	1.0000
iprec_at_recall_0.10  	query1672	1.0000
iprec_at_recall_0.20  	query1672	1.0000
iprec_at_recall_0.30  	query1672	0.0000
iprec_at_recall_0.40  	query1672	0.0000
iprec_at_recall_0.50  	query1672	0.0000
iprec_at_recall_0.60  	query1672	0.0000
iprec_at_recall_0.70  	query1672	0.0000
iprec_at_recall_0.80  	query1672	0.0000
iprec_at_recall_0.90  	query1672	0.0000
iprec_at_recall_1.00  	query1672	0.0000
P_5                   	query1672	0.2000
P_10                  	query1672	0.1000
P_15                  	query1672	0.0667
P_20                  	query1672	0.0500
P_30                  	query1672	0.0333
P_100                 	query1672	0.0100
P_200                 	query1672	0.0050
P_500                 	query1672	0.0020
P_1000                	query1672	0.0010
num_ret               	query1714	1
num_rel               	query1714	5
num_rel_ret           	query1714	0
map                   	query1714	0.0000
aqwv                  	query1714	0.0000
Rprec                 	query1714	0.0000
bpref                 	query1714	0.0000
recip_rank            	query1714	0.0000
iprec_at_recall_0.00  	query1714	0.0000
iprec_at_recall_0.10  	query1714	0.0000
iprec_at_recall_0.20  	query1714	0.0000
iprec_at_recall_0.30  	query1714	0.0000
iprec_at_recall_0.40  	query1714	0.0000
iprec_at_recall_0.50  	query1714	0.0000
iprec_at_recall_0.60  	query1714	0.0000
iprec_at_recall_0.70  	query1714	0.0000
iprec_at_recall_0.80  	query1714	0.0000
iprec_at_recall_0.90  	query1714	0.0000
iprec_at_recall_1.00  	query1714	0.0000
P_5                   	query1714	0.0000
P_10                  	query1714	0.0000
P_15                  	query1714	0.0000
P_20                  	query1714	0.0000
P_30                  	query1714	0.0000
P_100                 	query1714	0.0000
P_200                 	query1714	0.0000
P_500                 	query1714	0.0000
P_1000                	query1714	0.0000
num_ret               	query1719	3
num_rel               	query1719	3
num_rel_ret           	query1719	0
map                   	query1719	0.0000
aqwv                  	query1719	0.0000
Rprec                 	query1719	0.0000
bpref                 	query1719	0.0000
recip_rank            	query1719	0.0000
iprec_at_recall_0.00  	query1719	0.0000
iprec_at_recall_0.10  	query1719	0.0000
iprec_at_recall_0.20  	query1719	0.0000
iprec_at_recall_0.30  	query1719	0.0000
iprec_at_recall_0.40  	query1719	0.0000
iprec_at_recall_0.50  	query1719	0.0000
iprec_at_recall_0.60  	query1719	0.0000
iprec_at_recall_0.70  	query1719	0.0000
iprec_at_recall_0.80  	query1719	0.0000
iprec_at_recall_0.90  	query1719	0.0000
iprec_at_recall_1.00  	query1719	0.0000
P_5                   	query1719	0.0000
P_10                  	query1719	0.0000
P_15                  	query1719	0.0000
P_20                  	query1719	0.0000
P_30                  	query1719	0.0000
P_100                 	query1719	0.0000
P_200                 	query1719	0.0000
P_500                 	query1719	0.0000
P_1000                	query1719	0.0000
num_ret               	query1725	1
num_rel               	query1725	1
num_rel_ret           	query1725	0
map                   	query1725	0.0000
aqwv                  	query1725	0.0000
Rprec                 	query1725	0.0000
bpref                 	query1725	0.0000
recip_rank            	query1725	0.0000
iprec_at_recall_0.00  	query1725	0.0000
iprec_at_recall_0.10  	query1725	0.0000
iprec_at_recall_0.20  	query1725	0.0000
iprec_at_recall_0.30  	query1725	0.0000
iprec_at_recall_0.40  	query1725	0.0000
iprec_at_recall_0.50  	query1725	0.0000
iprec_at_recall_0.60  	query1725	0.0000
iprec_at_recall_0.70  	query1725	0.0000
iprec_at_recall_0.80  	query1725	0.0000
iprec_at_recall_0.90  	query1725	0.0000
iprec_at_recall_1.00  	query1725	0.0000
P_5                   	query1725	0.0000
P_10                  	query1725	0.0000
P_15                  	query1725	0.0000
P_20                  	query1725	0.0000
P_30                  	query1725	0.0000
P_100                 	query1725	0.0000
P_200                 	query1725	0.0000
P_500                 	query1725	0.0000
P_1000                	query1725	0.0000
num_ret               	query1744	4
num_rel               	query1744	2
num_rel_ret           	query1744	1
map                   	query1744	0.2500
aqwv                  	query1744	0.3723
Rprec                 	query1744	0.5000
bpref                 	query1744	0.5000
recip_rank            	query1744	0.5000
iprec_at_recall_0.00  	query1744	0.5000
iprec_at_recall_0.10  	query1744	0.5000
iprec_at_recall_0.20  	query1744	0.5000
iprec_at_recall_0.30  	query1744	0.5000
iprec_at_recall_0.40  	query1744	0.5000
iprec_at_recall_0.50  	query1744	0.5000
iprec_at_recall_0.60  	query1744	0.0000
iprec_at_recall_0.70  	query1744	0.0000
iprec_at_recall_0.80  	query1744	0.0000
iprec_at_recall_0.90  	query1744	0.0000
iprec_at_recall_1.00  	query1744	0.0000
P_5                   	query1744	0.2000
P_10                  	query1744	0.1000
P_15                  	query1744	0.0667
P_20                  	query1744	0.0500
P_30                  	query1744	0.0333
P_100                 	query1744	0.0100
P_200                 	query1744	0.0050
P_500                 	query1744	0.0020
P_1000                	query1744	0.0010
num_ret               	query1797	1
num_rel               	query1797	1
num_rel_ret           	query1797	0
map                   	query1797	0.0000
aqwv                  	query1797	0.0000
Rprec                 	query1797	0.0000
bpref                 	query1797	0.0000
recip_rank            	query1797	0.0000
iprec_at_recall_0.00  	query1797	0.0000
iprec_at_recall_0.10  	query1797	0.0000
iprec_at_recall_0.20  	query1797	0.0000
iprec_at_recall_0.30  	query1797	0.0000
iprec_at_recall_0.40  	query1797	0.0000
iprec_at_recall_0.50  	query1797	0.0000
iprec_at_recall_0.60  	query1797	0.0000
iprec_at_recall_0.70  	query1797	0.0000
iprec_at_recall_0.80  	query1797	0.0000
iprec_at_recall_0.90  	query1797	0.0000
iprec_at_recall_1.00  	query1797	0.0000
P_5                   	query1797	0.0000
P_10                  	query1797	0.0000
P_15                  	query1797	0.0000
P_20                  	query1797	0.0000
P_30                  	query1797	0.0000
P_100                 	query1797	0.0000
P_200                 	query1797	0.0000
P_500                 	query1797	0.0000
P_1000                	query1797	0.0000
num_ret               	query1885	1
num_rel               	query1885	2
num_rel_ret           	query1885	0
map                   	query1885	0.0000
aqwv                  	query1885	0.0000
Rprec                 	query1885	0.0000
bpref                 	query1885	0.0000
recip_rank            	query1885	0.0000
iprec_at_recall_0.00  	query1885	0.0000
iprec_at_recall_0.10  	query1885	0.0000
iprec_at_recall_0.20  	query1885	0.0000
iprec_at_recall_0.30  	query1885	0.0000
iprec_at_recall_0.40  	query1885	0.0000
iprec_at_recall_0.50  	query1885	0.0000
iprec_at_recall_0.60  	query1885	0.0000
iprec_at_recall_0.70  	query1885	0.0000
iprec_at_recall_0.80  	query1885	0.0000
iprec_at_recall_0.90  	query1885	0.0000
iprec_at_recall_1.00  	query1885	0.0000
P_5                   	query1885	0.0000
P_10                  	query1885	0.0000
P_15                  	query1885	0.0000
P_20                  	query1885	0.0000
P_30                  	query1885	0.0000
P_100                 	query1885	0.0000
P_200                 	query1885	0.0000
P_500                 	query1885	0.0000
P_1000                	query1885	0.0000
num_ret               	query1904	1
num_rel               	query1904	1
num_rel_ret           	query1904	1
map                   	query1904	1.0000
aqwv                  	query1904	1.0000
Rprec                 	query1904	1.0000
bpref                 	query1904	1.0000
recip_rank            	query1904	1.0000
iprec_at_recall_0.00  	query1904	1.0000
iprec_at_recall_0.10  	query1904	1.0000
iprec_at_recall_0.20  	query1904	1.0000
iprec_at_recall_0.30  	query1904	1.0000
iprec_at_recall_0.40  	query1904	1.0000
iprec_at_recall_0.50  	query1904	1.0000
iprec_at_recall_0.60  	query1904	1.0000
iprec_at_recall_0.70  	query1904	1.0000
iprec_at_recall_0.80  	query1904	1.0000
iprec_at_recall_0.90  	query1904	1.0000
iprec_at_recall_1.00  	query1904	1.0000
P_5                   	query1904	0.2000
P_10                  	query1904	0.1000
P_15                  	query1904	0.0667
P_20                  	query1904	0.0500
P_30                  	query1904	0.0333
P_100                 	query1904	0.0100
P_200                 	query1904	0.0050
P_500                 	query1904	0.0020
P_1000                	query1904	0.0010
num_ret               	query1933	1
num_rel               	query1933	1
num_rel_ret           	query1933	0
map                   	query1933	0.0000
aqwv                  	query1933	0.0000
Rprec                 	query1933	0.0000
bpref                 	query1933	0.0000
recip_rank            	query1933	0.0000
iprec_at_recall_0.00  	query1933	0.0000
iprec_at_recall_0.10  	query1933	0.0000
iprec_at_recall_0.20  	query1933	0.0000
iprec_at_recall_0.30  	query1933	0.0000
iprec_at_recall_0.40  	query1933	0.0000
iprec_at_recall_0.50  	query1933	0.0000
iprec_at_recall_0.60  	query1933	0.0000
iprec_at_recall_0.70  	query1933	0.0000
iprec_at_recall_0.80  	query1933	0.0000
iprec_at_recall_0.90  	query1933	0.0000
iprec_at_recall_1.00  	query1933	0.0000
P_5                   	query1933	0.0000
P_10                  	query1933	0.0000
P_15                  	query1933	0.0000
P_20                  	query1933	0.0000
P_30                  	query1933	0.0000
P_100                 	query1933	0.0000
P_200                 	query1933	0.0000
P_500                 	query1933	0.0000
P_1000                	query1933	0.0000
num_ret               	query2011	1
num_rel               	query2011	1
num_rel_ret           	query2011	0
map                   	query2011	0.0000
aqwv                  	query2011	0.0000
Rprec                 	query2011	0.0000
bpref                 	query2011	0.0000
recip_rank            	query2011	0.0000
iprec_at_recall_0.00  	query2011	0.0000
iprec_at_recall_0.10  	query2011	0.0000
iprec_at_recall_0.20  	query2011	0.0000
iprec_at_recall_0.30  	query2011	0.0000
iprec_at_recall_0.40  	query2011	0.0000
iprec_at_recall_0.50  	query2011	0.0000
iprec_at_recall_0.60  	query2011	0.0000
iprec_at_recall_0.70  	query2011	0.0000
iprec_at_recall_0.80  	query2011	0.0000
iprec_at_recall_0.90  	query2011	0.0000
iprec_at_recall_1.00  	query2011	0.0000
P_5                   	query2011	0.0000
P_10                  	query2011	0.0000
P_15                  	query2011	0.0000
P_20                  	query2011	0.0000
P_30                  	query2011	0.0000
P_100                 	query2011	0.0000
P_200                 	query2011	0.0000
P_500                 	query2011	0.0000
P_1000                	query2011	0.0000
num_ret               	query2031	1
num_rel               	query2031	2
num_rel_ret           	query2031	0
map                   	query2031	0.0000
aqwv                  	query2031	0.0000
Rprec                 	query2031	0.0000
bpref                 	query2031	0.0000
recip_rank            	query2031	0.0000
iprec_at_recall_0.00  	query2031	0.0000
iprec_at_recall_0.10  	query2031	0.0000
iprec_at_recall_0.20  	query2031	0.0000
iprec_at_recall_0.30  	query2031	0.0000
iprec_at_recall_0.40  	query2031	0.0000
iprec_at_recall_0.50  	query2031	0.0000
iprec_at_recall_0.60  	query2031	0.0000
iprec_at_recall_0.70  	query2031	0.0000
iprec_at_recall_0.80  	query2031	0.0000
iprec_at_recall_0.90  	query2031	0.0000
iprec_at_recall_1.00  	query2031	0.0000
P_5                   	query2031	0.0000
P_10                  	query2031	0.0000
P_15                  	query2031	0.0000
P_20                  	query2031	0.0000
P_30                  	query2031	0.0000
P_100                 	query2031	0.0000
P_200                 	query2031	0.0000
P_500                 	query2031	0.0000
P_1000                	query2031	0.0000
num_ret               	query2933	4
num_rel               	query2933	4
num_rel_ret           	query2933	1
map                   	query2933	0.1250
aqwv                  	query2933	0.1223
Rprec                 	query2933	0.2500
bpref                 	query2933	0.2500
recip_rank            	query2933	0.5000
iprec_at_recall_0.00  	query2933	0.5000
iprec_at_recall_0.10  	query2933	0.5000
iprec_at_recall_0.20  	query2933	0.5000
iprec_at_recall_0.30  	query2933	0.0000
iprec_at_recall_0.40  	query2933	0.0000
iprec_at_recall_0.50  	query2933	0.0000
iprec_at_recall_0.60  	query2933	0.0000
iprec_at_recall_0.70  	query2933	0.0000
iprec_at_recall_0.80  	query2933	0.0000
iprec_at_recall_0.90  	query2933	0.0000
iprec_at_recall_1.00  	query2933	0.0000
P_5                   	query2933	0.2000
P_10                  	query2933	0.1000
P_15                  	query2933	0.0667
P_20                  	query2933	0.0500
P_30                  	query2933	0.0333
P_100                 	query2933	0.0100
P_200                 	query2933	0.0050
P_500                 	query2933	0.0020
P_1000                	query2933	0.0010
num_ret               	query2958	2
num_rel               	query2958	2
num_rel_ret           	query2958	0
map                   	query2958	0.0000
aqwv                  	query2958	0.0000
Rprec                 	query2958	0.0000
bpref                 	query2958	0.0000
recip_rank            	query2958	0.0000
iprec_at_recall_0.00  	query2958	0.0000
iprec_at_recall_0.10  	query2958	0.0000
iprec_at_recall_0.20  	query2958	0.0000
iprec_at_recall_0.30  	query2958	0.0000
iprec_at_recall_0.40  	query2958	0.0000
iprec_at_recall_0.50  	query2958	0.0000
iprec_at_recall_0.60  	query2958	0.0000
iprec_at_recall_0.70  	query2958	0.0000
iprec_at_recall_0.80  	query2958	0.0000
iprec_at_recall_0.90  	query2958	0.0000
iprec_at_recall_1.00  	query2958	0.0000
P_5                   	query2958	0.0000
P_10                  	query2958	0.0000
P_15                  	query2958	0.0000
P_20                  	query2958	0.0000
P_30                  	query2958	0.0000
P_100                 	query2958	0.0000
P_200                 	query2958	0.0000
P_500                 	query2958	0.0000
P_1000                	query2958	0.0000
num_ret               	query3041	12
num_rel               	query3041	2
num_rel_ret           	query3041	1
map                   	query3041	0.0625
aqwv                  	query3041	0.0319
Rprec                 	query3041	0.0000
bpref                 	query3041	0.5000
recip_rank            	query3041	0.1250
iprec_at_recall_0.00  	query3041	0.1250
iprec_at_recall_0.10  	query3041	0.1250
iprec_at_recall_0.20  	query3041	0.1250
iprec_at_recall_0.30  	query3041	0.1250
iprec_at_recall_0.40  	query3041	0.1250
iprec_at_recall_0.50  	query3041	0.1250
iprec_at_recall_0.60  	query3041	0.0000
iprec_at_recall_0.70  	query3041	0.0000
iprec_at_recall_0.80  	query3041	0.0000
iprec_at_recall_0.90  	query3041	0.0000
iprec_at_recall_1.00  	query3041	0.0000
P_5                   	query3041	0.0000
P_10                  	query3041	0.1000
P_15                  	query3041	0.0667
P_20                  	query3041	0.0500
P_30                  	query3041	0.0333
P_100                 	query3041	0.0100
P_200                 	query3041	0.0050
P_500                 	query3041	0.0020
P_1000                	query3041	0.0010
num_ret               	query3054	2
num_rel               	query3054	2
num_rel_ret           	query3054	0
map                   	query3054	0.0000
aqwv                  	query3054	0.0000
Rprec                 	query3054	0.0000
bpref                 	query3054	0.0000
recip_rank            	query3054	0.0000
iprec_at_recall_0.00  	query3054	0.0000
iprec_at_recall_0.10  	query3054	0.0000
iprec_at_recall_0.20  	query3054	0.0000
iprec_at_recall_0.30  	query3054	0.0000
iprec_at_recall_0.40  	query3054	0.0000
iprec_at_recall_0.50  	query3054	0.0000
iprec_at_recall_0.60  	query3054	0.0000
iprec_at_recall_0.70  	query3054	0.0000
iprec_at_recall_0.80  	query3054	0.0000
iprec_at_recall_0.90  	query3054	0.0000
iprec_at_recall_1.00  	query3054	0.0000
P_5                   	query3054	0.0000
P_10                  	query3054	0.0000
P_15                  	query3054	0.0000
P_20                  	query3054	0.0000
P_30                  	query3054	0.0000
P_100                 	query3054	0.0000
P_200                 	query3054	0.0000
P_500                 	query3054	0.0000
P_1000                	query3054	0.0000
num_ret               	query3060	2
num_rel               	query3060	4
num_rel_ret           	query3060	0
map                   	query3060	0.0000
aqwv                  	query3060	0.0000
Rprec                 	query3060	0.0000
bpref                 	query3060	0.0000
recip_rank            	query3060	0.0000
iprec_at_recall_0.00  	query3060	0.0000
iprec_at_recall_0.10  	query3060	0.0000
iprec_at_recall_0.20  	query3060	0.0000
iprec_at_recall_0.30  	query3060	0.0000
iprec_at_recall_0.40  	query3060	0.0000
iprec_at_recall_0.50  	query3060	0.0000
iprec_at_recall_0.60  	query3060	0.0000
iprec_at_recall_0.70  	query3060	0.0000
iprec_at_recall_0.80  	query3060	0.0000
iprec_at_recall_0.90  	query3060	0.0000
iprec_at_recall_1.00  	query3060	0.0000
P_5                   	query3060	0.0000
P_10                  	query3060	0.0000
P_15                  	query3060	0.0000
P_20                  	query3060	0.0000
P_30                  	query3060	0.0000
P_100                 	query3060	0.0000
P_200                 	query3060	0.0000
P_500                 	query3060	0.0000
P_1000                	query3060	0.0000
num_ret               	query3201	5
num_rel               	query3201	2
num_rel_ret           	query3201	0
map                   	query3201	0.0000
aqwv                  	query3201	0.0000
Rprec                 	query3201	0.0000
bpref                 	query3201	0.0000
recip_rank            	query3201	0.0000
iprec_at_recall_0.00  	query3201	0.0000
iprec_at_recall_0.10  	query3201	0.0000
iprec_at_recall_0.20  	query3201	0.0000
iprec_at_recall_0.30  	query3201	0.0000
iprec_at_recall_0.40  	query3201	0.0000
iprec_at_recall_0.50  	query3201	0.0000
iprec_at_recall_0.60  	query3201	0.0000
iprec_at_recall_0.70  	query3201	0.0000
iprec_at_recall_0.80  	query3201	0.0000
iprec_at_recall_0.90  	query3201	0.0000
iprec_at_recall_1.00  	query3201	0.0000
P_5                   	query3201	0.0000
P_10                  	query3201	0.0000
P_15                  	query3201	0.0000
P_20                  	query3201	0.0000
P_30                  	query3201	0.0000
P_100                 	query3201	0.0000
P_200                 	query3201	0.0000
P_500                 	query3201	0.0000
P_1000                	query3201	0.0000
num_ret               	query3217	1
num_rel               	query3217	4
num_rel_ret           	query3217	0
map                   	query3217	0.0000
aqwv                  	query3217	0.0000
Rprec                 	query3217	0.0000
bpref                 	query3217	0.0000
recip_rank            	query3217	0.0000
iprec_at_recall_0.00  	query3217	0.0000
iprec_at_recall_0.10  	query3217	0.0000
iprec_at_recall_0.20  	query3217	0.0000
iprec_at_recall_0.30  	query3217	0.0000
iprec_at_recall_0.40  	query3217	0.0000
iprec_at_recall_0.50  	query3217	0.0000
iprec_at_recall_0.60  	query3217	0.0000
iprec_at_recall_0.70  	query3217	0.0000
iprec_at_recall_0.80  	query3217	0.0000
iprec_at_recall_0.90  	query3217	0.0000
iprec_at_recall_1.00  	query3217	0.0000
P_5                   	query3217	0.0000
P_10                  	query3217	0.0000
P_15                  	query3217	0.0000
P_20                  	query3217	0.0000
P_30                  	query3217	0.0000
P_100                 	query3217	0.0000
P_200                 	query3217	0.0000
P_500                 	query3217	0.0000
P_1000                	query3217	0.0000
num_ret               	query3309	12
num_rel               	query3309	1
num_rel_ret           	query3309	0
map                   	query3309	0.0000
aqwv                  	query3309	0.0000
Rprec                 	query3309	0.0000
bpref                 	query3309	0.0000
recip_rank            	query3309	0.0000
iprec_at_recall_0.00  	query3309	0.0000
iprec_at_recall_0.10  	query3309	0.0000
iprec_at_recall_0.20  	query3309	0.0000
iprec_at_recall_0.30  	query3309	0.0000
iprec_at_recall_0.40  	query3309	0.0000
iprec_at_recall_0.50  	query3309	0.0000
iprec_at_recall_0.60  	query3309	0.0000
iprec_at_recall_0.70  	query3309	0.0000
iprec_at_recall_0.80  	query3309	0.0000
iprec_at_recall_0.90  	query3309	0.0000
iprec_at_recall_1.00  	query3309	0.0000
P_5                   	query3309	0.0000
P_10                  	query3309	0.0000
P_15                  	query3309	0.0000
P_20                  	query3309	0.0000
P_30                  	query3309	0.0000
P_100                 	query3309	0.0000
P_200                 	query3309	0.0000
P_500                 	query3309	0.0000
P_1000                	query3309	0.0000
num_ret               	query3532	1
num_rel               	query3532	1
num_rel_ret           	query3532	0
map                   	query3532	0.0000
aqwv                  	query3532	0.0000
Rprec                 	query3532	0.0000
bpref                 	query3532	0.0000
recip_rank            	query3532	0.0000
iprec_at_recall_0.00  	query3532	0.0000
iprec_at_recall_0.10  	query3532	0.0000
iprec_at_recall_0.20  	query3532	0.0000
iprec_at_recall_0.30  	query3532	0.0000
iprec_at_recall_0.40  	query3532	0.0000
iprec_at_recall_0.50  	query3532	0.0000
iprec_at_recall_0.60  	query3532	0.0000
iprec_at_recall_0.70  	query3532	0.0000
iprec_at_recall_0.80  	query3532	0.0000
iprec_at_recall_0.90  	query3532	0.0000
iprec_at_recall_1.00  	query3532	0.0000
P_5                   	query3532	0.0000
P_10                  	query3532	0.0000
P_15                  	query3532	0.0000
P_20                  	query3532	0.0000
P_30                  	query3532	0.0000
P_100                 	query3532	0.0000
P_200                 	query3532	0.0000
P_500                 	query3532	0.0000
P_1000                	query3532	0.0000
num_ret               	query3736	1
num_rel               	query3736	1
num_rel_ret           	query3736	0
map                   	query3736	0.0000
aqwv                  	query3736	0.0000
Rprec                 	query3736	0.0000
bpref                 	query3736	0.0000
recip_rank            	query3736	0.0000
iprec_at_recall_0.00  	query3736	0.0000
iprec_at_recall_0.10  	query3736	0.0000
iprec_at_recall_0.20  	query3736	0.0000
iprec_at_recall_0.30  	query3736	0.0000
iprec_at_recall_0.40  	query3736	0.0000
iprec_at_recall_0.50  	query3736	0.0000
iprec_at_recall_0.60  	query3736	0.0000
iprec_at_recall_0.70  	query3736	0.0000
iprec_at_recall_0.80  	query3736	0.0000
iprec_at_recall_0.90  	query3736	0.0000
iprec_at_recall_1.00  	query3736	0.0000
P_5                   	query3736	0.0000
P_10                  	query3736	0.0000
P_15                  	query3736	0.0000
P_20                  	query3736	0.0000
P_30                  	query3736	0.0000
P_100                 	query3736	0.0000
P_200                 	query3736	0.0000
P_500                 	query3736	0.0000
P_1000                	query3736	0.0000
num_ret               	query3977	2
num_rel               	query3977	1
num_rel_ret           	query3977	0
map                   	query3977	0.0000
aqwv                  	query3977	0.0000
Rprec                 	query3977	0.0000
bpref                 	query3977	0.0000
recip_rank            	query3977	0.0000
iprec_at_recall_0.00  	query3977	0.0000
iprec_at_recall_0.10  	query3977	0.0000
iprec_at_recall_0.20  	query3977	0.0000
iprec_at_recall_0.30  	query3977	0.0000
iprec_at_recall_0.40  	query3977	0.0000
iprec_at_recall_0.50  	query3977	0.0000
iprec_at_recall_0.60  	query3977	0.0000
iprec_at_recall_0.70  	query3977	0.0000
iprec_at_recall_0.80  	query3977	0.0000
iprec_at_recall_0.90  	query3977	0.0000
iprec_at_recall_1.00  	query3977	0.0000
P_5                   	query3977	0.0000
P_10                  	query3977	0.0000
P_15                  	query3977	0.0000
P_20                  	query3977	0.0000
P_30                  	query3977	0.0000
P_100                 	query3977	0.0000
P_200                 	query3977	0.0000
P_500                 	query3977	0.0000
P_1000                	query3977	0.0000
num_ret               	query3998	2
num_rel               	query3998	1
num_rel_ret           	query3998	0
map                   	query3998	0.0000
aqwv                  	query3998	0.0000
Rprec                 	query3998	0.0000
bpref                 	query3998	0.0000
recip_rank            	query3998	0.0000
iprec_at_recall_0.00  	query3998	0.0000
iprec_at_recall_0.10  	query3998	0.0000
iprec_at_recall_0.20  	query3998	0.0000
iprec_at_recall_0.30  	query3998	0.0000
iprec_at_recall_0.40  	query3998	0.0000
iprec_at_recall_0.50  	query3998	0.0000
iprec_at_recall_0.60  	query3998	0.0000
iprec_at_recall_0.70  	query3998	0.0000
iprec_at_recall_0.80  	query3998	0.0000
iprec_at_recall_0.90  	query3998	0.0000
iprec_at_recall_1.00  	query3998	0.0000
P_5                   	query3998	0.0000
P_10                  	query3998	0.0000
P_15                  	query3998	0.0000
P_20                  	query3998	0.0000
P_30                  	query3998	0.0000
P_100                 	query3998	0.0000
P_200                 	query3998	0.0000
P_500                 	query3998	0.0000
P_1000                	query3998	0.0000
num_ret               	query4047	2
num_rel               	query4047	2
num_rel_ret           	query4047	0
map                   	query4047	0.0000
aqwv                  	query4047	0.0000
Rprec                 	query4047	0.0000
bpref                 	query4047	0.0000
recip_rank            	query4047	0.0000
iprec_at_recall_0.00  	query4047	0.0000
iprec_at_recall_0.10  	query4047	0.0000
iprec_at_recall_0.20  	query4047	0.0000
iprec_at_recall_0.30  	query4047	0.0000
iprec_at_recall_0.40  	query4047	0.0000
iprec_at_recall_0.50  	query4047	0.0000
iprec_at_recall_0.60  	query4047	0.0000
iprec_at_recall_0.70  	query4047	0.0000
iprec_at_recall_0.80  	query4047	0.0000
iprec_at_recall_0.90  	query4047	0.0000
iprec_at_recall_1.00  	query4047	0.0000
P_5                   	query4047	0.0000
P_10                  	query4047	0.0000
P_15                  	query4047	0.0000
P_20                  	query4047	0.0000
P_30                  	query4047	0.0000
P_100                 	query4047	0.0000
P_200                 	query4047	0.0000
P_500                 	query4047	0.0000
P_1000                	query4047	0.0000
num_ret               	query409	1
num_rel               	query409	3
num_rel_ret           	query409	0
map                   	query409	0.0000
aqwv                  	query409	0.0000
Rprec                 	query409	0.0000
bpref                 	query409	0.0000
recip_rank            	query409	0.0000
iprec_at_recall_0.00  	query409	0.0000
iprec_at_recall_0.10  	query409	0.0000
iprec_at_recall_0.20  	query409	0.0000
iprec_at_recall_0.30  	query409	0.0000
iprec_at_recall_0.40  	query409	0.0000
iprec_at_recall_0.50  	query409	0.0000
iprec_at_recall_0.60  	query409	0.0000
iprec_at_recall_0.70  	query409	0.0000
iprec_at_recall_0.80  	query409	0.0000
iprec_at_recall_0.90  	query409	0.0000
iprec_at_recall_1.00  	query409	0.0000
P_5                   	query409	0.0000
P_10                  	query409	0.0000
P_15                  	query409	0.0000
P_20                  	query409	0.0000
P_30                  	query409	0.0000
P_100                 	query409	0.0000
P_200                 	query409	0.0000
P_500                 	query409	0.0000
P_1000                	query409	0.0000
num_ret               	query498	1
num_rel               	query498	4
num_rel_ret           	query498	0
map                   	query498	0.0000
aqwv                  	query498	0.0000
Rprec                 	query498	0.0000
bpref                 	query498	0.0000
recip_rank            	query498	0.0000
iprec_at_recall_0.00  	query498	0.0000
iprec_at_recall_0.10  	query498	0.0000
iprec_at_recall_0.20  	query498	0.0000
iprec_at_recall_0.30  	query498	0.0000
iprec_at_recall_0.40  	query498	0.0000
iprec_at_recall_0.50  	query498	0.0000
iprec_at_recall_0.60  	query498	0.0000
iprec_at_recall_0.70  	query498	0.0000
iprec_at_recall_0.80  	query498	0.0000
iprec_at_recall_0.90  	query498	0.0000
iprec_at_recall_1.00  	query498	0.0000
P_5                   	query498	0.0000
P_10                  	query498	0.0000
P_15                  	query498	0.0000
P_20                  	query498	0.0000
P_30                  	query498	0.0000
P_100                 	query498	0.0000
P_200                 	query498	0.0000
P_500                 	query498	0.0000
P_1000                	query498	0.0000
runid                 	all	indri
num_q                 	all	44
num_ret               	all	106
num_rel               	all	125
num_rel_ret           	all	13
map                   	all	0.1419
aqwv                  	all	0.1328
gm_map                	all	0.0001
Rprec                 	all	0.1477
bpref                 	all	0.1667
recip_rank            	all	0.1903
iprec_at_recall_0.00  	all	0.1938
iprec_at_recall_0.10  	all	0.1938
iprec_at_recall_0.20  	all	0.1847
iprec_at_recall_0.30  	all	0.1506
iprec_at_recall_0.40  	all	0.1392
iprec_at_recall_0.50  	all	0.1392
iprec_at_recall_0.60  	all	0.1250
iprec_at_recall_0.70  	all	0.1250
iprec_at_recall_0.80  	all	0.1136
iprec_at_recall_0.90  	all	0.1136
iprec_at_recall_1.00  	all	0.1136
P_5                   	all	0.0545
P_10                  	all	0.0295
P_15                  	all	0.0197
P_20                  	all	0.0148
P_30                  	all	0.0098
P_100                 	all	0.0030
P_200                 	all	0.0015
P_500                 	all	0.0006
P_1000                	all	0.0003
