num_ret               	query1056	3
num_rel               	query1056	2
num_rel_ret           	query1056	2
map                   	query1056	1.0000
aqwv                  	query1056	0.9574
Rprec                 	query1056	1.0000
bpref                 	query1056	1.0000
recip_rank            	query1056	1.0000
iprec_at_recall_0.00  	query1056	1.0000
iprec_at_recall_0.10  	query1056	1.0000
iprec_at_recall_0.20  	query1056	1.0000
iprec_at_recall_0.30  	query1056	1.0000
iprec_at_recall_0.40  	query1056	1.0000
iprec_at_recall_0.50  	query1056	1.0000
iprec_at_recall_0.60  	query1056	1.0000
iprec_at_recall_0.70  	query1056	1.0000
iprec_at_recall_0.80  	query1056	1.0000
iprec_at_recall_0.90  	query1056	1.0000
iprec_at_recall_1.00  	query1056	1.0000
P_5                   	query1056	0.4000
P_10                  	query1056	0.2000
P_15                  	query1056	0.1333
P_20                  	query1056	0.1000
P_30                  	query1056	0.0667
P_100                 	query1056	0.0200
P_200                 	query1056	0.0100
P_500                 	query1056	0.0040
P_1000                	query1056	0.0020
num_ret               	query1501	5
num_rel               	query1501	1
num_rel_ret           	query1501	0
map                   	query1501	0.0000
aqwv                  	query1501	0.0000
Rprec                 	query1501	0.0000
bpref                 	query1501	0.0000
recip_rank            	query1501	0.0000
iprec_at_recall_0.00  	query1501	0.0000
iprec_at_recall_0.10  	query1501	0.0000
iprec_at_recall_0.20  	query1501	0.0000
iprec_at_recall_0.30  	query1501	0.0000
iprec_at_recall_0.40  	query1501	0.0000
iprec_at_recall_0.50  	query1501	0.0000
iprec_at_recall_0.60  	query1501	0.0000
iprec_at_recall_0.70  	query1501	0.0000
iprec_at_recall_0.80  	query1501	0.0000
iprec_at_recall_0.90  	query1501	0.0000
iprec_at_recall_1.00  	query1501	0.0000
P_5                   	query1501	0.0000
P_10                  	query1501	0.0000
P_15                  	query1501	0.0000
P_20                  	query1501	0.0000
P_30                  	query1501	0.0000
P_100                 	query1501	0.0000
P_200                 	query1501	0.0000
P_500                 	query1501	0.0000
P_1000                	query1501	0.0000
num_ret               	query1635	2
num_rel               	query1635	1
num_rel_ret           	query1635	0
map                   	query1635	0.0000
aqwv                  	query1635	0.0000
Rprec                 	query1635	0.0000
bpref                 	query1635	0.0000
recip_rank            	query1635	0.0000
iprec_at_recall_0.00  	query1635	0.0000
iprec_at_recall_0.10  	query1635	0.0000
iprec_at_recall_0.20  	query1635	0.0000
iprec_at_recall_0.30  	query1635	0.0000
iprec_at_recall_0.40  	query1635	0.0000
iprec_at_recall_0.50  	query1635	0.0000
iprec_at_recall_0.60  	query1635	0.0000
iprec_at_recall_0.70  	query1635	0.0000
iprec_at_recall_0.80  	query1635	0.0000
iprec_at_recall_0.90  	query1635	0.0000
iprec_at_recall_1.00  	query1635	0.0000
P_5                   	query1635	0.0000
P_10                  	query1635	0.0000
P_15                  	query1635	0.0000
P_20                  	query1635	0.0000
P_30                  	query1635	0.0000
P_100                 	query1635	0.0000
P_200                 	query1635	0.0000
P_500                 	query1635	0.0000
P_1000                	query1635	0.0000
num_ret               	query1975	5
num_rel               	query1975	1
num_rel_ret           	query1975	0
map                   	query1975	0.0000
aqwv                  	query1975	0.0000
Rprec                 	query1975	0.0000
bpref                 	query1975	0.0000
recip_rank            	query1975	0.0000
iprec_at_recall_0.00  	query1975	0.0000
iprec_at_recall_0.10  	query1975	0.0000
iprec_at_recall_0.20  	query1975	0.0000
iprec_at_recall_0.30  	query1975	0.0000
iprec_at_recall_0.40  	query1975	0.0000
iprec_at_recall_0.50  	query1975	0.0000
iprec_at_recall_0.60  	query1975	0.0000
iprec_at_recall_0.70  	query1975	0.0000
iprec_at_recall_0.80  	query1975	0.0000
iprec_at_recall_0.90  	query1975	0.0000
iprec_at_recall_1.00  	query1975	0.0000
P_5                   	query1975	0.0000
P_10                  	query1975	0.0000
P_15                  	query1975	0.0000
P_20                  	query1975	0.0000
P_30                  	query1975	0.0000
P_100                 	query1975	0.0000
P_200                 	query1975	0.0000
P_500                 	query1975	0.0000
P_1000                	query1975	0.0000
num_ret               	query1993	2
num_rel               	query1993	3
num_rel_ret           	query1993	0
map                   	query1993	0.0000
aqwv                  	query1993	0.0000
Rprec                 	query1993	0.0000
bpref                 	query1993	0.0000
recip_rank            	query1993	0.0000
iprec_at_recall_0.00  	query1993	0.0000
iprec_at_recall_0.10  	query1993	0.0000
iprec_at_recall_0.20  	query1993	0.0000
iprec_at_recall_0.30  	query1993	0.0000
iprec_at_recall_0.40  	query1993	0.0000
iprec_at_recall_0.50  	query1993	0.0000
iprec_at_recall_0.60  	query1993	0.0000
iprec_at_recall_0.70  	query1993	0.0000
iprec_at_recall_0.80  	query1993	0.0000
iprec_at_recall_0.90  	query1993	0.0000
iprec_at_recall_1.00  	query1993	0.0000
P_5                   	query1993	0.0000
P_10                  	query1993	0.0000
P_15                  	query1993	0.0000
P_20                  	query1993	0.0000
P_30                  	query1993	0.0000
P_100                 	query1993	0.0000
P_200                 	query1993	0.0000
P_500                 	query1993	0.0000
P_1000                	query1993	0.0000
num_ret               	query2032	5
num_rel               	query2032	2
num_rel_ret           	query2032	1
map                   	query2032	0.1250
aqwv                  	query2032	0.3298
Rprec                 	query2032	0.0000
bpref                 	query2032	0.5000
recip_rank            	query2032	0.2500
iprec_at_recall_0.00  	query2032	0.2500
iprec_at_recall_0.10  	query2032	0.2500
iprec_at_recall_0.20  	query2032	0.2500
iprec_at_recall_0.30  	query2032	0.2500
iprec_at_recall_0.40  	query2032	0.2500
iprec_at_recall_0.50  	query2032	0.2500
iprec_at_recall_0.60  	query2032	0.0000
iprec_at_recall_0.70  	query2032	0.0000
iprec_at_recall_0.80  	query2032	0.0000
iprec_at_recall_0.90  	query2032	0.0000
iprec_at_recall_1.00  	query2032	0.0000
P_5                   	query2032	0.2000
P_10                  	query2032	0.1000
P_15                  	query2032	0.0667
P_20                  	query2032	0.0500
P_30                  	query2032	0.0333
P_100                 	query2032	0.0100
P_200                 	query2032	0.0050
P_500                 	query2032	0.0020
P_1000                	query2032	0.0010
num_ret               	query3215	5
num_rel               	query3215	1
num_rel_ret           	query3215	0
map                   	query3215	0.0000
aqwv                  	query3215	0.0000
Rprec                 	query3215	0.0000
bpref                 	query3215	0.0000
recip_rank            	query3215	0.0000
iprec_at_recall_0.00  	query3215	0.0000
iprec_at_recall_0.10  	query3215	0.0000
iprec_at_recall_0.20  	query3215	0.0000
iprec_at_recall_0.30  	query3215	0.0000
iprec_at_recall_0.40  	query3215	0.0000
iprec_at_recall_0.50  	query3215	0.0000
iprec_at_recall_0.60  	query3215	0.0000
iprec_at_recall_0.70  	query3215	0.0000
iprec_at_recall_0.80  	query3215	0.0000
iprec_at_recall_0.90  	query3215	0.0000
iprec_at_recall_1.00  	query3215	0.0000
P_5                   	query3215	0.0000
P_10                  	query3215	0.0000
P_15                  	query3215	0.0000
P_20                  	query3215	0.0000
P_30                  	query3215	0.0000
P_100                 	query3215	0.0000
P_200                 	query3215	0.0000
P_500                 	query3215	0.0000
P_1000                	query3215	0.0000
runid                 	all	indri
num_q                 	all	150
num_ret               	all	27
num_rel               	all	11
num_rel_ret           	all	3
map                   	all	0.0075
aqwv                  	all	0.0086
gm_map                	all	0.0000
Rprec                 	all	0.0067
bpref                 	all	0.0100
recip_rank            	all	0.0083
iprec_at_recall_0.00  	all	0.0083
iprec_at_recall_0.10  	all	0.0083
iprec_at_recall_0.20  	all	0.0083
iprec_at_recall_0.30  	all	0.0083
iprec_at_recall_0.40  	all	0.0083
iprec_at_recall_0.50  	all	0.0083
iprec_at_recall_0.60  	all	0.0067
iprec_at_recall_0.70  	all	0.0067
iprec_at_recall_0.80  	all	0.0067
iprec_at_recall_0.90  	all	0.0067
iprec_at_recall_1.00  	all	0.0067
P_5                   	all	0.0040
P_10                  	all	0.0020
P_15                  	all	0.0013
P_20                  	all	0.0010
P_30                  	all	0.0007
P_100                 	all	0.0002
P_200                 	all	0.0001
P_500                 	all	0.0000
P_1000                	all	0.0000
